2025-05-15 18:02:52 [34mINFO [0;39m
				[36m[background-preinit][0;39m [35mo.h.validator.internal.util.Version[0;39m - HV000001: Hibernate Validator 8.0.2.Final
2025-05-15 18:02:52 [34mINFO [0;39m
				[36m[main][0;39m [35mb.c.m.bancom.BancoMApplication[0;39m - Starting BancoMApplication using Java 21.0.6 with PID 7904 (C:\Users\Marcielli\eclipse-workspace\bancom\target\classes started by Marcielli in C:\Users\Marcielli\eclipse-workspace\bancom)
2025-05-15 18:02:52 [34mINFO [0;39m
				[36m[main][0;39m [35mb.c.m.bancom.BancoMApplication[0;39m - No active profile set, falling back to 1 default profile: "default"
2025-05-15 18:02:53 [34mINFO [0;39m
				[36m[main][0;39m [35mo.a.coyote.http11.Http11NioProtocol[0;39m - Initializing ProtocolHandler ["http-nio-8087"]
2025-05-15 18:02:53 [34mINFO [0;39m
				[36m[main][0;39m [35mo.a.catalina.core.StandardService[0;39m - Starting service [Tomcat]
2025-05-15 18:02:53 [34mINFO [0;39m
				[36m[main][0;39m [35mo.a.catalina.core.StandardEngine[0;39m - Starting Servlet engine: [Apache Tomcat/10.1.40]
2025-05-15 18:02:53 [34mINFO [0;39m
				[36m[main][0;39m [35mo.a.c.c.C.[Tomcat].[localhost].[/][0;39m - Initializing Spring embedded WebApplicationContext
2025-05-15 18:02:53 [34mINFO [0;39m
				[36m[main][0;39m [35mcom.zaxxer.hikari.HikariDataSource[0;39m - HikariPool-1 - Starting...
2025-05-15 18:02:53 [34mINFO [0;39m
				[36m[main][0;39m [35mcom.zaxxer.hikari.pool.HikariPool[0;39m - HikariPool-1 - Added connection org.postgresql.jdbc.PgConnection@14b528b6
2025-05-15 18:02:53 [34mINFO [0;39m
				[36m[main][0;39m [35mcom.zaxxer.hikari.HikariDataSource[0;39m - HikariPool-1 - Start completed.
2025-05-15 18:02:53 [34mINFO [0;39m
				[36m[main][0;39m [35mo.s.s.c.a.a.c.InitializeUserDetailsBeanManagerConfigurer$InitializeUserDetailsManagerConfigurer[0;39m - Global AuthenticationManager configured with UserDetailsService bean with name userClienteService
2025-05-15 18:02:54 [39mDEBUG[0;39m
				[36m[main][0;39m [35mo.s.s.web.DefaultSecurityFilterChain[0;39m - Will secure any request with filters: DisableEncodeUrlFilter, WebAsyncManagerIntegrationFilter, SecurityContextHolderFilter, HeaderWriterFilter, LogoutFilter, JwtAuthFilter, RequestCacheAwareFilter, SecurityContextHolderAwareRequestFilter, AnonymousAuthenticationFilter, SessionManagementFilter, ExceptionTranslationFilter, AuthorizationFilter
2025-05-15 18:02:54 [34mINFO [0;39m
				[36m[main][0;39m [35mo.a.coyote.http11.Http11NioProtocol[0;39m - Starting ProtocolHandler ["http-nio-8087"]
2025-05-15 18:02:54 [34mINFO [0;39m
				[36m[main][0;39m [35mb.c.m.bancom.BancoMApplication[0;39m - Started BancoMApplication in 2.605 seconds (process running for 2.835)
2025-05-15 18:03:03 [34mINFO [0;39m
				[36m[http-nio-8087-exec-2][0;39m [35mo.a.c.c.C.[Tomcat].[localhost].[/][0;39m - Initializing Spring DispatcherServlet 'dispatcherServlet'
2025-05-15 18:03:03 [39mDEBUG[0;39m
				[36m[http-nio-8087-exec-2][0;39m [35mo.s.security.web.FilterChainProxy[0;39m - Securing GET /seguros
2025-05-15 18:03:03 [34mINFO [0;39m
				[36m[http-nio-8087-exec-2][0;39m [35mb.c.m.bancom.filter.JwtAuthFilter[0;39m - Processando requisição para: /seguros
2025-05-15 18:03:03 [39mDEBUG[0;39m
				[36m[http-nio-8087-exec-2][0;39m [35mo.s.security.web.FilterChainProxy[0;39m - Secured GET /seguros
2025-05-15 18:03:06 [39mDEBUG[0;39m
				[36m[http-nio-8087-exec-3][0;39m [35mo.s.security.web.FilterChainProxy[0;39m - Securing GET /seguros/1
2025-05-15 18:03:06 [34mINFO [0;39m
				[36m[http-nio-8087-exec-3][0;39m [35mb.c.m.bancom.filter.JwtAuthFilter[0;39m - Processando requisição para: /seguros/1
2025-05-15 18:03:06 [39mDEBUG[0;39m
				[36m[http-nio-8087-exec-3][0;39m [35mo.s.security.web.FilterChainProxy[0;39m - Secured GET /seguros/1
2025-05-15 18:03:10 [39mDEBUG[0;39m
				[36m[http-nio-8087-exec-4][0;39m [35mo.s.security.web.FilterChainProxy[0;39m - Securing GET /seguros/1/apolice
2025-05-15 18:03:10 [34mINFO [0;39m
				[36m[http-nio-8087-exec-4][0;39m [35mb.c.m.bancom.filter.JwtAuthFilter[0;39m - Processando requisição para: /seguros/1/apolice
2025-05-15 18:03:10 [39mDEBUG[0;39m
				[36m[http-nio-8087-exec-4][0;39m [35mo.s.security.web.FilterChainProxy[0;39m - Secured GET /seguros/1/apolice
2025-05-15 18:03:15 [39mDEBUG[0;39m
				[36m[http-nio-8087-exec-5][0;39m [35mo.s.security.web.FilterChainProxy[0;39m - Securing POST /seguros
2025-05-15 18:03:15 [34mINFO [0;39m
				[36m[http-nio-8087-exec-5][0;39m [35mb.c.m.bancom.filter.JwtAuthFilter[0;39m - Processando requisição para: /seguros
2025-05-15 18:03:15 [39mDEBUG[0;39m
				[36m[http-nio-8087-exec-5][0;39m [35mo.s.security.web.FilterChainProxy[0;39m - Secured POST /seguros
2025-05-15 18:03:20 [39mDEBUG[0;39m
				[36m[http-nio-8087-exec-6][0;39m [35mo.s.security.web.FilterChainProxy[0;39m - Securing GET /seguros
2025-05-15 18:03:20 [34mINFO [0;39m
				[36m[http-nio-8087-exec-6][0;39m [35mb.c.m.bancom.filter.JwtAuthFilter[0;39m - Processando requisição para: /seguros
2025-05-15 18:03:20 [39mDEBUG[0;39m
				[36m[http-nio-8087-exec-6][0;39m [35mo.s.security.web.FilterChainProxy[0;39m - Secured GET /seguros
2025-05-15 18:03:35 [39mDEBUG[0;39m
				[36m[http-nio-8087-exec-7][0;39m [35mo.s.security.web.FilterChainProxy[0;39m - Securing DELETE /seguros/1
2025-05-15 18:03:35 [34mINFO [0;39m
				[36m[http-nio-8087-exec-7][0;39m [35mb.c.m.bancom.filter.JwtAuthFilter[0;39m - Processando requisição para: /seguros/1
2025-05-15 18:03:35 [39mDEBUG[0;39m
				[36m[http-nio-8087-exec-7][0;39m [35mo.s.security.web.FilterChainProxy[0;39m - Secured DELETE /seguros/1
2025-05-15 18:03:40 [39mDEBUG[0;39m
				[36m[http-nio-8087-exec-8][0;39m [35mo.s.security.web.FilterChainProxy[0;39m - Securing GET /seguros
2025-05-15 18:03:40 [34mINFO [0;39m
				[36m[http-nio-8087-exec-8][0;39m [35mb.c.m.bancom.filter.JwtAuthFilter[0;39m - Processando requisição para: /seguros
2025-05-15 18:03:40 [39mDEBUG[0;39m
				[36m[http-nio-8087-exec-8][0;39m [35mo.s.security.web.FilterChainProxy[0;39m - Secured GET /seguros
2025-05-15 18:15:44 [34mINFO [0;39m
				[36m[background-preinit][0;39m [35mo.h.validator.internal.util.Version[0;39m - HV000001: Hibernate Validator 8.0.2.Final
2025-05-15 18:15:44 [34mINFO [0;39m
				[36m[main][0;39m [35mb.c.m.bancom.BancoMApplication[0;39m - Starting BancoMApplication using Java 21.0.6 with PID 7124 (C:\Users\Marcielli\eclipse-workspace\bancom\target\classes started by Marcielli in C:\Users\Marcielli\eclipse-workspace\bancom)
2025-05-15 18:15:44 [34mINFO [0;39m
				[36m[main][0;39m [35mb.c.m.bancom.BancoMApplication[0;39m - No active profile set, falling back to 1 default profile: "default"
2025-05-15 18:15:45 [34mINFO [0;39m
				[36m[main][0;39m [35mo.a.coyote.http11.Http11NioProtocol[0;39m - Initializing ProtocolHandler ["http-nio-8087"]
2025-05-15 18:15:45 [34mINFO [0;39m
				[36m[main][0;39m [35mo.a.catalina.core.StandardService[0;39m - Starting service [Tomcat]
2025-05-15 18:15:45 [34mINFO [0;39m
				[36m[main][0;39m [35mo.a.catalina.core.StandardEngine[0;39m - Starting Servlet engine: [Apache Tomcat/10.1.40]
2025-05-15 18:15:45 [34mINFO [0;39m
				[36m[main][0;39m [35mo.a.c.c.C.[Tomcat].[localhost].[/][0;39m - Initializing Spring embedded WebApplicationContext
2025-05-15 18:15:45 [34mINFO [0;39m
				[36m[main][0;39m [35mcom.zaxxer.hikari.HikariDataSource[0;39m - HikariPool-1 - Starting...
2025-05-15 18:15:45 [34mINFO [0;39m
				[36m[main][0;39m [35mcom.zaxxer.hikari.pool.HikariPool[0;39m - HikariPool-1 - Added connection org.postgresql.jdbc.PgConnection@7d2c345d
2025-05-15 18:15:45 [34mINFO [0;39m
				[36m[main][0;39m [35mcom.zaxxer.hikari.HikariDataSource[0;39m - HikariPool-1 - Start completed.
2025-05-15 18:15:45 [34mINFO [0;39m
				[36m[main][0;39m [35mo.s.s.c.a.a.c.InitializeUserDetailsBeanManagerConfigurer$InitializeUserDetailsManagerConfigurer[0;39m - Global AuthenticationManager configured with UserDetailsService bean with name userClienteService
2025-05-15 18:15:46 [39mDEBUG[0;39m
				[36m[main][0;39m [35mo.s.s.web.DefaultSecurityFilterChain[0;39m - Will secure any request with filters: DisableEncodeUrlFilter, WebAsyncManagerIntegrationFilter, SecurityContextHolderFilter, HeaderWriterFilter, LogoutFilter, JwtAuthFilter, RequestCacheAwareFilter, SecurityContextHolderAwareRequestFilter, AnonymousAuthenticationFilter, SessionManagementFilter, ExceptionTranslationFilter, AuthorizationFilter
2025-05-15 18:15:46 [34mINFO [0;39m
				[36m[main][0;39m [35mo.a.coyote.http11.Http11NioProtocol[0;39m - Starting ProtocolHandler ["http-nio-8087"]
2025-05-15 18:15:46 [34mINFO [0;39m
				[36m[main][0;39m [35mb.c.m.bancom.BancoMApplication[0;39m - Started BancoMApplication in 2.802 seconds (process running for 3.035)
2025-05-15 18:15:51 [34mINFO [0;39m
				[36m[http-nio-8087-exec-1][0;39m [35mo.a.c.c.C.[Tomcat].[localhost].[/][0;39m - Initializing Spring DispatcherServlet 'dispatcherServlet'
2025-05-15 18:15:51 [39mDEBUG[0;39m
				[36m[http-nio-8087-exec-1][0;39m [35mo.s.security.web.FilterChainProxy[0;39m - Securing GET /users
2025-05-15 18:15:51 [34mINFO [0;39m
				[36m[http-nio-8087-exec-1][0;39m [35mb.c.m.bancom.filter.JwtAuthFilter[0;39m - Processando requisição para: /users
2025-05-15 18:15:51 [39mDEBUG[0;39m
				[36m[http-nio-8087-exec-1][0;39m [35mo.s.security.web.FilterChainProxy[0;39m - Secured GET /users
2025-05-15 18:15:51 [34mINFO [0;39m
				[36m[http-nio-8087-exec-1][0;39m [35mb.c.marcielli.bancom.dao.ClienteDao[0;39m - Iniciando processamento do cliente: Cliente ID: 1
2025-05-15 18:15:51 [34mINFO [0;39m
				[36m[http-nio-8087-exec-1][0;39m [35mb.c.marcielli.bancom.dao.ClienteDao[0;39m - Iniciando processamento da conta: Conta ID: 1
2025-05-15 18:15:51 [34mINFO [0;39m
				[36m[http-nio-8087-exec-1][0;39m [35mb.c.marcielli.bancom.dao.ClienteDao[0;39m - Iniciando processamento do cartão: Cartão ID: 1
2025-05-15 18:15:51 [34mINFO [0;39m
				[36m[http-nio-8087-exec-1][0;39m [35mb.c.marcielli.bancom.dao.ClienteDao[0;39m - Iniciando processamento da transferência enviada: Transferência ID: 2
2025-05-15 18:15:51 [34mINFO [0;39m
				[36m[http-nio-8087-exec-1][0;39m [35mb.c.marcielli.bancom.dao.ClienteDao[0;39m - Iniciando processamento do cliente: Cliente ID: 1
2025-05-15 18:15:51 [34mINFO [0;39m
				[36m[http-nio-8087-exec-1][0;39m [35mb.c.marcielli.bancom.dao.ClienteDao[0;39m - Iniciando processamento da conta: Conta ID: 1
2025-05-15 18:15:51 [34mINFO [0;39m
				[36m[http-nio-8087-exec-1][0;39m [35mb.c.marcielli.bancom.dao.ClienteDao[0;39m - Iniciando processamento da transferência enviada: Transferência ID: 1
2025-05-15 18:15:51 [34mINFO [0;39m
				[36m[http-nio-8087-exec-1][0;39m [35mb.c.marcielli.bancom.dao.ClienteDao[0;39m - Iniciando processamento do cliente: Cliente ID: 1
2025-05-15 18:15:51 [34mINFO [0;39m
				[36m[http-nio-8087-exec-1][0;39m [35mb.c.marcielli.bancom.dao.ClienteDao[0;39m - Iniciando processamento da conta: Conta ID: 1
2025-05-15 18:15:51 [34mINFO [0;39m
				[36m[http-nio-8087-exec-1][0;39m [35mb.c.marcielli.bancom.dao.ClienteDao[0;39m - Iniciando processamento da transferência enviada: Transferência ID: 4
2025-05-15 18:15:51 [34mINFO [0;39m
				[36m[http-nio-8087-exec-1][0;39m [35mb.c.marcielli.bancom.dao.ClienteDao[0;39m - Iniciando processamento do cliente: Cliente ID: 1
2025-05-15 18:15:51 [34mINFO [0;39m
				[36m[http-nio-8087-exec-1][0;39m [35mb.c.marcielli.bancom.dao.ClienteDao[0;39m - Iniciando processamento da conta: Conta ID: 1
2025-05-15 18:15:51 [34mINFO [0;39m
				[36m[http-nio-8087-exec-1][0;39m [35mb.c.marcielli.bancom.dao.ClienteDao[0;39m - Iniciando processamento da transferência enviada: Transferência ID: 3
2025-05-15 18:15:51 [34mINFO [0;39m
				[36m[http-nio-8087-exec-1][0;39m [35mb.c.marcielli.bancom.dao.ClienteDao[0;39m - Iniciando processamento do cliente: Cliente ID: 1
2025-05-15 18:15:51 [34mINFO [0;39m
				[36m[http-nio-8087-exec-1][0;39m [35mb.c.marcielli.bancom.dao.ClienteDao[0;39m - Iniciando processamento da conta: Conta ID: 1
2025-05-15 18:15:51 [34mINFO [0;39m
				[36m[http-nio-8087-exec-1][0;39m [35mb.c.marcielli.bancom.dao.ClienteDao[0;39m - Iniciando processamento da transferência enviada: Transferência ID: 5
2025-05-15 18:15:51 [34mINFO [0;39m
				[36m[http-nio-8087-exec-1][0;39m [35mb.c.marcielli.bancom.dao.ClienteDao[0;39m - Iniciando processamento do cliente: Cliente ID: 1
2025-05-15 18:15:51 [34mINFO [0;39m
				[36m[http-nio-8087-exec-1][0;39m [35mb.c.marcielli.bancom.dao.ClienteDao[0;39m - Iniciando processamento da conta: Conta ID: 1
2025-05-15 18:15:51 [34mINFO [0;39m
				[36m[http-nio-8087-exec-1][0;39m [35mb.c.marcielli.bancom.dao.ClienteDao[0;39m - Iniciando processamento da transferência enviada: Transferência ID: 8
2025-05-15 18:15:51 [34mINFO [0;39m
				[36m[http-nio-8087-exec-1][0;39m [35mb.c.marcielli.bancom.dao.ClienteDao[0;39m - Iniciando processamento do cliente: Cliente ID: 1
2025-05-15 18:15:51 [34mINFO [0;39m
				[36m[http-nio-8087-exec-1][0;39m [35mb.c.marcielli.bancom.dao.ClienteDao[0;39m - Iniciando processamento da conta: Conta ID: 1
2025-05-15 18:15:51 [34mINFO [0;39m
				[36m[http-nio-8087-exec-1][0;39m [35mb.c.marcielli.bancom.dao.ClienteDao[0;39m - Iniciando processamento da transferência enviada: Transferência ID: 7
2025-05-15 18:15:51 [34mINFO [0;39m
				[36m[http-nio-8087-exec-1][0;39m [35mb.c.marcielli.bancom.dao.ClienteDao[0;39m - Iniciando processamento do cliente: Cliente ID: 1
2025-05-15 18:15:51 [34mINFO [0;39m
				[36m[http-nio-8087-exec-1][0;39m [35mb.c.marcielli.bancom.dao.ClienteDao[0;39m - Iniciando processamento da conta: Conta ID: 1
2025-05-15 18:15:51 [34mINFO [0;39m
				[36m[http-nio-8087-exec-1][0;39m [35mb.c.marcielli.bancom.dao.ClienteDao[0;39m - Iniciando processamento da transferência enviada: Transferência ID: 6
2025-05-15 18:15:51 [34mINFO [0;39m
				[36m[http-nio-8087-exec-1][0;39m [35mb.c.marcielli.bancom.dao.ClienteDao[0;39m - Iniciando processamento do cliente: Cliente ID: 1
2025-05-15 18:15:51 [34mINFO [0;39m
				[36m[http-nio-8087-exec-1][0;39m [35mb.c.marcielli.bancom.dao.ClienteDao[0;39m - Iniciando processamento da conta: Conta ID: 1
2025-05-15 18:15:51 [34mINFO [0;39m
				[36m[http-nio-8087-exec-1][0;39m [35mb.c.marcielli.bancom.dao.ClienteDao[0;39m - Iniciando processamento da transferência enviada: Transferência ID: 9
2025-05-15 18:15:51 [34mINFO [0;39m
				[36m[http-nio-8087-exec-1][0;39m [35mb.c.marcielli.bancom.dao.ClienteDao[0;39m - Iniciando processamento do cliente: Cliente ID: 2
2025-05-15 18:15:51 [34mINFO [0;39m
				[36m[http-nio-8087-exec-1][0;39m [35mb.c.marcielli.bancom.dao.ClienteDao[0;39m - Iniciando processamento da conta: Conta ID: 2
2025-05-15 18:15:51 [34mINFO [0;39m
				[36m[http-nio-8087-exec-1][0;39m [35mb.c.marcielli.bancom.dao.ClienteDao[0;39m - Iniciando processamento do cartão: Cartão ID: 2
2025-05-15 18:15:51 [34mINFO [0;39m
				[36m[http-nio-8087-exec-1][0;39m [35mb.c.marcielli.bancom.dao.ClienteDao[0;39m - Iniciando processamento do cliente: Cliente ID: 2
2025-05-15 18:15:51 [34mINFO [0;39m
				[36m[http-nio-8087-exec-1][0;39m [35mb.c.marcielli.bancom.dao.ClienteDao[0;39m - Iniciando processamento da conta: Conta ID: 2
2025-05-15 18:15:51 [34mINFO [0;39m
				[36m[http-nio-8087-exec-1][0;39m [35mb.c.marcielli.bancom.dao.ClienteDao[0;39m - Iniciando processamento do cliente: Cliente ID: 2
2025-05-15 18:15:51 [34mINFO [0;39m
				[36m[http-nio-8087-exec-1][0;39m [35mb.c.marcielli.bancom.dao.ClienteDao[0;39m - Iniciando processamento da conta: Conta ID: 2
2025-05-15 18:15:51 [34mINFO [0;39m
				[36m[http-nio-8087-exec-1][0;39m [35mb.c.marcielli.bancom.dao.ClienteDao[0;39m - Iniciando processamento do cliente: Cliente ID: 2
2025-05-15 18:15:51 [34mINFO [0;39m
				[36m[http-nio-8087-exec-1][0;39m [35mb.c.marcielli.bancom.dao.ClienteDao[0;39m - Iniciando processamento da conta: Conta ID: 2
2025-05-15 18:15:51 [34mINFO [0;39m
				[36m[http-nio-8087-exec-1][0;39m [35mb.c.marcielli.bancom.dao.ClienteDao[0;39m - Iniciando processamento do cliente: Cliente ID: 2
2025-05-15 18:15:51 [34mINFO [0;39m
				[36m[http-nio-8087-exec-1][0;39m [35mb.c.marcielli.bancom.dao.ClienteDao[0;39m - Iniciando processamento da conta: Conta ID: 2
2025-05-15 18:15:51 [34mINFO [0;39m
				[36m[http-nio-8087-exec-1][0;39m [35mb.c.marcielli.bancom.dao.ClienteDao[0;39m - Iniciando processamento do cliente: Cliente ID: 2
2025-05-15 18:15:51 [34mINFO [0;39m
				[36m[http-nio-8087-exec-1][0;39m [35mb.c.marcielli.bancom.dao.ClienteDao[0;39m - Iniciando processamento da conta: Conta ID: 2
2025-05-15 18:15:51 [34mINFO [0;39m
				[36m[http-nio-8087-exec-1][0;39m [35mb.c.marcielli.bancom.dao.ClienteDao[0;39m - Iniciando processamento do cliente: Cliente ID: 2
2025-05-15 18:15:51 [34mINFO [0;39m
				[36m[http-nio-8087-exec-1][0;39m [35mb.c.marcielli.bancom.dao.ClienteDao[0;39m - Iniciando processamento da conta: Conta ID: 2
2025-05-15 18:15:56 [39mDEBUG[0;39m
				[36m[http-nio-8087-exec-3][0;39m [35mo.s.security.web.FilterChainProxy[0;39m - Securing DELETE /users/2
2025-05-15 18:15:56 [34mINFO [0;39m
				[36m[http-nio-8087-exec-3][0;39m [35mb.c.m.bancom.filter.JwtAuthFilter[0;39m - Processando requisição para: /users/2
2025-05-15 18:15:56 [39mDEBUG[0;39m
				[36m[http-nio-8087-exec-3][0;39m [35mo.s.security.web.FilterChainProxy[0;39m - Secured DELETE /users/2
2025-05-15 18:16:00 [39mDEBUG[0;39m
				[36m[http-nio-8087-exec-4][0;39m [35mo.s.security.web.FilterChainProxy[0;39m - Securing GET /users
2025-05-15 18:16:00 [34mINFO [0;39m
				[36m[http-nio-8087-exec-4][0;39m [35mb.c.m.bancom.filter.JwtAuthFilter[0;39m - Processando requisição para: /users
2025-05-15 18:16:00 [39mDEBUG[0;39m
				[36m[http-nio-8087-exec-4][0;39m [35mo.s.security.web.FilterChainProxy[0;39m - Secured GET /users
2025-05-15 18:16:00 [34mINFO [0;39m
				[36m[http-nio-8087-exec-4][0;39m [35mb.c.marcielli.bancom.dao.ClienteDao[0;39m - Iniciando processamento do cliente: Cliente ID: 1
2025-05-15 18:16:00 [34mINFO [0;39m
				[36m[http-nio-8087-exec-4][0;39m [35mb.c.marcielli.bancom.dao.ClienteDao[0;39m - Iniciando processamento da conta: Conta ID: 1
2025-05-15 18:16:00 [34mINFO [0;39m
				[36m[http-nio-8087-exec-4][0;39m [35mb.c.marcielli.bancom.dao.ClienteDao[0;39m - Iniciando processamento do cartão: Cartão ID: 1
2025-05-15 18:16:00 [34mINFO [0;39m
				[36m[http-nio-8087-exec-4][0;39m [35mb.c.marcielli.bancom.dao.ClienteDao[0;39m - Iniciando processamento da transferência enviada: Transferência ID: 2
2025-05-15 18:16:00 [34mINFO [0;39m
				[36m[http-nio-8087-exec-4][0;39m [35mb.c.marcielli.bancom.dao.ClienteDao[0;39m - Iniciando processamento do cliente: Cliente ID: 1
2025-05-15 18:16:00 [34mINFO [0;39m
				[36m[http-nio-8087-exec-4][0;39m [35mb.c.marcielli.bancom.dao.ClienteDao[0;39m - Iniciando processamento da conta: Conta ID: 1
2025-05-15 18:16:00 [34mINFO [0;39m
				[36m[http-nio-8087-exec-4][0;39m [35mb.c.marcielli.bancom.dao.ClienteDao[0;39m - Iniciando processamento da transferência enviada: Transferência ID: 1
2025-05-15 18:16:00 [34mINFO [0;39m
				[36m[http-nio-8087-exec-4][0;39m [35mb.c.marcielli.bancom.dao.ClienteDao[0;39m - Iniciando processamento do cliente: Cliente ID: 1
2025-05-15 18:16:00 [34mINFO [0;39m
				[36m[http-nio-8087-exec-4][0;39m [35mb.c.marcielli.bancom.dao.ClienteDao[0;39m - Iniciando processamento da conta: Conta ID: 1
2025-05-15 18:16:00 [34mINFO [0;39m
				[36m[http-nio-8087-exec-4][0;39m [35mb.c.marcielli.bancom.dao.ClienteDao[0;39m - Iniciando processamento da transferência enviada: Transferência ID: 4
2025-05-15 18:16:00 [34mINFO [0;39m
				[36m[http-nio-8087-exec-4][0;39m [35mb.c.marcielli.bancom.dao.ClienteDao[0;39m - Iniciando processamento do cliente: Cliente ID: 1
2025-05-15 18:16:00 [34mINFO [0;39m
				[36m[http-nio-8087-exec-4][0;39m [35mb.c.marcielli.bancom.dao.ClienteDao[0;39m - Iniciando processamento da conta: Conta ID: 1
2025-05-15 18:16:00 [34mINFO [0;39m
				[36m[http-nio-8087-exec-4][0;39m [35mb.c.marcielli.bancom.dao.ClienteDao[0;39m - Iniciando processamento da transferência enviada: Transferência ID: 3
2025-05-15 18:16:00 [34mINFO [0;39m
				[36m[http-nio-8087-exec-4][0;39m [35mb.c.marcielli.bancom.dao.ClienteDao[0;39m - Iniciando processamento do cliente: Cliente ID: 1
2025-05-15 18:16:00 [34mINFO [0;39m
				[36m[http-nio-8087-exec-4][0;39m [35mb.c.marcielli.bancom.dao.ClienteDao[0;39m - Iniciando processamento da conta: Conta ID: 1
2025-05-15 18:16:00 [34mINFO [0;39m
				[36m[http-nio-8087-exec-4][0;39m [35mb.c.marcielli.bancom.dao.ClienteDao[0;39m - Iniciando processamento da transferência enviada: Transferência ID: 5
2025-05-15 18:16:00 [34mINFO [0;39m
				[36m[http-nio-8087-exec-4][0;39m [35mb.c.marcielli.bancom.dao.ClienteDao[0;39m - Iniciando processamento do cliente: Cliente ID: 1
2025-05-15 18:16:00 [34mINFO [0;39m
				[36m[http-nio-8087-exec-4][0;39m [35mb.c.marcielli.bancom.dao.ClienteDao[0;39m - Iniciando processamento da conta: Conta ID: 1
2025-05-15 18:16:00 [34mINFO [0;39m
				[36m[http-nio-8087-exec-4][0;39m [35mb.c.marcielli.bancom.dao.ClienteDao[0;39m - Iniciando processamento da transferência enviada: Transferência ID: 8
2025-05-15 18:16:00 [34mINFO [0;39m
				[36m[http-nio-8087-exec-4][0;39m [35mb.c.marcielli.bancom.dao.ClienteDao[0;39m - Iniciando processamento do cliente: Cliente ID: 1
2025-05-15 18:16:00 [34mINFO [0;39m
				[36m[http-nio-8087-exec-4][0;39m [35mb.c.marcielli.bancom.dao.ClienteDao[0;39m - Iniciando processamento da conta: Conta ID: 1
2025-05-15 18:16:00 [34mINFO [0;39m
				[36m[http-nio-8087-exec-4][0;39m [35mb.c.marcielli.bancom.dao.ClienteDao[0;39m - Iniciando processamento da transferência enviada: Transferência ID: 7
2025-05-15 18:16:00 [34mINFO [0;39m
				[36m[http-nio-8087-exec-4][0;39m [35mb.c.marcielli.bancom.dao.ClienteDao[0;39m - Iniciando processamento do cliente: Cliente ID: 1
2025-05-15 18:16:00 [34mINFO [0;39m
				[36m[http-nio-8087-exec-4][0;39m [35mb.c.marcielli.bancom.dao.ClienteDao[0;39m - Iniciando processamento da conta: Conta ID: 1
2025-05-15 18:16:00 [34mINFO [0;39m
				[36m[http-nio-8087-exec-4][0;39m [35mb.c.marcielli.bancom.dao.ClienteDao[0;39m - Iniciando processamento da transferência enviada: Transferência ID: 6
2025-05-15 18:16:00 [34mINFO [0;39m
				[36m[http-nio-8087-exec-4][0;39m [35mb.c.marcielli.bancom.dao.ClienteDao[0;39m - Iniciando processamento do cliente: Cliente ID: 1
2025-05-15 18:16:00 [34mINFO [0;39m
				[36m[http-nio-8087-exec-4][0;39m [35mb.c.marcielli.bancom.dao.ClienteDao[0;39m - Iniciando processamento da conta: Conta ID: 1
2025-05-15 18:16:00 [34mINFO [0;39m
				[36m[http-nio-8087-exec-4][0;39m [35mb.c.marcielli.bancom.dao.ClienteDao[0;39m - Iniciando processamento da transferência enviada: Transferência ID: 9
2025-05-15 18:16:00 [34mINFO [0;39m
				[36m[http-nio-8087-exec-4][0;39m [35mb.c.marcielli.bancom.dao.ClienteDao[0;39m - Iniciando processamento do cliente: Cliente ID: 2
2025-05-15 18:16:00 [34mINFO [0;39m
				[36m[http-nio-8087-exec-4][0;39m [35mb.c.marcielli.bancom.dao.ClienteDao[0;39m - Iniciando processamento da conta: Conta ID: 2
2025-05-15 18:16:00 [34mINFO [0;39m
				[36m[http-nio-8087-exec-4][0;39m [35mb.c.marcielli.bancom.dao.ClienteDao[0;39m - Iniciando processamento do cartão: Cartão ID: 2
2025-05-15 18:16:00 [34mINFO [0;39m
				[36m[http-nio-8087-exec-4][0;39m [35mb.c.marcielli.bancom.dao.ClienteDao[0;39m - Iniciando processamento do cliente: Cliente ID: 2
2025-05-15 18:16:00 [34mINFO [0;39m
				[36m[http-nio-8087-exec-4][0;39m [35mb.c.marcielli.bancom.dao.ClienteDao[0;39m - Iniciando processamento da conta: Conta ID: 2
2025-05-15 18:16:00 [34mINFO [0;39m
				[36m[http-nio-8087-exec-4][0;39m [35mb.c.marcielli.bancom.dao.ClienteDao[0;39m - Iniciando processamento do cliente: Cliente ID: 2
2025-05-15 18:16:00 [34mINFO [0;39m
				[36m[http-nio-8087-exec-4][0;39m [35mb.c.marcielli.bancom.dao.ClienteDao[0;39m - Iniciando processamento da conta: Conta ID: 2
2025-05-15 18:16:00 [34mINFO [0;39m
				[36m[http-nio-8087-exec-4][0;39m [35mb.c.marcielli.bancom.dao.ClienteDao[0;39m - Iniciando processamento do cliente: Cliente ID: 2
2025-05-15 18:16:00 [34mINFO [0;39m
				[36m[http-nio-8087-exec-4][0;39m [35mb.c.marcielli.bancom.dao.ClienteDao[0;39m - Iniciando processamento da conta: Conta ID: 2
2025-05-15 18:16:00 [34mINFO [0;39m
				[36m[http-nio-8087-exec-4][0;39m [35mb.c.marcielli.bancom.dao.ClienteDao[0;39m - Iniciando processamento do cliente: Cliente ID: 2
2025-05-15 18:16:00 [34mINFO [0;39m
				[36m[http-nio-8087-exec-4][0;39m [35mb.c.marcielli.bancom.dao.ClienteDao[0;39m - Iniciando processamento da conta: Conta ID: 2
2025-05-15 18:16:00 [34mINFO [0;39m
				[36m[http-nio-8087-exec-4][0;39m [35mb.c.marcielli.bancom.dao.ClienteDao[0;39m - Iniciando processamento do cliente: Cliente ID: 2
2025-05-15 18:16:00 [34mINFO [0;39m
				[36m[http-nio-8087-exec-4][0;39m [35mb.c.marcielli.bancom.dao.ClienteDao[0;39m - Iniciando processamento da conta: Conta ID: 2
2025-05-15 18:16:00 [34mINFO [0;39m
				[36m[http-nio-8087-exec-4][0;39m [35mb.c.marcielli.bancom.dao.ClienteDao[0;39m - Iniciando processamento do cliente: Cliente ID: 2
2025-05-15 18:16:00 [34mINFO [0;39m
				[36m[http-nio-8087-exec-4][0;39m [35mb.c.marcielli.bancom.dao.ClienteDao[0;39m - Iniciando processamento da conta: Conta ID: 2
2025-05-15 18:17:14 [39mDEBUG[0;39m
				[36m[http-nio-8087-exec-7][0;39m [35mo.s.security.web.FilterChainProxy[0;39m - Securing PUT /users/2/ativar
2025-05-15 18:17:14 [34mINFO [0;39m
				[36m[http-nio-8087-exec-7][0;39m [35mb.c.m.bancom.filter.JwtAuthFilter[0;39m - Processando requisição para: /users/2/ativar
2025-05-15 18:17:14 [39mDEBUG[0;39m
				[36m[http-nio-8087-exec-7][0;39m [35mo.s.security.web.FilterChainProxy[0;39m - Secured PUT /users/2/ativar
2025-05-15 18:17:17 [39mDEBUG[0;39m
				[36m[http-nio-8087-exec-8][0;39m [35mo.s.security.web.FilterChainProxy[0;39m - Securing GET /users
2025-05-15 18:17:17 [34mINFO [0;39m
				[36m[http-nio-8087-exec-8][0;39m [35mb.c.m.bancom.filter.JwtAuthFilter[0;39m - Processando requisição para: /users
2025-05-15 18:17:17 [39mDEBUG[0;39m
				[36m[http-nio-8087-exec-8][0;39m [35mo.s.security.web.FilterChainProxy[0;39m - Secured GET /users
2025-05-15 18:17:17 [34mINFO [0;39m
				[36m[http-nio-8087-exec-8][0;39m [35mb.c.marcielli.bancom.dao.ClienteDao[0;39m - Iniciando processamento do cliente: Cliente ID: 1
2025-05-15 18:17:17 [34mINFO [0;39m
				[36m[http-nio-8087-exec-8][0;39m [35mb.c.marcielli.bancom.dao.ClienteDao[0;39m - Iniciando processamento da conta: Conta ID: 1
2025-05-15 18:17:17 [34mINFO [0;39m
				[36m[http-nio-8087-exec-8][0;39m [35mb.c.marcielli.bancom.dao.ClienteDao[0;39m - Iniciando processamento do cartão: Cartão ID: 1
2025-05-15 18:17:17 [34mINFO [0;39m
				[36m[http-nio-8087-exec-8][0;39m [35mb.c.marcielli.bancom.dao.ClienteDao[0;39m - Iniciando processamento da transferência enviada: Transferência ID: 2
2025-05-15 18:17:17 [34mINFO [0;39m
				[36m[http-nio-8087-exec-8][0;39m [35mb.c.marcielli.bancom.dao.ClienteDao[0;39m - Iniciando processamento do cliente: Cliente ID: 1
2025-05-15 18:17:17 [34mINFO [0;39m
				[36m[http-nio-8087-exec-8][0;39m [35mb.c.marcielli.bancom.dao.ClienteDao[0;39m - Iniciando processamento da conta: Conta ID: 1
2025-05-15 18:17:17 [34mINFO [0;39m
				[36m[http-nio-8087-exec-8][0;39m [35mb.c.marcielli.bancom.dao.ClienteDao[0;39m - Iniciando processamento da transferência enviada: Transferência ID: 1
2025-05-15 18:17:17 [34mINFO [0;39m
				[36m[http-nio-8087-exec-8][0;39m [35mb.c.marcielli.bancom.dao.ClienteDao[0;39m - Iniciando processamento do cliente: Cliente ID: 1
2025-05-15 18:17:17 [34mINFO [0;39m
				[36m[http-nio-8087-exec-8][0;39m [35mb.c.marcielli.bancom.dao.ClienteDao[0;39m - Iniciando processamento da conta: Conta ID: 1
2025-05-15 18:17:17 [34mINFO [0;39m
				[36m[http-nio-8087-exec-8][0;39m [35mb.c.marcielli.bancom.dao.ClienteDao[0;39m - Iniciando processamento da transferência enviada: Transferência ID: 4
2025-05-15 18:17:17 [34mINFO [0;39m
				[36m[http-nio-8087-exec-8][0;39m [35mb.c.marcielli.bancom.dao.ClienteDao[0;39m - Iniciando processamento do cliente: Cliente ID: 1
2025-05-15 18:17:17 [34mINFO [0;39m
				[36m[http-nio-8087-exec-8][0;39m [35mb.c.marcielli.bancom.dao.ClienteDao[0;39m - Iniciando processamento da conta: Conta ID: 1
2025-05-15 18:17:17 [34mINFO [0;39m
				[36m[http-nio-8087-exec-8][0;39m [35mb.c.marcielli.bancom.dao.ClienteDao[0;39m - Iniciando processamento da transferência enviada: Transferência ID: 3
2025-05-15 18:17:17 [34mINFO [0;39m
				[36m[http-nio-8087-exec-8][0;39m [35mb.c.marcielli.bancom.dao.ClienteDao[0;39m - Iniciando processamento do cliente: Cliente ID: 1
2025-05-15 18:17:17 [34mINFO [0;39m
				[36m[http-nio-8087-exec-8][0;39m [35mb.c.marcielli.bancom.dao.ClienteDao[0;39m - Iniciando processamento da conta: Conta ID: 1
2025-05-15 18:17:17 [34mINFO [0;39m
				[36m[http-nio-8087-exec-8][0;39m [35mb.c.marcielli.bancom.dao.ClienteDao[0;39m - Iniciando processamento da transferência enviada: Transferência ID: 5
2025-05-15 18:17:17 [34mINFO [0;39m
				[36m[http-nio-8087-exec-8][0;39m [35mb.c.marcielli.bancom.dao.ClienteDao[0;39m - Iniciando processamento do cliente: Cliente ID: 1
2025-05-15 18:17:17 [34mINFO [0;39m
				[36m[http-nio-8087-exec-8][0;39m [35mb.c.marcielli.bancom.dao.ClienteDao[0;39m - Iniciando processamento da conta: Conta ID: 1
2025-05-15 18:17:17 [34mINFO [0;39m
				[36m[http-nio-8087-exec-8][0;39m [35mb.c.marcielli.bancom.dao.ClienteDao[0;39m - Iniciando processamento da transferência enviada: Transferência ID: 8
2025-05-15 18:17:17 [34mINFO [0;39m
				[36m[http-nio-8087-exec-8][0;39m [35mb.c.marcielli.bancom.dao.ClienteDao[0;39m - Iniciando processamento do cliente: Cliente ID: 1
2025-05-15 18:17:17 [34mINFO [0;39m
				[36m[http-nio-8087-exec-8][0;39m [35mb.c.marcielli.bancom.dao.ClienteDao[0;39m - Iniciando processamento da conta: Conta ID: 1
2025-05-15 18:17:17 [34mINFO [0;39m
				[36m[http-nio-8087-exec-8][0;39m [35mb.c.marcielli.bancom.dao.ClienteDao[0;39m - Iniciando processamento da transferência enviada: Transferência ID: 7
2025-05-15 18:17:17 [34mINFO [0;39m
				[36m[http-nio-8087-exec-8][0;39m [35mb.c.marcielli.bancom.dao.ClienteDao[0;39m - Iniciando processamento do cliente: Cliente ID: 1
2025-05-15 18:17:17 [34mINFO [0;39m
				[36m[http-nio-8087-exec-8][0;39m [35mb.c.marcielli.bancom.dao.ClienteDao[0;39m - Iniciando processamento da conta: Conta ID: 1
2025-05-15 18:17:17 [34mINFO [0;39m
				[36m[http-nio-8087-exec-8][0;39m [35mb.c.marcielli.bancom.dao.ClienteDao[0;39m - Iniciando processamento da transferência enviada: Transferência ID: 6
2025-05-15 18:17:17 [34mINFO [0;39m
				[36m[http-nio-8087-exec-8][0;39m [35mb.c.marcielli.bancom.dao.ClienteDao[0;39m - Iniciando processamento do cliente: Cliente ID: 1
2025-05-15 18:17:17 [34mINFO [0;39m
				[36m[http-nio-8087-exec-8][0;39m [35mb.c.marcielli.bancom.dao.ClienteDao[0;39m - Iniciando processamento da conta: Conta ID: 1
2025-05-15 18:17:17 [34mINFO [0;39m
				[36m[http-nio-8087-exec-8][0;39m [35mb.c.marcielli.bancom.dao.ClienteDao[0;39m - Iniciando processamento da transferência enviada: Transferência ID: 9
2025-05-15 18:17:17 [34mINFO [0;39m
				[36m[http-nio-8087-exec-8][0;39m [35mb.c.marcielli.bancom.dao.ClienteDao[0;39m - Iniciando processamento do cliente: Cliente ID: 2
2025-05-15 18:17:17 [34mINFO [0;39m
				[36m[http-nio-8087-exec-8][0;39m [35mb.c.marcielli.bancom.dao.ClienteDao[0;39m - Iniciando processamento da conta: Conta ID: 2
2025-05-15 18:17:17 [34mINFO [0;39m
				[36m[http-nio-8087-exec-8][0;39m [35mb.c.marcielli.bancom.dao.ClienteDao[0;39m - Iniciando processamento do cartão: Cartão ID: 2
2025-05-15 18:17:17 [34mINFO [0;39m
				[36m[http-nio-8087-exec-8][0;39m [35mb.c.marcielli.bancom.dao.ClienteDao[0;39m - Iniciando processamento do cliente: Cliente ID: 2
2025-05-15 18:17:17 [34mINFO [0;39m
				[36m[http-nio-8087-exec-8][0;39m [35mb.c.marcielli.bancom.dao.ClienteDao[0;39m - Iniciando processamento da conta: Conta ID: 2
2025-05-15 18:17:17 [34mINFO [0;39m
				[36m[http-nio-8087-exec-8][0;39m [35mb.c.marcielli.bancom.dao.ClienteDao[0;39m - Iniciando processamento do cliente: Cliente ID: 2
2025-05-15 18:17:17 [34mINFO [0;39m
				[36m[http-nio-8087-exec-8][0;39m [35mb.c.marcielli.bancom.dao.ClienteDao[0;39m - Iniciando processamento da conta: Conta ID: 2
2025-05-15 18:17:17 [34mINFO [0;39m
				[36m[http-nio-8087-exec-8][0;39m [35mb.c.marcielli.bancom.dao.ClienteDao[0;39m - Iniciando processamento do cliente: Cliente ID: 2
2025-05-15 18:17:17 [34mINFO [0;39m
				[36m[http-nio-8087-exec-8][0;39m [35mb.c.marcielli.bancom.dao.ClienteDao[0;39m - Iniciando processamento da conta: Conta ID: 2
2025-05-15 18:17:17 [34mINFO [0;39m
				[36m[http-nio-8087-exec-8][0;39m [35mb.c.marcielli.bancom.dao.ClienteDao[0;39m - Iniciando processamento do cliente: Cliente ID: 2
2025-05-15 18:17:17 [34mINFO [0;39m
				[36m[http-nio-8087-exec-8][0;39m [35mb.c.marcielli.bancom.dao.ClienteDao[0;39m - Iniciando processamento da conta: Conta ID: 2
2025-05-15 18:17:17 [34mINFO [0;39m
				[36m[http-nio-8087-exec-8][0;39m [35mb.c.marcielli.bancom.dao.ClienteDao[0;39m - Iniciando processamento do cliente: Cliente ID: 2
2025-05-15 18:17:17 [34mINFO [0;39m
				[36m[http-nio-8087-exec-8][0;39m [35mb.c.marcielli.bancom.dao.ClienteDao[0;39m - Iniciando processamento da conta: Conta ID: 2
2025-05-15 18:17:17 [34mINFO [0;39m
				[36m[http-nio-8087-exec-8][0;39m [35mb.c.marcielli.bancom.dao.ClienteDao[0;39m - Iniciando processamento do cliente: Cliente ID: 2
2025-05-15 18:17:17 [34mINFO [0;39m
				[36m[http-nio-8087-exec-8][0;39m [35mb.c.marcielli.bancom.dao.ClienteDao[0;39m - Iniciando processamento da conta: Conta ID: 2
2025-05-15 18:17:58 [39mDEBUG[0;39m
				[36m[http-nio-8087-exec-9][0;39m [35mo.s.security.web.FilterChainProxy[0;39m - Securing GET /users
2025-05-15 18:17:58 [34mINFO [0;39m
				[36m[http-nio-8087-exec-9][0;39m [35mb.c.m.bancom.filter.JwtAuthFilter[0;39m - Processando requisição para: /users
2025-05-15 18:17:58 [39mDEBUG[0;39m
				[36m[http-nio-8087-exec-9][0;39m [35mo.s.security.web.FilterChainProxy[0;39m - Secured GET /users
2025-05-15 18:17:58 [34mINFO [0;39m
				[36m[http-nio-8087-exec-9][0;39m [35mb.c.marcielli.bancom.dao.ClienteDao[0;39m - Iniciando processamento do cliente: Cliente ID: 1
2025-05-15 18:17:58 [34mINFO [0;39m
				[36m[http-nio-8087-exec-9][0;39m [35mb.c.marcielli.bancom.dao.ClienteDao[0;39m - Iniciando processamento da conta: Conta ID: 1
2025-05-15 18:17:58 [34mINFO [0;39m
				[36m[http-nio-8087-exec-9][0;39m [35mb.c.marcielli.bancom.dao.ClienteDao[0;39m - Iniciando processamento do cartão: Cartão ID: 1
2025-05-15 18:17:58 [34mINFO [0;39m
				[36m[http-nio-8087-exec-9][0;39m [35mb.c.marcielli.bancom.dao.ClienteDao[0;39m - Iniciando processamento da transferência enviada: Transferência ID: 2
2025-05-15 18:17:58 [34mINFO [0;39m
				[36m[http-nio-8087-exec-9][0;39m [35mb.c.marcielli.bancom.dao.ClienteDao[0;39m - Iniciando processamento do cliente: Cliente ID: 1
2025-05-15 18:17:58 [34mINFO [0;39m
				[36m[http-nio-8087-exec-9][0;39m [35mb.c.marcielli.bancom.dao.ClienteDao[0;39m - Iniciando processamento da conta: Conta ID: 1
2025-05-15 18:17:58 [34mINFO [0;39m
				[36m[http-nio-8087-exec-9][0;39m [35mb.c.marcielli.bancom.dao.ClienteDao[0;39m - Iniciando processamento da transferência enviada: Transferência ID: 1
2025-05-15 18:17:58 [34mINFO [0;39m
				[36m[http-nio-8087-exec-9][0;39m [35mb.c.marcielli.bancom.dao.ClienteDao[0;39m - Iniciando processamento do cliente: Cliente ID: 1
2025-05-15 18:17:58 [34mINFO [0;39m
				[36m[http-nio-8087-exec-9][0;39m [35mb.c.marcielli.bancom.dao.ClienteDao[0;39m - Iniciando processamento da conta: Conta ID: 1
2025-05-15 18:17:58 [34mINFO [0;39m
				[36m[http-nio-8087-exec-9][0;39m [35mb.c.marcielli.bancom.dao.ClienteDao[0;39m - Iniciando processamento da transferência enviada: Transferência ID: 4
2025-05-15 18:17:58 [34mINFO [0;39m
				[36m[http-nio-8087-exec-9][0;39m [35mb.c.marcielli.bancom.dao.ClienteDao[0;39m - Iniciando processamento do cliente: Cliente ID: 1
2025-05-15 18:17:58 [34mINFO [0;39m
				[36m[http-nio-8087-exec-9][0;39m [35mb.c.marcielli.bancom.dao.ClienteDao[0;39m - Iniciando processamento da conta: Conta ID: 1
2025-05-15 18:17:58 [34mINFO [0;39m
				[36m[http-nio-8087-exec-9][0;39m [35mb.c.marcielli.bancom.dao.ClienteDao[0;39m - Iniciando processamento da transferência enviada: Transferência ID: 3
2025-05-15 18:17:58 [34mINFO [0;39m
				[36m[http-nio-8087-exec-9][0;39m [35mb.c.marcielli.bancom.dao.ClienteDao[0;39m - Iniciando processamento do cliente: Cliente ID: 1
2025-05-15 18:17:58 [34mINFO [0;39m
				[36m[http-nio-8087-exec-9][0;39m [35mb.c.marcielli.bancom.dao.ClienteDao[0;39m - Iniciando processamento da conta: Conta ID: 1
2025-05-15 18:17:58 [34mINFO [0;39m
				[36m[http-nio-8087-exec-9][0;39m [35mb.c.marcielli.bancom.dao.ClienteDao[0;39m - Iniciando processamento da transferência enviada: Transferência ID: 5
2025-05-15 18:17:58 [34mINFO [0;39m
				[36m[http-nio-8087-exec-9][0;39m [35mb.c.marcielli.bancom.dao.ClienteDao[0;39m - Iniciando processamento do cliente: Cliente ID: 1
2025-05-15 18:17:58 [34mINFO [0;39m
				[36m[http-nio-8087-exec-9][0;39m [35mb.c.marcielli.bancom.dao.ClienteDao[0;39m - Iniciando processamento da conta: Conta ID: 1
2025-05-15 18:17:58 [34mINFO [0;39m
				[36m[http-nio-8087-exec-9][0;39m [35mb.c.marcielli.bancom.dao.ClienteDao[0;39m - Iniciando processamento da transferência enviada: Transferência ID: 8
2025-05-15 18:17:58 [34mINFO [0;39m
				[36m[http-nio-8087-exec-9][0;39m [35mb.c.marcielli.bancom.dao.ClienteDao[0;39m - Iniciando processamento do cliente: Cliente ID: 1
2025-05-15 18:17:58 [34mINFO [0;39m
				[36m[http-nio-8087-exec-9][0;39m [35mb.c.marcielli.bancom.dao.ClienteDao[0;39m - Iniciando processamento da conta: Conta ID: 1
2025-05-15 18:17:58 [34mINFO [0;39m
				[36m[http-nio-8087-exec-9][0;39m [35mb.c.marcielli.bancom.dao.ClienteDao[0;39m - Iniciando processamento da transferência enviada: Transferência ID: 7
2025-05-15 18:17:58 [34mINFO [0;39m
				[36m[http-nio-8087-exec-9][0;39m [35mb.c.marcielli.bancom.dao.ClienteDao[0;39m - Iniciando processamento do cliente: Cliente ID: 1
2025-05-15 18:17:58 [34mINFO [0;39m
				[36m[http-nio-8087-exec-9][0;39m [35mb.c.marcielli.bancom.dao.ClienteDao[0;39m - Iniciando processamento da conta: Conta ID: 1
2025-05-15 18:17:58 [34mINFO [0;39m
				[36m[http-nio-8087-exec-9][0;39m [35mb.c.marcielli.bancom.dao.ClienteDao[0;39m - Iniciando processamento da transferência enviada: Transferência ID: 6
2025-05-15 18:17:58 [34mINFO [0;39m
				[36m[http-nio-8087-exec-9][0;39m [35mb.c.marcielli.bancom.dao.ClienteDao[0;39m - Iniciando processamento do cliente: Cliente ID: 1
2025-05-15 18:17:58 [34mINFO [0;39m
				[36m[http-nio-8087-exec-9][0;39m [35mb.c.marcielli.bancom.dao.ClienteDao[0;39m - Iniciando processamento da conta: Conta ID: 1
2025-05-15 18:17:58 [34mINFO [0;39m
				[36m[http-nio-8087-exec-9][0;39m [35mb.c.marcielli.bancom.dao.ClienteDao[0;39m - Iniciando processamento da transferência enviada: Transferência ID: 9
2025-05-15 18:17:58 [34mINFO [0;39m
				[36m[http-nio-8087-exec-9][0;39m [35mb.c.marcielli.bancom.dao.ClienteDao[0;39m - Iniciando processamento do cliente: Cliente ID: 2
2025-05-15 18:17:58 [34mINFO [0;39m
				[36m[http-nio-8087-exec-9][0;39m [35mb.c.marcielli.bancom.dao.ClienteDao[0;39m - Iniciando processamento da conta: Conta ID: 2
2025-05-15 18:17:58 [34mINFO [0;39m
				[36m[http-nio-8087-exec-9][0;39m [35mb.c.marcielli.bancom.dao.ClienteDao[0;39m - Iniciando processamento do cartão: Cartão ID: 2
2025-05-15 18:17:58 [34mINFO [0;39m
				[36m[http-nio-8087-exec-9][0;39m [35mb.c.marcielli.bancom.dao.ClienteDao[0;39m - Iniciando processamento do cliente: Cliente ID: 2
2025-05-15 18:17:58 [34mINFO [0;39m
				[36m[http-nio-8087-exec-9][0;39m [35mb.c.marcielli.bancom.dao.ClienteDao[0;39m - Iniciando processamento da conta: Conta ID: 2
2025-05-15 18:17:58 [34mINFO [0;39m
				[36m[http-nio-8087-exec-9][0;39m [35mb.c.marcielli.bancom.dao.ClienteDao[0;39m - Iniciando processamento do cliente: Cliente ID: 2
2025-05-15 18:17:58 [34mINFO [0;39m
				[36m[http-nio-8087-exec-9][0;39m [35mb.c.marcielli.bancom.dao.ClienteDao[0;39m - Iniciando processamento da conta: Conta ID: 2
2025-05-15 18:17:58 [34mINFO [0;39m
				[36m[http-nio-8087-exec-9][0;39m [35mb.c.marcielli.bancom.dao.ClienteDao[0;39m - Iniciando processamento do cliente: Cliente ID: 2
2025-05-15 18:17:58 [34mINFO [0;39m
				[36m[http-nio-8087-exec-9][0;39m [35mb.c.marcielli.bancom.dao.ClienteDao[0;39m - Iniciando processamento da conta: Conta ID: 2
2025-05-15 18:17:58 [34mINFO [0;39m
				[36m[http-nio-8087-exec-9][0;39m [35mb.c.marcielli.bancom.dao.ClienteDao[0;39m - Iniciando processamento do cliente: Cliente ID: 2
2025-05-15 18:17:58 [34mINFO [0;39m
				[36m[http-nio-8087-exec-9][0;39m [35mb.c.marcielli.bancom.dao.ClienteDao[0;39m - Iniciando processamento da conta: Conta ID: 2
2025-05-15 18:17:58 [34mINFO [0;39m
				[36m[http-nio-8087-exec-9][0;39m [35mb.c.marcielli.bancom.dao.ClienteDao[0;39m - Iniciando processamento do cliente: Cliente ID: 2
2025-05-15 18:17:58 [34mINFO [0;39m
				[36m[http-nio-8087-exec-9][0;39m [35mb.c.marcielli.bancom.dao.ClienteDao[0;39m - Iniciando processamento da conta: Conta ID: 2
2025-05-15 18:17:58 [34mINFO [0;39m
				[36m[http-nio-8087-exec-9][0;39m [35mb.c.marcielli.bancom.dao.ClienteDao[0;39m - Iniciando processamento do cliente: Cliente ID: 2
2025-05-15 18:17:58 [34mINFO [0;39m
				[36m[http-nio-8087-exec-9][0;39m [35mb.c.marcielli.bancom.dao.ClienteDao[0;39m - Iniciando processamento da conta: Conta ID: 2
2025-05-15 18:18:28 [39mDEBUG[0;39m
				[36m[http-nio-8087-exec-10][0;39m [35mo.s.security.web.FilterChainProxy[0;39m - Securing PUT /contas/2/ativar
2025-05-15 18:18:28 [34mINFO [0;39m
				[36m[http-nio-8087-exec-10][0;39m [35mb.c.m.bancom.filter.JwtAuthFilter[0;39m - Processando requisição para: /contas/2/ativar
2025-05-15 18:18:28 [39mDEBUG[0;39m
				[36m[http-nio-8087-exec-10][0;39m [35mo.s.security.web.FilterChainProxy[0;39m - Secured PUT /contas/2/ativar
2025-05-15 18:18:32 [39mDEBUG[0;39m
				[36m[http-nio-8087-exec-2][0;39m [35mo.s.security.web.FilterChainProxy[0;39m - Securing GET /users
2025-05-15 18:18:32 [34mINFO [0;39m
				[36m[http-nio-8087-exec-2][0;39m [35mb.c.m.bancom.filter.JwtAuthFilter[0;39m - Processando requisição para: /users
2025-05-15 18:18:32 [39mDEBUG[0;39m
				[36m[http-nio-8087-exec-2][0;39m [35mo.s.security.web.FilterChainProxy[0;39m - Secured GET /users
2025-05-15 18:18:32 [34mINFO [0;39m
				[36m[http-nio-8087-exec-2][0;39m [35mb.c.marcielli.bancom.dao.ClienteDao[0;39m - Iniciando processamento do cliente: Cliente ID: 1
2025-05-15 18:18:32 [34mINFO [0;39m
				[36m[http-nio-8087-exec-2][0;39m [35mb.c.marcielli.bancom.dao.ClienteDao[0;39m - Iniciando processamento da conta: Conta ID: 1
2025-05-15 18:18:32 [34mINFO [0;39m
				[36m[http-nio-8087-exec-2][0;39m [35mb.c.marcielli.bancom.dao.ClienteDao[0;39m - Iniciando processamento do cartão: Cartão ID: 1
2025-05-15 18:18:32 [34mINFO [0;39m
				[36m[http-nio-8087-exec-2][0;39m [35mb.c.marcielli.bancom.dao.ClienteDao[0;39m - Iniciando processamento da transferência enviada: Transferência ID: 2
2025-05-15 18:18:32 [34mINFO [0;39m
				[36m[http-nio-8087-exec-2][0;39m [35mb.c.marcielli.bancom.dao.ClienteDao[0;39m - Iniciando processamento do cliente: Cliente ID: 1
2025-05-15 18:18:32 [34mINFO [0;39m
				[36m[http-nio-8087-exec-2][0;39m [35mb.c.marcielli.bancom.dao.ClienteDao[0;39m - Iniciando processamento da conta: Conta ID: 1
2025-05-15 18:18:32 [34mINFO [0;39m
				[36m[http-nio-8087-exec-2][0;39m [35mb.c.marcielli.bancom.dao.ClienteDao[0;39m - Iniciando processamento da transferência enviada: Transferência ID: 1
2025-05-15 18:18:32 [34mINFO [0;39m
				[36m[http-nio-8087-exec-2][0;39m [35mb.c.marcielli.bancom.dao.ClienteDao[0;39m - Iniciando processamento do cliente: Cliente ID: 1
2025-05-15 18:18:32 [34mINFO [0;39m
				[36m[http-nio-8087-exec-2][0;39m [35mb.c.marcielli.bancom.dao.ClienteDao[0;39m - Iniciando processamento da conta: Conta ID: 1
2025-05-15 18:18:32 [34mINFO [0;39m
				[36m[http-nio-8087-exec-2][0;39m [35mb.c.marcielli.bancom.dao.ClienteDao[0;39m - Iniciando processamento da transferência enviada: Transferência ID: 4
2025-05-15 18:18:32 [34mINFO [0;39m
				[36m[http-nio-8087-exec-2][0;39m [35mb.c.marcielli.bancom.dao.ClienteDao[0;39m - Iniciando processamento do cliente: Cliente ID: 1
2025-05-15 18:18:32 [34mINFO [0;39m
				[36m[http-nio-8087-exec-2][0;39m [35mb.c.marcielli.bancom.dao.ClienteDao[0;39m - Iniciando processamento da conta: Conta ID: 1
2025-05-15 18:18:32 [34mINFO [0;39m
				[36m[http-nio-8087-exec-2][0;39m [35mb.c.marcielli.bancom.dao.ClienteDao[0;39m - Iniciando processamento da transferência enviada: Transferência ID: 3
2025-05-15 18:18:32 [34mINFO [0;39m
				[36m[http-nio-8087-exec-2][0;39m [35mb.c.marcielli.bancom.dao.ClienteDao[0;39m - Iniciando processamento do cliente: Cliente ID: 1
2025-05-15 18:18:32 [34mINFO [0;39m
				[36m[http-nio-8087-exec-2][0;39m [35mb.c.marcielli.bancom.dao.ClienteDao[0;39m - Iniciando processamento da conta: Conta ID: 1
2025-05-15 18:18:32 [34mINFO [0;39m
				[36m[http-nio-8087-exec-2][0;39m [35mb.c.marcielli.bancom.dao.ClienteDao[0;39m - Iniciando processamento da transferência enviada: Transferência ID: 5
2025-05-15 18:18:32 [34mINFO [0;39m
				[36m[http-nio-8087-exec-2][0;39m [35mb.c.marcielli.bancom.dao.ClienteDao[0;39m - Iniciando processamento do cliente: Cliente ID: 1
2025-05-15 18:18:32 [34mINFO [0;39m
				[36m[http-nio-8087-exec-2][0;39m [35mb.c.marcielli.bancom.dao.ClienteDao[0;39m - Iniciando processamento da conta: Conta ID: 1
2025-05-15 18:18:32 [34mINFO [0;39m
				[36m[http-nio-8087-exec-2][0;39m [35mb.c.marcielli.bancom.dao.ClienteDao[0;39m - Iniciando processamento da transferência enviada: Transferência ID: 8
2025-05-15 18:18:32 [34mINFO [0;39m
				[36m[http-nio-8087-exec-2][0;39m [35mb.c.marcielli.bancom.dao.ClienteDao[0;39m - Iniciando processamento do cliente: Cliente ID: 1
2025-05-15 18:18:32 [34mINFO [0;39m
				[36m[http-nio-8087-exec-2][0;39m [35mb.c.marcielli.bancom.dao.ClienteDao[0;39m - Iniciando processamento da conta: Conta ID: 1
2025-05-15 18:18:32 [34mINFO [0;39m
				[36m[http-nio-8087-exec-2][0;39m [35mb.c.marcielli.bancom.dao.ClienteDao[0;39m - Iniciando processamento da transferência enviada: Transferência ID: 7
2025-05-15 18:18:32 [34mINFO [0;39m
				[36m[http-nio-8087-exec-2][0;39m [35mb.c.marcielli.bancom.dao.ClienteDao[0;39m - Iniciando processamento do cliente: Cliente ID: 1
2025-05-15 18:18:32 [34mINFO [0;39m
				[36m[http-nio-8087-exec-2][0;39m [35mb.c.marcielli.bancom.dao.ClienteDao[0;39m - Iniciando processamento da conta: Conta ID: 1
2025-05-15 18:18:32 [34mINFO [0;39m
				[36m[http-nio-8087-exec-2][0;39m [35mb.c.marcielli.bancom.dao.ClienteDao[0;39m - Iniciando processamento da transferência enviada: Transferência ID: 6
2025-05-15 18:18:32 [34mINFO [0;39m
				[36m[http-nio-8087-exec-2][0;39m [35mb.c.marcielli.bancom.dao.ClienteDao[0;39m - Iniciando processamento do cliente: Cliente ID: 1
2025-05-15 18:18:32 [34mINFO [0;39m
				[36m[http-nio-8087-exec-2][0;39m [35mb.c.marcielli.bancom.dao.ClienteDao[0;39m - Iniciando processamento da conta: Conta ID: 1
2025-05-15 18:18:32 [34mINFO [0;39m
				[36m[http-nio-8087-exec-2][0;39m [35mb.c.marcielli.bancom.dao.ClienteDao[0;39m - Iniciando processamento da transferência enviada: Transferência ID: 9
2025-05-15 18:18:32 [34mINFO [0;39m
				[36m[http-nio-8087-exec-2][0;39m [35mb.c.marcielli.bancom.dao.ClienteDao[0;39m - Iniciando processamento do cliente: Cliente ID: 2
2025-05-15 18:18:32 [34mINFO [0;39m
				[36m[http-nio-8087-exec-2][0;39m [35mb.c.marcielli.bancom.dao.ClienteDao[0;39m - Iniciando processamento da conta: Conta ID: 2
2025-05-15 18:18:32 [34mINFO [0;39m
				[36m[http-nio-8087-exec-2][0;39m [35mb.c.marcielli.bancom.dao.ClienteDao[0;39m - Iniciando processamento do cartão: Cartão ID: 2
2025-05-15 18:18:32 [34mINFO [0;39m
				[36m[http-nio-8087-exec-2][0;39m [35mb.c.marcielli.bancom.dao.ClienteDao[0;39m - Iniciando processamento do cliente: Cliente ID: 2
2025-05-15 18:18:32 [34mINFO [0;39m
				[36m[http-nio-8087-exec-2][0;39m [35mb.c.marcielli.bancom.dao.ClienteDao[0;39m - Iniciando processamento da conta: Conta ID: 2
2025-05-15 18:18:32 [34mINFO [0;39m
				[36m[http-nio-8087-exec-2][0;39m [35mb.c.marcielli.bancom.dao.ClienteDao[0;39m - Iniciando processamento do cliente: Cliente ID: 2
2025-05-15 18:18:32 [34mINFO [0;39m
				[36m[http-nio-8087-exec-2][0;39m [35mb.c.marcielli.bancom.dao.ClienteDao[0;39m - Iniciando processamento da conta: Conta ID: 2
2025-05-15 18:18:32 [34mINFO [0;39m
				[36m[http-nio-8087-exec-2][0;39m [35mb.c.marcielli.bancom.dao.ClienteDao[0;39m - Iniciando processamento do cliente: Cliente ID: 2
2025-05-15 18:18:32 [34mINFO [0;39m
				[36m[http-nio-8087-exec-2][0;39m [35mb.c.marcielli.bancom.dao.ClienteDao[0;39m - Iniciando processamento da conta: Conta ID: 2
2025-05-15 18:18:32 [34mINFO [0;39m
				[36m[http-nio-8087-exec-2][0;39m [35mb.c.marcielli.bancom.dao.ClienteDao[0;39m - Iniciando processamento do cliente: Cliente ID: 2
2025-05-15 18:18:32 [34mINFO [0;39m
				[36m[http-nio-8087-exec-2][0;39m [35mb.c.marcielli.bancom.dao.ClienteDao[0;39m - Iniciando processamento da conta: Conta ID: 2
2025-05-15 18:18:32 [34mINFO [0;39m
				[36m[http-nio-8087-exec-2][0;39m [35mb.c.marcielli.bancom.dao.ClienteDao[0;39m - Iniciando processamento do cliente: Cliente ID: 2
2025-05-15 18:18:32 [34mINFO [0;39m
				[36m[http-nio-8087-exec-2][0;39m [35mb.c.marcielli.bancom.dao.ClienteDao[0;39m - Iniciando processamento da conta: Conta ID: 2
2025-05-15 18:18:32 [34mINFO [0;39m
				[36m[http-nio-8087-exec-2][0;39m [35mb.c.marcielli.bancom.dao.ClienteDao[0;39m - Iniciando processamento do cliente: Cliente ID: 2
2025-05-15 18:18:32 [34mINFO [0;39m
				[36m[http-nio-8087-exec-2][0;39m [35mb.c.marcielli.bancom.dao.ClienteDao[0;39m - Iniciando processamento da conta: Conta ID: 2
2025-05-15 18:18:49 [39mDEBUG[0;39m
				[36m[http-nio-8087-exec-1][0;39m [35mo.s.security.web.FilterChainProxy[0;39m - Securing PUT /cartoes/2/ativar
2025-05-15 18:18:49 [34mINFO [0;39m
				[36m[http-nio-8087-exec-1][0;39m [35mb.c.m.bancom.filter.JwtAuthFilter[0;39m - Processando requisição para: /cartoes/2/ativar
2025-05-15 18:18:49 [39mDEBUG[0;39m
				[36m[http-nio-8087-exec-1][0;39m [35mo.s.security.web.FilterChainProxy[0;39m - Secured PUT /cartoes/2/ativar
2025-05-15 18:18:55 [39mDEBUG[0;39m
				[36m[http-nio-8087-exec-3][0;39m [35mo.s.security.web.FilterChainProxy[0;39m - Securing GET /users
2025-05-15 18:18:55 [34mINFO [0;39m
				[36m[http-nio-8087-exec-3][0;39m [35mb.c.m.bancom.filter.JwtAuthFilter[0;39m - Processando requisição para: /users
2025-05-15 18:18:55 [39mDEBUG[0;39m
				[36m[http-nio-8087-exec-3][0;39m [35mo.s.security.web.FilterChainProxy[0;39m - Secured GET /users
2025-05-15 18:18:55 [34mINFO [0;39m
				[36m[http-nio-8087-exec-3][0;39m [35mb.c.marcielli.bancom.dao.ClienteDao[0;39m - Iniciando processamento do cliente: Cliente ID: 1
2025-05-15 18:18:55 [34mINFO [0;39m
				[36m[http-nio-8087-exec-3][0;39m [35mb.c.marcielli.bancom.dao.ClienteDao[0;39m - Iniciando processamento da conta: Conta ID: 1
2025-05-15 18:18:55 [34mINFO [0;39m
				[36m[http-nio-8087-exec-3][0;39m [35mb.c.marcielli.bancom.dao.ClienteDao[0;39m - Iniciando processamento do cartão: Cartão ID: 1
2025-05-15 18:18:55 [34mINFO [0;39m
				[36m[http-nio-8087-exec-3][0;39m [35mb.c.marcielli.bancom.dao.ClienteDao[0;39m - Iniciando processamento da transferência enviada: Transferência ID: 2
2025-05-15 18:18:55 [34mINFO [0;39m
				[36m[http-nio-8087-exec-3][0;39m [35mb.c.marcielli.bancom.dao.ClienteDao[0;39m - Iniciando processamento do cliente: Cliente ID: 1
2025-05-15 18:18:55 [34mINFO [0;39m
				[36m[http-nio-8087-exec-3][0;39m [35mb.c.marcielli.bancom.dao.ClienteDao[0;39m - Iniciando processamento da conta: Conta ID: 1
2025-05-15 18:18:55 [34mINFO [0;39m
				[36m[http-nio-8087-exec-3][0;39m [35mb.c.marcielli.bancom.dao.ClienteDao[0;39m - Iniciando processamento da transferência enviada: Transferência ID: 1
2025-05-15 18:18:55 [34mINFO [0;39m
				[36m[http-nio-8087-exec-3][0;39m [35mb.c.marcielli.bancom.dao.ClienteDao[0;39m - Iniciando processamento do cliente: Cliente ID: 1
2025-05-15 18:18:55 [34mINFO [0;39m
				[36m[http-nio-8087-exec-3][0;39m [35mb.c.marcielli.bancom.dao.ClienteDao[0;39m - Iniciando processamento da conta: Conta ID: 1
2025-05-15 18:18:55 [34mINFO [0;39m
				[36m[http-nio-8087-exec-3][0;39m [35mb.c.marcielli.bancom.dao.ClienteDao[0;39m - Iniciando processamento da transferência enviada: Transferência ID: 4
2025-05-15 18:18:55 [34mINFO [0;39m
				[36m[http-nio-8087-exec-3][0;39m [35mb.c.marcielli.bancom.dao.ClienteDao[0;39m - Iniciando processamento do cliente: Cliente ID: 1
2025-05-15 18:18:55 [34mINFO [0;39m
				[36m[http-nio-8087-exec-3][0;39m [35mb.c.marcielli.bancom.dao.ClienteDao[0;39m - Iniciando processamento da conta: Conta ID: 1
2025-05-15 18:18:55 [34mINFO [0;39m
				[36m[http-nio-8087-exec-3][0;39m [35mb.c.marcielli.bancom.dao.ClienteDao[0;39m - Iniciando processamento da transferência enviada: Transferência ID: 3
2025-05-15 18:18:55 [34mINFO [0;39m
				[36m[http-nio-8087-exec-3][0;39m [35mb.c.marcielli.bancom.dao.ClienteDao[0;39m - Iniciando processamento do cliente: Cliente ID: 1
2025-05-15 18:18:55 [34mINFO [0;39m
				[36m[http-nio-8087-exec-3][0;39m [35mb.c.marcielli.bancom.dao.ClienteDao[0;39m - Iniciando processamento da conta: Conta ID: 1
2025-05-15 18:18:55 [34mINFO [0;39m
				[36m[http-nio-8087-exec-3][0;39m [35mb.c.marcielli.bancom.dao.ClienteDao[0;39m - Iniciando processamento da transferência enviada: Transferência ID: 5
2025-05-15 18:18:55 [34mINFO [0;39m
				[36m[http-nio-8087-exec-3][0;39m [35mb.c.marcielli.bancom.dao.ClienteDao[0;39m - Iniciando processamento do cliente: Cliente ID: 1
2025-05-15 18:18:55 [34mINFO [0;39m
				[36m[http-nio-8087-exec-3][0;39m [35mb.c.marcielli.bancom.dao.ClienteDao[0;39m - Iniciando processamento da conta: Conta ID: 1
2025-05-15 18:18:55 [34mINFO [0;39m
				[36m[http-nio-8087-exec-3][0;39m [35mb.c.marcielli.bancom.dao.ClienteDao[0;39m - Iniciando processamento da transferência enviada: Transferência ID: 8
2025-05-15 18:18:55 [34mINFO [0;39m
				[36m[http-nio-8087-exec-3][0;39m [35mb.c.marcielli.bancom.dao.ClienteDao[0;39m - Iniciando processamento do cliente: Cliente ID: 1
2025-05-15 18:18:55 [34mINFO [0;39m
				[36m[http-nio-8087-exec-3][0;39m [35mb.c.marcielli.bancom.dao.ClienteDao[0;39m - Iniciando processamento da conta: Conta ID: 1
2025-05-15 18:18:55 [34mINFO [0;39m
				[36m[http-nio-8087-exec-3][0;39m [35mb.c.marcielli.bancom.dao.ClienteDao[0;39m - Iniciando processamento da transferência enviada: Transferência ID: 7
2025-05-15 18:18:55 [34mINFO [0;39m
				[36m[http-nio-8087-exec-3][0;39m [35mb.c.marcielli.bancom.dao.ClienteDao[0;39m - Iniciando processamento do cliente: Cliente ID: 1
2025-05-15 18:18:55 [34mINFO [0;39m
				[36m[http-nio-8087-exec-3][0;39m [35mb.c.marcielli.bancom.dao.ClienteDao[0;39m - Iniciando processamento da conta: Conta ID: 1
2025-05-15 18:18:55 [34mINFO [0;39m
				[36m[http-nio-8087-exec-3][0;39m [35mb.c.marcielli.bancom.dao.ClienteDao[0;39m - Iniciando processamento da transferência enviada: Transferência ID: 6
2025-05-15 18:18:55 [34mINFO [0;39m
				[36m[http-nio-8087-exec-3][0;39m [35mb.c.marcielli.bancom.dao.ClienteDao[0;39m - Iniciando processamento do cliente: Cliente ID: 1
2025-05-15 18:18:55 [34mINFO [0;39m
				[36m[http-nio-8087-exec-3][0;39m [35mb.c.marcielli.bancom.dao.ClienteDao[0;39m - Iniciando processamento da conta: Conta ID: 1
2025-05-15 18:18:55 [34mINFO [0;39m
				[36m[http-nio-8087-exec-3][0;39m [35mb.c.marcielli.bancom.dao.ClienteDao[0;39m - Iniciando processamento da transferência enviada: Transferência ID: 9
2025-05-15 18:18:55 [34mINFO [0;39m
				[36m[http-nio-8087-exec-3][0;39m [35mb.c.marcielli.bancom.dao.ClienteDao[0;39m - Iniciando processamento do cliente: Cliente ID: 2
2025-05-15 18:18:55 [34mINFO [0;39m
				[36m[http-nio-8087-exec-3][0;39m [35mb.c.marcielli.bancom.dao.ClienteDao[0;39m - Iniciando processamento da conta: Conta ID: 2
2025-05-15 18:18:55 [34mINFO [0;39m
				[36m[http-nio-8087-exec-3][0;39m [35mb.c.marcielli.bancom.dao.ClienteDao[0;39m - Iniciando processamento do cartão: Cartão ID: 2
2025-05-15 18:18:55 [34mINFO [0;39m
				[36m[http-nio-8087-exec-3][0;39m [35mb.c.marcielli.bancom.dao.ClienteDao[0;39m - Iniciando processamento do cliente: Cliente ID: 2
2025-05-15 18:18:55 [34mINFO [0;39m
				[36m[http-nio-8087-exec-3][0;39m [35mb.c.marcielli.bancom.dao.ClienteDao[0;39m - Iniciando processamento da conta: Conta ID: 2
2025-05-15 18:18:55 [34mINFO [0;39m
				[36m[http-nio-8087-exec-3][0;39m [35mb.c.marcielli.bancom.dao.ClienteDao[0;39m - Iniciando processamento do cliente: Cliente ID: 2
2025-05-15 18:18:55 [34mINFO [0;39m
				[36m[http-nio-8087-exec-3][0;39m [35mb.c.marcielli.bancom.dao.ClienteDao[0;39m - Iniciando processamento da conta: Conta ID: 2
2025-05-15 18:18:55 [34mINFO [0;39m
				[36m[http-nio-8087-exec-3][0;39m [35mb.c.marcielli.bancom.dao.ClienteDao[0;39m - Iniciando processamento do cliente: Cliente ID: 2
2025-05-15 18:18:55 [34mINFO [0;39m
				[36m[http-nio-8087-exec-3][0;39m [35mb.c.marcielli.bancom.dao.ClienteDao[0;39m - Iniciando processamento da conta: Conta ID: 2
2025-05-15 18:18:55 [34mINFO [0;39m
				[36m[http-nio-8087-exec-3][0;39m [35mb.c.marcielli.bancom.dao.ClienteDao[0;39m - Iniciando processamento do cliente: Cliente ID: 2
2025-05-15 18:18:55 [34mINFO [0;39m
				[36m[http-nio-8087-exec-3][0;39m [35mb.c.marcielli.bancom.dao.ClienteDao[0;39m - Iniciando processamento da conta: Conta ID: 2
2025-05-15 18:18:55 [34mINFO [0;39m
				[36m[http-nio-8087-exec-3][0;39m [35mb.c.marcielli.bancom.dao.ClienteDao[0;39m - Iniciando processamento do cliente: Cliente ID: 2
2025-05-15 18:18:55 [34mINFO [0;39m
				[36m[http-nio-8087-exec-3][0;39m [35mb.c.marcielli.bancom.dao.ClienteDao[0;39m - Iniciando processamento da conta: Conta ID: 2
2025-05-15 18:18:55 [34mINFO [0;39m
				[36m[http-nio-8087-exec-3][0;39m [35mb.c.marcielli.bancom.dao.ClienteDao[0;39m - Iniciando processamento do cliente: Cliente ID: 2
2025-05-15 18:18:55 [34mINFO [0;39m
				[36m[http-nio-8087-exec-3][0;39m [35mb.c.marcielli.bancom.dao.ClienteDao[0;39m - Iniciando processamento da conta: Conta ID: 2
2025-05-15 18:19:07 [39mDEBUG[0;39m
				[36m[http-nio-8087-exec-4][0;39m [35mo.s.security.web.FilterChainProxy[0;39m - Securing POST /seguros
2025-05-15 18:19:07 [34mINFO [0;39m
				[36m[http-nio-8087-exec-4][0;39m [35mb.c.m.bancom.filter.JwtAuthFilter[0;39m - Processando requisição para: /seguros
2025-05-15 18:19:07 [39mDEBUG[0;39m
				[36m[http-nio-8087-exec-4][0;39m [35mo.s.security.web.FilterChainProxy[0;39m - Secured POST /seguros
2025-05-15 18:19:11 [39mDEBUG[0;39m
				[36m[http-nio-8087-exec-5][0;39m [35mo.s.security.web.FilterChainProxy[0;39m - Securing GET /users
2025-05-15 18:19:11 [34mINFO [0;39m
				[36m[http-nio-8087-exec-5][0;39m [35mb.c.m.bancom.filter.JwtAuthFilter[0;39m - Processando requisição para: /users
2025-05-15 18:19:11 [39mDEBUG[0;39m
				[36m[http-nio-8087-exec-5][0;39m [35mo.s.security.web.FilterChainProxy[0;39m - Secured GET /users
2025-05-15 18:19:11 [34mINFO [0;39m
				[36m[http-nio-8087-exec-5][0;39m [35mb.c.marcielli.bancom.dao.ClienteDao[0;39m - Iniciando processamento do cliente: Cliente ID: 1
2025-05-15 18:19:11 [34mINFO [0;39m
				[36m[http-nio-8087-exec-5][0;39m [35mb.c.marcielli.bancom.dao.ClienteDao[0;39m - Iniciando processamento da conta: Conta ID: 1
2025-05-15 18:19:11 [34mINFO [0;39m
				[36m[http-nio-8087-exec-5][0;39m [35mb.c.marcielli.bancom.dao.ClienteDao[0;39m - Iniciando processamento do cartão: Cartão ID: 1
2025-05-15 18:19:11 [34mINFO [0;39m
				[36m[http-nio-8087-exec-5][0;39m [35mb.c.marcielli.bancom.dao.ClienteDao[0;39m - Iniciando processamento da transferência enviada: Transferência ID: 2
2025-05-15 18:19:11 [34mINFO [0;39m
				[36m[http-nio-8087-exec-5][0;39m [35mb.c.marcielli.bancom.dao.ClienteDao[0;39m - Iniciando processamento do cliente: Cliente ID: 1
2025-05-15 18:19:11 [34mINFO [0;39m
				[36m[http-nio-8087-exec-5][0;39m [35mb.c.marcielli.bancom.dao.ClienteDao[0;39m - Iniciando processamento da conta: Conta ID: 1
2025-05-15 18:19:11 [34mINFO [0;39m
				[36m[http-nio-8087-exec-5][0;39m [35mb.c.marcielli.bancom.dao.ClienteDao[0;39m - Iniciando processamento da transferência enviada: Transferência ID: 1
2025-05-15 18:19:11 [34mINFO [0;39m
				[36m[http-nio-8087-exec-5][0;39m [35mb.c.marcielli.bancom.dao.ClienteDao[0;39m - Iniciando processamento do cliente: Cliente ID: 1
2025-05-15 18:19:11 [34mINFO [0;39m
				[36m[http-nio-8087-exec-5][0;39m [35mb.c.marcielli.bancom.dao.ClienteDao[0;39m - Iniciando processamento da conta: Conta ID: 1
2025-05-15 18:19:11 [34mINFO [0;39m
				[36m[http-nio-8087-exec-5][0;39m [35mb.c.marcielli.bancom.dao.ClienteDao[0;39m - Iniciando processamento da transferência enviada: Transferência ID: 4
2025-05-15 18:19:11 [34mINFO [0;39m
				[36m[http-nio-8087-exec-5][0;39m [35mb.c.marcielli.bancom.dao.ClienteDao[0;39m - Iniciando processamento do cliente: Cliente ID: 1
2025-05-15 18:19:11 [34mINFO [0;39m
				[36m[http-nio-8087-exec-5][0;39m [35mb.c.marcielli.bancom.dao.ClienteDao[0;39m - Iniciando processamento da conta: Conta ID: 1
2025-05-15 18:19:11 [34mINFO [0;39m
				[36m[http-nio-8087-exec-5][0;39m [35mb.c.marcielli.bancom.dao.ClienteDao[0;39m - Iniciando processamento da transferência enviada: Transferência ID: 3
2025-05-15 18:19:11 [34mINFO [0;39m
				[36m[http-nio-8087-exec-5][0;39m [35mb.c.marcielli.bancom.dao.ClienteDao[0;39m - Iniciando processamento do cliente: Cliente ID: 1
2025-05-15 18:19:11 [34mINFO [0;39m
				[36m[http-nio-8087-exec-5][0;39m [35mb.c.marcielli.bancom.dao.ClienteDao[0;39m - Iniciando processamento da conta: Conta ID: 1
2025-05-15 18:19:11 [34mINFO [0;39m
				[36m[http-nio-8087-exec-5][0;39m [35mb.c.marcielli.bancom.dao.ClienteDao[0;39m - Iniciando processamento da transferência enviada: Transferência ID: 5
2025-05-15 18:19:11 [34mINFO [0;39m
				[36m[http-nio-8087-exec-5][0;39m [35mb.c.marcielli.bancom.dao.ClienteDao[0;39m - Iniciando processamento do cliente: Cliente ID: 1
2025-05-15 18:19:11 [34mINFO [0;39m
				[36m[http-nio-8087-exec-5][0;39m [35mb.c.marcielli.bancom.dao.ClienteDao[0;39m - Iniciando processamento da conta: Conta ID: 1
2025-05-15 18:19:11 [34mINFO [0;39m
				[36m[http-nio-8087-exec-5][0;39m [35mb.c.marcielli.bancom.dao.ClienteDao[0;39m - Iniciando processamento da transferência enviada: Transferência ID: 8
2025-05-15 18:19:11 [34mINFO [0;39m
				[36m[http-nio-8087-exec-5][0;39m [35mb.c.marcielli.bancom.dao.ClienteDao[0;39m - Iniciando processamento do cliente: Cliente ID: 1
2025-05-15 18:19:11 [34mINFO [0;39m
				[36m[http-nio-8087-exec-5][0;39m [35mb.c.marcielli.bancom.dao.ClienteDao[0;39m - Iniciando processamento da conta: Conta ID: 1
2025-05-15 18:19:11 [34mINFO [0;39m
				[36m[http-nio-8087-exec-5][0;39m [35mb.c.marcielli.bancom.dao.ClienteDao[0;39m - Iniciando processamento da transferência enviada: Transferência ID: 7
2025-05-15 18:19:11 [34mINFO [0;39m
				[36m[http-nio-8087-exec-5][0;39m [35mb.c.marcielli.bancom.dao.ClienteDao[0;39m - Iniciando processamento do cliente: Cliente ID: 1
2025-05-15 18:19:11 [34mINFO [0;39m
				[36m[http-nio-8087-exec-5][0;39m [35mb.c.marcielli.bancom.dao.ClienteDao[0;39m - Iniciando processamento da conta: Conta ID: 1
2025-05-15 18:19:11 [34mINFO [0;39m
				[36m[http-nio-8087-exec-5][0;39m [35mb.c.marcielli.bancom.dao.ClienteDao[0;39m - Iniciando processamento da transferência enviada: Transferência ID: 6
2025-05-15 18:19:11 [34mINFO [0;39m
				[36m[http-nio-8087-exec-5][0;39m [35mb.c.marcielli.bancom.dao.ClienteDao[0;39m - Iniciando processamento do cliente: Cliente ID: 1
2025-05-15 18:19:11 [34mINFO [0;39m
				[36m[http-nio-8087-exec-5][0;39m [35mb.c.marcielli.bancom.dao.ClienteDao[0;39m - Iniciando processamento da conta: Conta ID: 1
2025-05-15 18:19:11 [34mINFO [0;39m
				[36m[http-nio-8087-exec-5][0;39m [35mb.c.marcielli.bancom.dao.ClienteDao[0;39m - Iniciando processamento da transferência enviada: Transferência ID: 9
2025-05-15 18:19:11 [34mINFO [0;39m
				[36m[http-nio-8087-exec-5][0;39m [35mb.c.marcielli.bancom.dao.ClienteDao[0;39m - Iniciando processamento do cliente: Cliente ID: 2
2025-05-15 18:19:11 [34mINFO [0;39m
				[36m[http-nio-8087-exec-5][0;39m [35mb.c.marcielli.bancom.dao.ClienteDao[0;39m - Iniciando processamento da conta: Conta ID: 2
2025-05-15 18:19:11 [34mINFO [0;39m
				[36m[http-nio-8087-exec-5][0;39m [35mb.c.marcielli.bancom.dao.ClienteDao[0;39m - Iniciando processamento do cartão: Cartão ID: 2
2025-05-15 18:19:11 [34mINFO [0;39m
				[36m[http-nio-8087-exec-5][0;39m [35mb.c.marcielli.bancom.dao.ClienteDao[0;39m - Iniciando processamento do cliente: Cliente ID: 2
2025-05-15 18:19:11 [34mINFO [0;39m
				[36m[http-nio-8087-exec-5][0;39m [35mb.c.marcielli.bancom.dao.ClienteDao[0;39m - Iniciando processamento da conta: Conta ID: 2
2025-05-15 18:19:11 [34mINFO [0;39m
				[36m[http-nio-8087-exec-5][0;39m [35mb.c.marcielli.bancom.dao.ClienteDao[0;39m - Iniciando processamento do cliente: Cliente ID: 2
2025-05-15 18:19:11 [34mINFO [0;39m
				[36m[http-nio-8087-exec-5][0;39m [35mb.c.marcielli.bancom.dao.ClienteDao[0;39m - Iniciando processamento da conta: Conta ID: 2
2025-05-15 18:19:11 [34mINFO [0;39m
				[36m[http-nio-8087-exec-5][0;39m [35mb.c.marcielli.bancom.dao.ClienteDao[0;39m - Iniciando processamento do cliente: Cliente ID: 2
2025-05-15 18:19:11 [34mINFO [0;39m
				[36m[http-nio-8087-exec-5][0;39m [35mb.c.marcielli.bancom.dao.ClienteDao[0;39m - Iniciando processamento da conta: Conta ID: 2
2025-05-15 18:19:11 [34mINFO [0;39m
				[36m[http-nio-8087-exec-5][0;39m [35mb.c.marcielli.bancom.dao.ClienteDao[0;39m - Iniciando processamento do cliente: Cliente ID: 2
2025-05-15 18:19:11 [34mINFO [0;39m
				[36m[http-nio-8087-exec-5][0;39m [35mb.c.marcielli.bancom.dao.ClienteDao[0;39m - Iniciando processamento da conta: Conta ID: 2
2025-05-15 18:19:11 [34mINFO [0;39m
				[36m[http-nio-8087-exec-5][0;39m [35mb.c.marcielli.bancom.dao.ClienteDao[0;39m - Iniciando processamento do cliente: Cliente ID: 2
2025-05-15 18:19:11 [34mINFO [0;39m
				[36m[http-nio-8087-exec-5][0;39m [35mb.c.marcielli.bancom.dao.ClienteDao[0;39m - Iniciando processamento da conta: Conta ID: 2
2025-05-15 18:19:11 [34mINFO [0;39m
				[36m[http-nio-8087-exec-5][0;39m [35mb.c.marcielli.bancom.dao.ClienteDao[0;39m - Iniciando processamento do cliente: Cliente ID: 2
2025-05-15 18:19:11 [34mINFO [0;39m
				[36m[http-nio-8087-exec-5][0;39m [35mb.c.marcielli.bancom.dao.ClienteDao[0;39m - Iniciando processamento da conta: Conta ID: 2
2025-05-15 18:19:21 [39mDEBUG[0;39m
				[36m[http-nio-8087-exec-6][0;39m [35mo.s.security.web.FilterChainProxy[0;39m - Securing GET /seguros
2025-05-15 18:19:21 [34mINFO [0;39m
				[36m[http-nio-8087-exec-6][0;39m [35mb.c.m.bancom.filter.JwtAuthFilter[0;39m - Processando requisição para: /seguros
2025-05-15 18:19:21 [39mDEBUG[0;39m
				[36m[http-nio-8087-exec-6][0;39m [35mo.s.security.web.FilterChainProxy[0;39m - Secured GET /seguros
2025-05-15 18:19:25 [39mDEBUG[0;39m
				[36m[http-nio-8087-exec-7][0;39m [35mo.s.security.web.FilterChainProxy[0;39m - Securing GET /seguros/1
2025-05-15 18:19:25 [34mINFO [0;39m
				[36m[http-nio-8087-exec-7][0;39m [35mb.c.m.bancom.filter.JwtAuthFilter[0;39m - Processando requisição para: /seguros/1
2025-05-15 18:19:25 [39mDEBUG[0;39m
				[36m[http-nio-8087-exec-7][0;39m [35mo.s.security.web.FilterChainProxy[0;39m - Secured GET /seguros/1
2025-05-15 18:19:28 [39mDEBUG[0;39m
				[36m[http-nio-8087-exec-8][0;39m [35mo.s.security.web.FilterChainProxy[0;39m - Securing GET /seguros/3
2025-05-15 18:19:28 [34mINFO [0;39m
				[36m[http-nio-8087-exec-8][0;39m [35mb.c.m.bancom.filter.JwtAuthFilter[0;39m - Processando requisição para: /seguros/3
2025-05-15 18:19:28 [39mDEBUG[0;39m
				[36m[http-nio-8087-exec-8][0;39m [35mo.s.security.web.FilterChainProxy[0;39m - Secured GET /seguros/3
2025-05-15 18:19:34 [39mDEBUG[0;39m
				[36m[http-nio-8087-exec-9][0;39m [35mo.s.security.web.FilterChainProxy[0;39m - Securing GET /users
2025-05-15 18:19:34 [34mINFO [0;39m
				[36m[http-nio-8087-exec-9][0;39m [35mb.c.m.bancom.filter.JwtAuthFilter[0;39m - Processando requisição para: /users
2025-05-15 18:19:34 [39mDEBUG[0;39m
				[36m[http-nio-8087-exec-9][0;39m [35mo.s.security.web.FilterChainProxy[0;39m - Secured GET /users
2025-05-15 18:19:34 [34mINFO [0;39m
				[36m[http-nio-8087-exec-9][0;39m [35mb.c.marcielli.bancom.dao.ClienteDao[0;39m - Iniciando processamento do cliente: Cliente ID: 1
2025-05-15 18:19:34 [34mINFO [0;39m
				[36m[http-nio-8087-exec-9][0;39m [35mb.c.marcielli.bancom.dao.ClienteDao[0;39m - Iniciando processamento da conta: Conta ID: 1
2025-05-15 18:19:34 [34mINFO [0;39m
				[36m[http-nio-8087-exec-9][0;39m [35mb.c.marcielli.bancom.dao.ClienteDao[0;39m - Iniciando processamento do cartão: Cartão ID: 1
2025-05-15 18:19:34 [34mINFO [0;39m
				[36m[http-nio-8087-exec-9][0;39m [35mb.c.marcielli.bancom.dao.ClienteDao[0;39m - Iniciando processamento da transferência enviada: Transferência ID: 2
2025-05-15 18:19:34 [34mINFO [0;39m
				[36m[http-nio-8087-exec-9][0;39m [35mb.c.marcielli.bancom.dao.ClienteDao[0;39m - Iniciando processamento do cliente: Cliente ID: 1
2025-05-15 18:19:34 [34mINFO [0;39m
				[36m[http-nio-8087-exec-9][0;39m [35mb.c.marcielli.bancom.dao.ClienteDao[0;39m - Iniciando processamento da conta: Conta ID: 1
2025-05-15 18:19:34 [34mINFO [0;39m
				[36m[http-nio-8087-exec-9][0;39m [35mb.c.marcielli.bancom.dao.ClienteDao[0;39m - Iniciando processamento da transferência enviada: Transferência ID: 1
2025-05-15 18:19:34 [34mINFO [0;39m
				[36m[http-nio-8087-exec-9][0;39m [35mb.c.marcielli.bancom.dao.ClienteDao[0;39m - Iniciando processamento do cliente: Cliente ID: 1
2025-05-15 18:19:34 [34mINFO [0;39m
				[36m[http-nio-8087-exec-9][0;39m [35mb.c.marcielli.bancom.dao.ClienteDao[0;39m - Iniciando processamento da conta: Conta ID: 1
2025-05-15 18:19:34 [34mINFO [0;39m
				[36m[http-nio-8087-exec-9][0;39m [35mb.c.marcielli.bancom.dao.ClienteDao[0;39m - Iniciando processamento da transferência enviada: Transferência ID: 4
2025-05-15 18:19:34 [34mINFO [0;39m
				[36m[http-nio-8087-exec-9][0;39m [35mb.c.marcielli.bancom.dao.ClienteDao[0;39m - Iniciando processamento do cliente: Cliente ID: 1
2025-05-15 18:19:34 [34mINFO [0;39m
				[36m[http-nio-8087-exec-9][0;39m [35mb.c.marcielli.bancom.dao.ClienteDao[0;39m - Iniciando processamento da conta: Conta ID: 1
2025-05-15 18:19:34 [34mINFO [0;39m
				[36m[http-nio-8087-exec-9][0;39m [35mb.c.marcielli.bancom.dao.ClienteDao[0;39m - Iniciando processamento da transferência enviada: Transferência ID: 3
2025-05-15 18:19:34 [34mINFO [0;39m
				[36m[http-nio-8087-exec-9][0;39m [35mb.c.marcielli.bancom.dao.ClienteDao[0;39m - Iniciando processamento do cliente: Cliente ID: 1
2025-05-15 18:19:34 [34mINFO [0;39m
				[36m[http-nio-8087-exec-9][0;39m [35mb.c.marcielli.bancom.dao.ClienteDao[0;39m - Iniciando processamento da conta: Conta ID: 1
2025-05-15 18:19:34 [34mINFO [0;39m
				[36m[http-nio-8087-exec-9][0;39m [35mb.c.marcielli.bancom.dao.ClienteDao[0;39m - Iniciando processamento da transferência enviada: Transferência ID: 5
2025-05-15 18:19:34 [34mINFO [0;39m
				[36m[http-nio-8087-exec-9][0;39m [35mb.c.marcielli.bancom.dao.ClienteDao[0;39m - Iniciando processamento do cliente: Cliente ID: 1
2025-05-15 18:19:34 [34mINFO [0;39m
				[36m[http-nio-8087-exec-9][0;39m [35mb.c.marcielli.bancom.dao.ClienteDao[0;39m - Iniciando processamento da conta: Conta ID: 1
2025-05-15 18:19:34 [34mINFO [0;39m
				[36m[http-nio-8087-exec-9][0;39m [35mb.c.marcielli.bancom.dao.ClienteDao[0;39m - Iniciando processamento da transferência enviada: Transferência ID: 8
2025-05-15 18:19:34 [34mINFO [0;39m
				[36m[http-nio-8087-exec-9][0;39m [35mb.c.marcielli.bancom.dao.ClienteDao[0;39m - Iniciando processamento do cliente: Cliente ID: 1
2025-05-15 18:19:34 [34mINFO [0;39m
				[36m[http-nio-8087-exec-9][0;39m [35mb.c.marcielli.bancom.dao.ClienteDao[0;39m - Iniciando processamento da conta: Conta ID: 1
2025-05-15 18:19:34 [34mINFO [0;39m
				[36m[http-nio-8087-exec-9][0;39m [35mb.c.marcielli.bancom.dao.ClienteDao[0;39m - Iniciando processamento da transferência enviada: Transferência ID: 7
2025-05-15 18:19:34 [34mINFO [0;39m
				[36m[http-nio-8087-exec-9][0;39m [35mb.c.marcielli.bancom.dao.ClienteDao[0;39m - Iniciando processamento do cliente: Cliente ID: 1
2025-05-15 18:19:34 [34mINFO [0;39m
				[36m[http-nio-8087-exec-9][0;39m [35mb.c.marcielli.bancom.dao.ClienteDao[0;39m - Iniciando processamento da conta: Conta ID: 1
2025-05-15 18:19:34 [34mINFO [0;39m
				[36m[http-nio-8087-exec-9][0;39m [35mb.c.marcielli.bancom.dao.ClienteDao[0;39m - Iniciando processamento da transferência enviada: Transferência ID: 6
2025-05-15 18:19:34 [34mINFO [0;39m
				[36m[http-nio-8087-exec-9][0;39m [35mb.c.marcielli.bancom.dao.ClienteDao[0;39m - Iniciando processamento do cliente: Cliente ID: 1
2025-05-15 18:19:34 [34mINFO [0;39m
				[36m[http-nio-8087-exec-9][0;39m [35mb.c.marcielli.bancom.dao.ClienteDao[0;39m - Iniciando processamento da conta: Conta ID: 1
2025-05-15 18:19:34 [34mINFO [0;39m
				[36m[http-nio-8087-exec-9][0;39m [35mb.c.marcielli.bancom.dao.ClienteDao[0;39m - Iniciando processamento da transferência enviada: Transferência ID: 9
2025-05-15 18:19:34 [34mINFO [0;39m
				[36m[http-nio-8087-exec-9][0;39m [35mb.c.marcielli.bancom.dao.ClienteDao[0;39m - Iniciando processamento do cliente: Cliente ID: 2
2025-05-15 18:19:34 [34mINFO [0;39m
				[36m[http-nio-8087-exec-9][0;39m [35mb.c.marcielli.bancom.dao.ClienteDao[0;39m - Iniciando processamento da conta: Conta ID: 2
2025-05-15 18:19:34 [34mINFO [0;39m
				[36m[http-nio-8087-exec-9][0;39m [35mb.c.marcielli.bancom.dao.ClienteDao[0;39m - Iniciando processamento do cartão: Cartão ID: 2
2025-05-15 18:19:34 [34mINFO [0;39m
				[36m[http-nio-8087-exec-9][0;39m [35mb.c.marcielli.bancom.dao.ClienteDao[0;39m - Iniciando processamento do cliente: Cliente ID: 2
2025-05-15 18:19:34 [34mINFO [0;39m
				[36m[http-nio-8087-exec-9][0;39m [35mb.c.marcielli.bancom.dao.ClienteDao[0;39m - Iniciando processamento da conta: Conta ID: 2
2025-05-15 18:19:34 [34mINFO [0;39m
				[36m[http-nio-8087-exec-9][0;39m [35mb.c.marcielli.bancom.dao.ClienteDao[0;39m - Iniciando processamento do cliente: Cliente ID: 2
2025-05-15 18:19:34 [34mINFO [0;39m
				[36m[http-nio-8087-exec-9][0;39m [35mb.c.marcielli.bancom.dao.ClienteDao[0;39m - Iniciando processamento da conta: Conta ID: 2
2025-05-15 18:19:34 [34mINFO [0;39m
				[36m[http-nio-8087-exec-9][0;39m [35mb.c.marcielli.bancom.dao.ClienteDao[0;39m - Iniciando processamento do cliente: Cliente ID: 2
2025-05-15 18:19:34 [34mINFO [0;39m
				[36m[http-nio-8087-exec-9][0;39m [35mb.c.marcielli.bancom.dao.ClienteDao[0;39m - Iniciando processamento da conta: Conta ID: 2
2025-05-15 18:19:34 [34mINFO [0;39m
				[36m[http-nio-8087-exec-9][0;39m [35mb.c.marcielli.bancom.dao.ClienteDao[0;39m - Iniciando processamento do cliente: Cliente ID: 2
2025-05-15 18:19:34 [34mINFO [0;39m
				[36m[http-nio-8087-exec-9][0;39m [35mb.c.marcielli.bancom.dao.ClienteDao[0;39m - Iniciando processamento da conta: Conta ID: 2
2025-05-15 18:19:34 [34mINFO [0;39m
				[36m[http-nio-8087-exec-9][0;39m [35mb.c.marcielli.bancom.dao.ClienteDao[0;39m - Iniciando processamento do cliente: Cliente ID: 2
2025-05-15 18:19:34 [34mINFO [0;39m
				[36m[http-nio-8087-exec-9][0;39m [35mb.c.marcielli.bancom.dao.ClienteDao[0;39m - Iniciando processamento da conta: Conta ID: 2
2025-05-15 18:19:34 [34mINFO [0;39m
				[36m[http-nio-8087-exec-9][0;39m [35mb.c.marcielli.bancom.dao.ClienteDao[0;39m - Iniciando processamento do cliente: Cliente ID: 2
2025-05-15 18:19:34 [34mINFO [0;39m
				[36m[http-nio-8087-exec-9][0;39m [35mb.c.marcielli.bancom.dao.ClienteDao[0;39m - Iniciando processamento da conta: Conta ID: 2
2025-05-15 20:00:00 [34mINFO [0;39m
				[36m[scheduling-1][0;39m [35mb.c.m.b.service.ExchangeRateService[0;39m - Cache de taxas limpo em 2025-05-15T20:00:00.020212600
2025-05-15 20:00:00 [34mINFO [0;39m
				[36m[scheduling-1][0;39m [35mb.c.m.b.c.TaxaCambioScheduler[0;39m - Taxas atualizadas em: 2025-05-15T20:00:00.020212600
