2025-05-28 15:17:36 [34mINFO [0;39m
				[36m[background-preinit][0;39m [35mo.h.validator.internal.util.Version[0;39m - HV000001: Hibernate Validator 8.0.2.Final
2025-05-28 15:17:36 [34mINFO [0;39m
				[36m[main][0;39m [35mb.c.m.bancom.BancoMApplication[0;39m - Starting BancoMApplication using Java 21.0.6 with PID 12792 (C:\Users\Marcielli\eclipse-workspace\bancom\target\classes started by Marcielli in C:\Users\Marcielli\eclipse-workspace\bancom)
2025-05-28 15:17:36 [34mINFO [0;39m
				[36m[main][0;39m [35mb.c.m.bancom.BancoMApplication[0;39m - No active profile set, falling back to 1 default profile: "default"
2025-05-28 15:17:38 [34mINFO [0;39m
				[36m[main][0;39m [35mo.a.coyote.http11.Http11NioProtocol[0;39m - Initializing ProtocolHandler ["http-nio-8087"]
2025-05-28 15:17:38 [34mINFO [0;39m
				[36m[main][0;39m [35mo.a.catalina.core.StandardService[0;39m - Starting service [Tomcat]
2025-05-28 15:17:38 [34mINFO [0;39m
				[36m[main][0;39m [35mo.a.catalina.core.StandardEngine[0;39m - Starting Servlet engine: [Apache Tomcat/10.1.40]
2025-05-28 15:17:38 [34mINFO [0;39m
				[36m[main][0;39m [35mo.a.c.c.C.[Tomcat].[localhost].[/][0;39m - Initializing Spring embedded WebApplicationContext
2025-05-28 15:17:38 [1;31mERROR[0;39m
				[36m[main][0;39m [35mb.c.m.bancom.service.JwtService[0;39m - Tamanho da chave:'352 bits'.
2025-05-28 15:17:38 [1;31mERROR[0;39m
				[36m[main][0;39m [35mb.c.m.bancom.service.JwtService[0;39m - ========= CHAVE JWT CARREGADA =========
2025-05-28 15:17:38 [34mINFO [0;39m
				[36m[main][0;39m [35mcom.zaxxer.hikari.HikariDataSource[0;39m - HikariPool-1 - Starting...
2025-05-28 15:17:38 [34mINFO [0;39m
				[36m[main][0;39m [35mcom.zaxxer.hikari.pool.HikariPool[0;39m - HikariPool-1 - Added connection org.postgresql.jdbc.PgConnection@31a136a6
2025-05-28 15:17:38 [34mINFO [0;39m
				[36m[main][0;39m [35mcom.zaxxer.hikari.HikariDataSource[0;39m - HikariPool-1 - Start completed.
2025-05-28 15:17:38 [34mINFO [0;39m
				[36m[main][0;39m [35mo.s.s.c.a.a.c.InitializeUserDetailsBeanManagerConfigurer$InitializeUserDetailsManagerConfigurer[0;39m - Global AuthenticationManager configured with UserDetailsService bean with name userClienteService
2025-05-28 15:17:38 [39mDEBUG[0;39m
				[36m[main][0;39m [35mo.s.s.web.DefaultSecurityFilterChain[0;39m - Will secure any request with filters: DisableEncodeUrlFilter, WebAsyncManagerIntegrationFilter, SecurityContextHolderFilter, HeaderWriterFilter, LogoutFilter, JwtAuthFilter, RequestCacheAwareFilter, SecurityContextHolderAwareRequestFilter, AnonymousAuthenticationFilter, SessionManagementFilter, ExceptionTranslationFilter, AuthorizationFilter
2025-05-28 15:17:39 [34mINFO [0;39m
				[36m[main][0;39m [35mo.a.coyote.http11.Http11NioProtocol[0;39m - Starting ProtocolHandler ["http-nio-8087"]
2025-05-28 15:17:39 [34mINFO [0;39m
				[36m[main][0;39m [35mb.c.m.bancom.BancoMApplication[0;39m - Started BancoMApplication in 2.686 seconds (process running for 2.924)
2025-05-28 15:17:39 [34mINFO [0;39m
				[36m[main][0;39m [35mbr.com.marcielli.bancom.dao.UserDao[0;39m - Chamando função get_usuario_completo_by_username_v1 com username: admin
2025-05-28 15:17:39 [34mINFO [0;39m
				[36m[main][0;39m [35mbr.com.marcielli.bancom.dao.UserDao[0;39m - Usuário encontrado via função: admin
2025-05-28 15:17:39 [34mINFO [0;39m
				[36m[main][0;39m [35mb.c.m.b.c.AdminInitializer[0;39m - Admin já existe. Não é necessário cadastrar novamente!
2025-05-28 15:17:42 [34mINFO [0;39m
				[36m[http-nio-8087-exec-2][0;39m [35mo.a.c.c.C.[Tomcat].[localhost].[/][0;39m - Initializing Spring DispatcherServlet 'dispatcherServlet'
2025-05-28 15:17:42 [39mDEBUG[0;39m
				[36m[http-nio-8087-exec-2][0;39m [35mo.s.security.web.FilterChainProxy[0;39m - Securing GET /cartoes/1/fatura
2025-05-28 15:17:42 [34mINFO [0;39m
				[36m[http-nio-8087-exec-2][0;39m [35mb.c.m.bancom.filter.JwtAuthFilter[0;39m - Processando requisição para: /cartoes/1/fatura
2025-05-28 15:17:42 [34mINFO [0;39m
				[36m[http-nio-8087-exec-2][0;39m [35mb.c.m.bancom.filter.JwtAuthFilter[0;39m - Role no JWT Auth Filter: ADMIN
2025-05-28 15:17:42 [39mDEBUG[0;39m
				[36m[http-nio-8087-exec-2][0;39m [35mo.s.security.web.FilterChainProxy[0;39m - Secured GET /cartoes/1/fatura
2025-05-28 15:17:42 [34mINFO [0;39m
				[36m[http-nio-8087-exec-2][0;39m [35mb.c.m.b.service.UserCartaoService[0;39m - Cartão Id dto 1
2025-05-28 15:17:42 [34mINFO [0;39m
				[36m[http-nio-8087-exec-2][0;39m [35mbr.com.marcielli.bancom.dao.UserDao[0;39m - Chamando função get_usuario_completo_by_username_v1 com username: admin
2025-05-28 15:17:42 [34mINFO [0;39m
				[36m[http-nio-8087-exec-2][0;39m [35mbr.com.marcielli.bancom.dao.UserDao[0;39m - Usuário encontrado via função: admin
2025-05-28 15:17:42 [34mINFO [0;39m
				[36m[http-nio-8087-exec-2][0;39m [35mb.com.marcielli.bancom.dao.CartaoDao[0;39m - Iniciando busca pelo cartão com ID: 1
2025-05-28 15:17:42 [34mINFO [0;39m
				[36m[http-nio-8087-exec-2][0;39m [35mb.com.marcielli.bancom.dao.CartaoDao[0;39m - Cartão encontrado: CartaoCredito(limiteCreditoPreAprovado=8978, taxaUtilizacao=null, taxaSeguroViagem=null, totalGastoMesCredito=22)
2025-05-28 15:17:42 [34mINFO [0;39m
				[36m[http-nio-8087-exec-2][0;39m [35mb.c.m.b.service.UserCartaoService[0;39m - cartao.getid: 1
2025-05-28 15:17:42 [1;31mERROR[0;39m
				[36m[http-nio-8087-exec-2][0;39m [35mb.c.m.b.service.UserClienteService[0;39m - Erro inesperado: 
org.springframework.jdbc.BadSqlGrammarException: PreparedStatementCallback; bad SQL grammar [SELECT * FROM public.buscar_fatura_com_transferencias_por_cartao_id_v1(?)]
	at org.springframework.jdbc.support.SQLStateSQLExceptionTranslator.doTranslate(SQLStateSQLExceptionTranslator.java:112)
	at org.springframework.jdbc.support.AbstractFallbackSQLExceptionTranslator.translate(AbstractFallbackSQLExceptionTranslator.java:107)
	at org.springframework.jdbc.support.AbstractFallbackSQLExceptionTranslator.translate(AbstractFallbackSQLExceptionTranslator.java:116)
	at org.springframework.jdbc.core.JdbcTemplate.translateException(JdbcTemplate.java:1556)
	at org.springframework.jdbc.core.JdbcTemplate.execute(JdbcTemplate.java:677)
	at org.springframework.jdbc.core.JdbcTemplate.query(JdbcTemplate.java:723)
	at org.springframework.jdbc.core.JdbcTemplate.query(JdbcTemplate.java:754)
	at org.springframework.jdbc.core.JdbcTemplate.query(JdbcTemplate.java:767)
	at org.springframework.jdbc.core.JdbcTemplate.query(JdbcTemplate.java:825)
	at br.com.marcielli.bancom.dao.CartaoDao.buscarFaturaComTransferenciasPorCartaoId(CartaoDao.java:419)
	at br.com.marcielli.bancom.service.UserCartaoService.verFaturaCartaoCredito(UserCartaoService.java:627)
	at java.base/jdk.internal.reflect.DirectMethodHandleAccessor.invoke(DirectMethodHandleAccessor.java:103)
	at java.base/java.lang.reflect.Method.invoke(Method.java:580)
	at org.springframework.aop.support.AopUtils.invokeJoinpointUsingReflection(AopUtils.java:359)
	at org.springframework.aop.framework.ReflectiveMethodInvocation.invokeJoinpoint(ReflectiveMethodInvocation.java:196)
	at org.springframework.aop.framework.ReflectiveMethodInvocation.proceed(ReflectiveMethodInvocation.java:163)
	at org.springframework.transaction.interceptor.TransactionAspectSupport.invokeWithinTransaction(TransactionAspectSupport.java:380)
	at org.springframework.transaction.interceptor.TransactionInterceptor.invoke(TransactionInterceptor.java:119)
	at org.springframework.aop.framework.ReflectiveMethodInvocation.proceed(ReflectiveMethodInvocation.java:184)
	at org.springframework.aop.framework.CglibAopProxy$DynamicAdvisedInterceptor.intercept(CglibAopProxy.java:728)
	at br.com.marcielli.bancom.service.UserCartaoService$$SpringCGLIB$$0.verFaturaCartaoCredito(<generated>)
	at br.com.marcielli.bancom.controller.UserCartaoController.getFaturaCartaoDeCredito(UserCartaoController.java:163)
	at java.base/jdk.internal.reflect.DirectMethodHandleAccessor.invoke(DirectMethodHandleAccessor.java:103)
	at java.base/java.lang.reflect.Method.invoke(Method.java:580)
	at org.springframework.web.method.support.InvocableHandlerMethod.doInvoke(InvocableHandlerMethod.java:258)
	at org.springframework.web.method.support.InvocableHandlerMethod.invokeForRequest(InvocableHandlerMethod.java:191)
	at org.springframework.web.servlet.mvc.method.annotation.ServletInvocableHandlerMethod.invokeAndHandle(ServletInvocableHandlerMethod.java:118)
	at org.springframework.web.servlet.mvc.method.annotation.RequestMappingHandlerAdapter.invokeHandlerMethod(RequestMappingHandlerAdapter.java:986)
	at org.springframework.web.servlet.mvc.method.annotation.RequestMappingHandlerAdapter.handleInternal(RequestMappingHandlerAdapter.java:891)
	at org.springframework.web.servlet.mvc.method.AbstractHandlerMethodAdapter.handle(AbstractHandlerMethodAdapter.java:87)
	at org.springframework.web.servlet.DispatcherServlet.doDispatch(DispatcherServlet.java:1089)
	at org.springframework.web.servlet.DispatcherServlet.doService(DispatcherServlet.java:979)
	at org.springframework.web.servlet.FrameworkServlet.processRequest(FrameworkServlet.java:1014)
	at org.springframework.web.servlet.FrameworkServlet.doGet(FrameworkServlet.java:903)
	at jakarta.servlet.http.HttpServlet.service(HttpServlet.java:564)
	at org.springframework.web.servlet.FrameworkServlet.service(FrameworkServlet.java:885)
	at jakarta.servlet.http.HttpServlet.service(HttpServlet.java:658)
	at org.apache.catalina.core.ApplicationFilterChain.internalDoFilter(ApplicationFilterChain.java:195)
	at org.apache.catalina.core.ApplicationFilterChain.doFilter(ApplicationFilterChain.java:140)
	at org.apache.tomcat.websocket.server.WsFilter.doFilter(WsFilter.java:51)
	at org.apache.catalina.core.ApplicationFilterChain.internalDoFilter(ApplicationFilterChain.java:164)
	at org.apache.catalina.core.ApplicationFilterChain.doFilter(ApplicationFilterChain.java:140)
	at org.springframework.web.filter.OncePerRequestFilter.doFilter(OncePerRequestFilter.java:110)
	at org.apache.catalina.core.ApplicationFilterChain.internalDoFilter(ApplicationFilterChain.java:164)
	at org.apache.catalina.core.ApplicationFilterChain.doFilter(ApplicationFilterChain.java:140)
	at org.springframework.web.filter.CompositeFilter$VirtualFilterChain.doFilter(CompositeFilter.java:108)
	at org.springframework.security.web.FilterChainProxy.lambda$doFilterInternal$3(FilterChainProxy.java:231)
	at org.springframework.security.web.FilterChainProxy$VirtualFilterChain.doFilter(FilterChainProxy.java:365)
	at org.springframework.security.web.access.intercept.AuthorizationFilter.doFilter(AuthorizationFilter.java:101)
	at org.springframework.security.web.FilterChainProxy$VirtualFilterChain.doFilter(FilterChainProxy.java:374)
	at org.springframework.security.web.access.ExceptionTranslationFilter.doFilter(ExceptionTranslationFilter.java:126)
	at org.springframework.security.web.access.ExceptionTranslationFilter.doFilter(ExceptionTranslationFilter.java:120)
	at org.springframework.security.web.FilterChainProxy$VirtualFilterChain.doFilter(FilterChainProxy.java:374)
	at org.springframework.security.web.session.SessionManagementFilter.doFilter(SessionManagementFilter.java:131)
	at org.springframework.security.web.session.SessionManagementFilter.doFilter(SessionManagementFilter.java:85)
	at org.springframework.security.web.FilterChainProxy$VirtualFilterChain.doFilter(FilterChainProxy.java:374)
	at org.springframework.security.web.authentication.AnonymousAuthenticationFilter.doFilter(AnonymousAuthenticationFilter.java:100)
	at org.springframework.security.web.FilterChainProxy$VirtualFilterChain.doFilter(FilterChainProxy.java:374)
	at org.springframework.security.web.servletapi.SecurityContextHolderAwareRequestFilter.doFilter(SecurityContextHolderAwareRequestFilter.java:179)
	at org.springframework.security.web.FilterChainProxy$VirtualFilterChain.doFilter(FilterChainProxy.java:374)
	at org.springframework.security.web.savedrequest.RequestCacheAwareFilter.doFilter(RequestCacheAwareFilter.java:63)
	at org.springframework.security.web.FilterChainProxy$VirtualFilterChain.doFilter(FilterChainProxy.java:374)
	at br.com.marcielli.bancom.filter.JwtAuthFilter.doFilterInternal(JwtAuthFilter.java:88)
	at org.springframework.web.filter.OncePerRequestFilter.doFilter(OncePerRequestFilter.java:116)
	at org.springframework.security.web.FilterChainProxy$VirtualFilterChain.doFilter(FilterChainProxy.java:374)
	at org.springframework.security.web.authentication.logout.LogoutFilter.doFilter(LogoutFilter.java:107)
	at org.springframework.security.web.authentication.logout.LogoutFilter.doFilter(LogoutFilter.java:93)
	at org.springframework.security.web.FilterChainProxy$VirtualFilterChain.doFilter(FilterChainProxy.java:374)
	at org.springframework.security.web.header.HeaderWriterFilter.doHeadersAfter(HeaderWriterFilter.java:90)
	at org.springframework.security.web.header.HeaderWriterFilter.doFilterInternal(HeaderWriterFilter.java:75)
	at org.springframework.web.filter.OncePerRequestFilter.doFilter(OncePerRequestFilter.java:116)
	at org.springframework.security.web.FilterChainProxy$VirtualFilterChain.doFilter(FilterChainProxy.java:374)
	at org.springframework.security.web.context.SecurityContextHolderFilter.doFilter(SecurityContextHolderFilter.java:82)
	at org.springframework.security.web.context.SecurityContextHolderFilter.doFilter(SecurityContextHolderFilter.java:69)
	at org.springframework.security.web.FilterChainProxy$VirtualFilterChain.doFilter(FilterChainProxy.java:374)
	at org.springframework.security.web.context.request.async.WebAsyncManagerIntegrationFilter.doFilterInternal(WebAsyncManagerIntegrationFilter.java:62)
	at org.springframework.web.filter.OncePerRequestFilter.doFilter(OncePerRequestFilter.java:116)
	at org.springframework.security.web.FilterChainProxy$VirtualFilterChain.doFilter(FilterChainProxy.java:374)
	at org.springframework.security.web.session.DisableEncodeUrlFilter.doFilterInternal(DisableEncodeUrlFilter.java:42)
	at org.springframework.web.filter.OncePerRequestFilter.doFilter(OncePerRequestFilter.java:116)
	at org.springframework.security.web.FilterChainProxy$VirtualFilterChain.doFilter(FilterChainProxy.java:374)
	at org.springframework.security.web.FilterChainProxy.doFilterInternal(FilterChainProxy.java:233)
	at org.springframework.security.web.FilterChainProxy.doFilter(FilterChainProxy.java:191)
	at org.springframework.web.filter.CompositeFilter$VirtualFilterChain.doFilter(CompositeFilter.java:113)
	at org.springframework.web.servlet.handler.HandlerMappingIntrospector.lambda$createCacheFilter$3(HandlerMappingIntrospector.java:243)
	at org.springframework.web.filter.CompositeFilter$VirtualFilterChain.doFilter(CompositeFilter.java:113)
	at org.springframework.web.filter.CompositeFilter.doFilter(CompositeFilter.java:74)
	at org.springframework.security.config.annotation.web.configuration.WebMvcSecurityConfiguration$CompositeFilterChainProxy.doFilter(WebMvcSecurityConfiguration.java:238)
	at org.springframework.web.filter.DelegatingFilterProxy.invokeDelegate(DelegatingFilterProxy.java:362)
	at org.springframework.web.filter.DelegatingFilterProxy.doFilter(DelegatingFilterProxy.java:278)
	at org.apache.catalina.core.ApplicationFilterChain.internalDoFilter(ApplicationFilterChain.java:164)
	at org.apache.catalina.core.ApplicationFilterChain.doFilter(ApplicationFilterChain.java:140)
	at org.springframework.web.filter.RequestContextFilter.doFilterInternal(RequestContextFilter.java:100)
	at org.springframework.web.filter.OncePerRequestFilter.doFilter(OncePerRequestFilter.java:116)
	at org.apache.catalina.core.ApplicationFilterChain.internalDoFilter(ApplicationFilterChain.java:164)
	at org.apache.catalina.core.ApplicationFilterChain.doFilter(ApplicationFilterChain.java:140)
	at org.springframework.web.filter.FormContentFilter.doFilterInternal(FormContentFilter.java:93)
	at org.springframework.web.filter.OncePerRequestFilter.doFilter(OncePerRequestFilter.java:116)
	at org.apache.catalina.core.ApplicationFilterChain.internalDoFilter(ApplicationFilterChain.java:164)
	at org.apache.catalina.core.ApplicationFilterChain.doFilter(ApplicationFilterChain.java:140)
	at org.springframework.web.filter.CharacterEncodingFilter.doFilterInternal(CharacterEncodingFilter.java:201)
	at org.springframework.web.filter.OncePerRequestFilter.doFilter(OncePerRequestFilter.java:116)
	at org.apache.catalina.core.ApplicationFilterChain.internalDoFilter(ApplicationFilterChain.java:164)
	at org.apache.catalina.core.ApplicationFilterChain.doFilter(ApplicationFilterChain.java:140)
	at org.apache.catalina.core.StandardWrapperValve.invoke(StandardWrapperValve.java:167)
	at org.apache.catalina.core.StandardContextValve.invoke(StandardContextValve.java:90)
	at org.apache.catalina.authenticator.AuthenticatorBase.invoke(AuthenticatorBase.java:483)
	at org.apache.catalina.core.StandardHostValve.invoke(StandardHostValve.java:116)
	at org.apache.catalina.valves.ErrorReportValve.invoke(ErrorReportValve.java:93)
	at org.apache.catalina.core.StandardEngineValve.invoke(StandardEngineValve.java:74)
	at org.apache.catalina.connector.CoyoteAdapter.service(CoyoteAdapter.java:344)
	at org.apache.coyote.http11.Http11Processor.service(Http11Processor.java:398)
	at org.apache.coyote.AbstractProcessorLight.process(AbstractProcessorLight.java:63)
	at org.apache.coyote.AbstractProtocol$ConnectionHandler.process(AbstractProtocol.java:903)
	at org.apache.tomcat.util.net.NioEndpoint$SocketProcessor.doRun(NioEndpoint.java:1740)
	at org.apache.tomcat.util.net.SocketProcessorBase.run(SocketProcessorBase.java:52)
	at org.apache.tomcat.util.threads.ThreadPoolExecutor.runWorker(ThreadPoolExecutor.java:1189)
	at org.apache.tomcat.util.threads.ThreadPoolExecutor$Worker.run(ThreadPoolExecutor.java:658)
	at org.apache.tomcat.util.threads.TaskThread$WrappingRunnable.run(TaskThread.java:63)
	at java.base/java.lang.Thread.run(Thread.java:1583)
Caused by: org.postgresql.util.PSQLException: ERRO: structure of query does not match function result type
  Detalhe: Tipo character varying(50) retornado não corresponde ao tipo text esperado na coluna 13.
  Onde: comando SQL "SELECT 
        f.id,
        f.cartao_id,
        f.valor_total,
        f.data_vencimento,
        f.status,
        t.id,
        t.valor,
        t.data, 
		t.id_cliente_origem,
		t.id_cliente_destino,
        t.id_conta_origem,
        t.id_conta_destino,
		t.codigo_operacao,
		t.tipo_cartao
    FROM faturas f
    LEFT JOIN fatura_transferencias ft ON f.id = ft.fatura_id
    LEFT JOIN transferencias t ON ft.transferencia_id = t.id
    WHERE f.cartao_id = p_cartao_id"
função PL/pgSQL buscar_fatura_com_transferencias_por_cartao_id_v1(bigint) linha 3 em RETURN QUERY
	at org.postgresql.core.v3.QueryExecutorImpl.receiveErrorResponse(QueryExecutorImpl.java:2733)
	at org.postgresql.core.v3.QueryExecutorImpl.processResults(QueryExecutorImpl.java:2420)
	at org.postgresql.core.v3.QueryExecutorImpl.execute(QueryExecutorImpl.java:372)
	at org.postgresql.jdbc.PgStatement.executeInternal(PgStatement.java:517)
	at org.postgresql.jdbc.PgStatement.execute(PgStatement.java:434)
	at org.postgresql.jdbc.PgPreparedStatement.executeWithFlags(PgPreparedStatement.java:194)
	at org.postgresql.jdbc.PgPreparedStatement.executeQuery(PgPreparedStatement.java:137)
	at com.zaxxer.hikari.pool.ProxyPreparedStatement.executeQuery(ProxyPreparedStatement.java:52)
	at com.zaxxer.hikari.pool.HikariProxyPreparedStatement.executeQuery(HikariProxyPreparedStatement.java)
	at org.springframework.jdbc.core.JdbcTemplate$1.doInPreparedStatement(JdbcTemplate.java:732)
	at org.springframework.jdbc.core.JdbcTemplate.execute(JdbcTemplate.java:658)
	... 115 common frames omitted
2025-05-28 15:19:38 [39mDEBUG[0;39m
				[36m[http-nio-8087-exec-4][0;39m [35mo.s.security.web.FilterChainProxy[0;39m - Securing GET /cartoes/1/fatura
2025-05-28 15:19:38 [34mINFO [0;39m
				[36m[http-nio-8087-exec-4][0;39m [35mb.c.m.bancom.filter.JwtAuthFilter[0;39m - Processando requisição para: /cartoes/1/fatura
2025-05-28 15:19:38 [34mINFO [0;39m
				[36m[http-nio-8087-exec-4][0;39m [35mb.c.m.bancom.filter.JwtAuthFilter[0;39m - Role no JWT Auth Filter: ADMIN
2025-05-28 15:19:38 [39mDEBUG[0;39m
				[36m[http-nio-8087-exec-4][0;39m [35mo.s.security.web.FilterChainProxy[0;39m - Secured GET /cartoes/1/fatura
2025-05-28 15:19:38 [34mINFO [0;39m
				[36m[http-nio-8087-exec-4][0;39m [35mb.c.m.b.service.UserCartaoService[0;39m - Cartão Id dto 1
2025-05-28 15:19:38 [34mINFO [0;39m
				[36m[http-nio-8087-exec-4][0;39m [35mbr.com.marcielli.bancom.dao.UserDao[0;39m - Chamando função get_usuario_completo_by_username_v1 com username: admin
2025-05-28 15:19:38 [34mINFO [0;39m
				[36m[http-nio-8087-exec-4][0;39m [35mbr.com.marcielli.bancom.dao.UserDao[0;39m - Usuário encontrado via função: admin
2025-05-28 15:19:38 [34mINFO [0;39m
				[36m[http-nio-8087-exec-4][0;39m [35mb.com.marcielli.bancom.dao.CartaoDao[0;39m - Iniciando busca pelo cartão com ID: 1
2025-05-28 15:19:38 [34mINFO [0;39m
				[36m[http-nio-8087-exec-4][0;39m [35mb.com.marcielli.bancom.dao.CartaoDao[0;39m - Cartão encontrado: CartaoCredito(limiteCreditoPreAprovado=8978, taxaUtilizacao=null, taxaSeguroViagem=null, totalGastoMesCredito=22)
2025-05-28 15:19:38 [34mINFO [0;39m
				[36m[http-nio-8087-exec-4][0;39m [35mb.c.m.b.service.UserCartaoService[0;39m - cartao.getid: 1
2025-05-28 15:19:38 [34mINFO [0;39m
				[36m[http-nio-8087-exec-4][0;39m [35mb.c.m.b.m.FaturaWithTransferenciasRowMapper[0;39m - Fatura ID 6 mapeada com 1 transferências
2025-05-28 15:21:34 [39mDEBUG[0;39m
				[36m[http-nio-8087-exec-7][0;39m [35mo.s.security.web.FilterChainProxy[0;39m - Securing GET /cartoes/1/fatura
2025-05-28 15:21:34 [34mINFO [0;39m
				[36m[http-nio-8087-exec-7][0;39m [35mb.c.m.bancom.filter.JwtAuthFilter[0;39m - Processando requisição para: /cartoes/1/fatura
2025-05-28 15:21:34 [34mINFO [0;39m
				[36m[http-nio-8087-exec-7][0;39m [35mb.c.m.bancom.filter.JwtAuthFilter[0;39m - Role no JWT Auth Filter: ADMIN
2025-05-28 15:21:34 [39mDEBUG[0;39m
				[36m[http-nio-8087-exec-7][0;39m [35mo.s.security.web.FilterChainProxy[0;39m - Secured GET /cartoes/1/fatura
2025-05-28 15:21:34 [34mINFO [0;39m
				[36m[http-nio-8087-exec-7][0;39m [35mb.c.m.b.service.UserCartaoService[0;39m - Cartão Id dto 1
2025-05-28 15:21:34 [34mINFO [0;39m
				[36m[http-nio-8087-exec-7][0;39m [35mbr.com.marcielli.bancom.dao.UserDao[0;39m - Chamando função get_usuario_completo_by_username_v1 com username: admin
2025-05-28 15:21:34 [34mINFO [0;39m
				[36m[http-nio-8087-exec-7][0;39m [35mbr.com.marcielli.bancom.dao.UserDao[0;39m - Usuário encontrado via função: admin
2025-05-28 15:21:34 [34mINFO [0;39m
				[36m[http-nio-8087-exec-7][0;39m [35mb.com.marcielli.bancom.dao.CartaoDao[0;39m - Iniciando busca pelo cartão com ID: 1
2025-05-28 15:21:34 [34mINFO [0;39m
				[36m[http-nio-8087-exec-7][0;39m [35mb.com.marcielli.bancom.dao.CartaoDao[0;39m - Cartão encontrado: CartaoCredito(limiteCreditoPreAprovado=8978, taxaUtilizacao=null, taxaSeguroViagem=null, totalGastoMesCredito=22)
2025-05-28 15:21:34 [34mINFO [0;39m
				[36m[http-nio-8087-exec-7][0;39m [35mb.c.m.b.service.UserCartaoService[0;39m - cartao.getid: 1
2025-05-28 15:21:34 [34mINFO [0;39m
				[36m[http-nio-8087-exec-7][0;39m [35mb.c.m.b.m.FaturaWithTransferenciasRowMapper[0;39m - Fatura ID 6 mapeada com 1 transferências
2025-05-28 15:22:46 [34mINFO [0;39m
				[36m[background-preinit][0;39m [35mo.h.validator.internal.util.Version[0;39m - HV000001: Hibernate Validator 8.0.2.Final
2025-05-28 15:22:46 [34mINFO [0;39m
				[36m[main][0;39m [35mb.c.m.bancom.BancoMApplication[0;39m - Starting BancoMApplication using Java 21.0.6 with PID 4024 (C:\Users\Marcielli\eclipse-workspace\bancom\target\classes started by Marcielli in C:\Users\Marcielli\eclipse-workspace\bancom)
2025-05-28 15:22:46 [34mINFO [0;39m
				[36m[main][0;39m [35mb.c.m.bancom.BancoMApplication[0;39m - No active profile set, falling back to 1 default profile: "default"
2025-05-28 15:22:48 [34mINFO [0;39m
				[36m[main][0;39m [35mo.a.coyote.http11.Http11NioProtocol[0;39m - Initializing ProtocolHandler ["http-nio-8087"]
2025-05-28 15:22:48 [34mINFO [0;39m
				[36m[main][0;39m [35mo.a.catalina.core.StandardService[0;39m - Starting service [Tomcat]
2025-05-28 15:22:48 [34mINFO [0;39m
				[36m[main][0;39m [35mo.a.catalina.core.StandardEngine[0;39m - Starting Servlet engine: [Apache Tomcat/10.1.40]
2025-05-28 15:22:48 [34mINFO [0;39m
				[36m[main][0;39m [35mo.a.c.c.C.[Tomcat].[localhost].[/][0;39m - Initializing Spring embedded WebApplicationContext
2025-05-28 15:22:48 [1;31mERROR[0;39m
				[36m[main][0;39m [35mb.c.m.bancom.service.JwtService[0;39m - Tamanho da chave:'352 bits'.
2025-05-28 15:22:48 [1;31mERROR[0;39m
				[36m[main][0;39m [35mb.c.m.bancom.service.JwtService[0;39m - ========= CHAVE JWT CARREGADA =========
2025-05-28 15:22:48 [34mINFO [0;39m
				[36m[main][0;39m [35mcom.zaxxer.hikari.HikariDataSource[0;39m - HikariPool-1 - Starting...
2025-05-28 15:22:48 [34mINFO [0;39m
				[36m[main][0;39m [35mcom.zaxxer.hikari.pool.HikariPool[0;39m - HikariPool-1 - Added connection org.postgresql.jdbc.PgConnection@31a136a6
2025-05-28 15:22:48 [34mINFO [0;39m
				[36m[main][0;39m [35mcom.zaxxer.hikari.HikariDataSource[0;39m - HikariPool-1 - Start completed.
2025-05-28 15:22:48 [34mINFO [0;39m
				[36m[main][0;39m [35mo.s.s.c.a.a.c.InitializeUserDetailsBeanManagerConfigurer$InitializeUserDetailsManagerConfigurer[0;39m - Global AuthenticationManager configured with UserDetailsService bean with name userClienteService
2025-05-28 15:22:48 [39mDEBUG[0;39m
				[36m[main][0;39m [35mo.s.s.web.DefaultSecurityFilterChain[0;39m - Will secure any request with filters: DisableEncodeUrlFilter, WebAsyncManagerIntegrationFilter, SecurityContextHolderFilter, HeaderWriterFilter, LogoutFilter, JwtAuthFilter, RequestCacheAwareFilter, SecurityContextHolderAwareRequestFilter, AnonymousAuthenticationFilter, SessionManagementFilter, ExceptionTranslationFilter, AuthorizationFilter
2025-05-28 15:22:49 [34mINFO [0;39m
				[36m[main][0;39m [35mo.a.coyote.http11.Http11NioProtocol[0;39m - Starting ProtocolHandler ["http-nio-8087"]
2025-05-28 15:22:49 [34mINFO [0;39m
				[36m[main][0;39m [35mb.c.m.bancom.BancoMApplication[0;39m - Started BancoMApplication in 2.688 seconds (process running for 2.95)
2025-05-28 15:22:49 [34mINFO [0;39m
				[36m[main][0;39m [35mbr.com.marcielli.bancom.dao.UserDao[0;39m - Chamando função get_usuario_completo_by_username_v1 com username: admin
2025-05-28 15:22:49 [34mINFO [0;39m
				[36m[main][0;39m [35mbr.com.marcielli.bancom.dao.UserDao[0;39m - Usuário encontrado via função: admin
2025-05-28 15:22:49 [34mINFO [0;39m
				[36m[main][0;39m [35mb.c.m.b.c.AdminInitializer[0;39m - Admin já existe. Não é necessário cadastrar novamente!
2025-05-28 15:22:51 [34mINFO [0;39m
				[36m[http-nio-8087-exec-1][0;39m [35mo.a.c.c.C.[Tomcat].[localhost].[/][0;39m - Initializing Spring DispatcherServlet 'dispatcherServlet'
2025-05-28 15:22:51 [39mDEBUG[0;39m
				[36m[http-nio-8087-exec-1][0;39m [35mo.s.security.web.FilterChainProxy[0;39m - Securing GET /cartoes/1/fatura
2025-05-28 15:22:51 [34mINFO [0;39m
				[36m[http-nio-8087-exec-1][0;39m [35mb.c.m.bancom.filter.JwtAuthFilter[0;39m - Processando requisição para: /cartoes/1/fatura
2025-05-28 15:22:51 [34mINFO [0;39m
				[36m[http-nio-8087-exec-1][0;39m [35mb.c.m.bancom.filter.JwtAuthFilter[0;39m - Role no JWT Auth Filter: ADMIN
2025-05-28 15:22:51 [39mDEBUG[0;39m
				[36m[http-nio-8087-exec-1][0;39m [35mo.s.security.web.FilterChainProxy[0;39m - Secured GET /cartoes/1/fatura
2025-05-28 15:22:51 [34mINFO [0;39m
				[36m[http-nio-8087-exec-1][0;39m [35mb.c.m.b.service.UserCartaoService[0;39m - Cartão Id dto 1
2025-05-28 15:22:51 [34mINFO [0;39m
				[36m[http-nio-8087-exec-1][0;39m [35mbr.com.marcielli.bancom.dao.UserDao[0;39m - Chamando função get_usuario_completo_by_username_v1 com username: admin
2025-05-28 15:22:51 [34mINFO [0;39m
				[36m[http-nio-8087-exec-1][0;39m [35mbr.com.marcielli.bancom.dao.UserDao[0;39m - Usuário encontrado via função: admin
2025-05-28 15:22:51 [34mINFO [0;39m
				[36m[http-nio-8087-exec-1][0;39m [35mb.com.marcielli.bancom.dao.CartaoDao[0;39m - Iniciando busca pelo cartão com ID: 1
2025-05-28 15:22:51 [34mINFO [0;39m
				[36m[http-nio-8087-exec-1][0;39m [35mb.com.marcielli.bancom.dao.CartaoDao[0;39m - Cartão encontrado: CartaoCredito(limiteCreditoPreAprovado=8978, taxaUtilizacao=null, taxaSeguroViagem=null, totalGastoMesCredito=22)
2025-05-28 15:22:51 [34mINFO [0;39m
				[36m[http-nio-8087-exec-1][0;39m [35mb.c.m.b.service.UserCartaoService[0;39m - cartao.getid: 1
2025-05-28 15:22:51 [34mINFO [0;39m
				[36m[http-nio-8087-exec-1][0;39m [35mb.c.m.b.m.FaturaWithTransferenciasRowMapper[0;39m - Fatura ID 6 mapeada com 1 transferências
2025-05-28 15:24:24 [34mINFO [0;39m
				[36m[background-preinit][0;39m [35mo.h.validator.internal.util.Version[0;39m - HV000001: Hibernate Validator 8.0.2.Final
2025-05-28 15:24:24 [34mINFO [0;39m
				[36m[main][0;39m [35mb.c.m.bancom.BancoMApplication[0;39m - Starting BancoMApplication using Java 21.0.6 with PID 872 (C:\Users\Marcielli\eclipse-workspace\bancom\target\classes started by Marcielli in C:\Users\Marcielli\eclipse-workspace\bancom)
2025-05-28 15:24:24 [34mINFO [0;39m
				[36m[main][0;39m [35mb.c.m.bancom.BancoMApplication[0;39m - No active profile set, falling back to 1 default profile: "default"
2025-05-28 15:24:25 [34mINFO [0;39m
				[36m[main][0;39m [35mo.a.coyote.http11.Http11NioProtocol[0;39m - Initializing ProtocolHandler ["http-nio-8087"]
2025-05-28 15:24:25 [34mINFO [0;39m
				[36m[main][0;39m [35mo.a.catalina.core.StandardService[0;39m - Starting service [Tomcat]
2025-05-28 15:24:25 [34mINFO [0;39m
				[36m[main][0;39m [35mo.a.catalina.core.StandardEngine[0;39m - Starting Servlet engine: [Apache Tomcat/10.1.40]
2025-05-28 15:24:25 [34mINFO [0;39m
				[36m[main][0;39m [35mo.a.c.c.C.[Tomcat].[localhost].[/][0;39m - Initializing Spring embedded WebApplicationContext
2025-05-28 15:24:25 [1;31mERROR[0;39m
				[36m[main][0;39m [35mb.c.m.bancom.service.JwtService[0;39m - Tamanho da chave:'352 bits'.
2025-05-28 15:24:25 [1;31mERROR[0;39m
				[36m[main][0;39m [35mb.c.m.bancom.service.JwtService[0;39m - ========= CHAVE JWT CARREGADA =========
2025-05-28 15:24:25 [34mINFO [0;39m
				[36m[main][0;39m [35mcom.zaxxer.hikari.HikariDataSource[0;39m - HikariPool-1 - Starting...
2025-05-28 15:24:26 [34mINFO [0;39m
				[36m[main][0;39m [35mcom.zaxxer.hikari.pool.HikariPool[0;39m - HikariPool-1 - Added connection org.postgresql.jdbc.PgConnection@2f9b21d6
2025-05-28 15:24:26 [34mINFO [0;39m
				[36m[main][0;39m [35mcom.zaxxer.hikari.HikariDataSource[0;39m - HikariPool-1 - Start completed.
2025-05-28 15:24:26 [34mINFO [0;39m
				[36m[main][0;39m [35mo.s.s.c.a.a.c.InitializeUserDetailsBeanManagerConfigurer$InitializeUserDetailsManagerConfigurer[0;39m - Global AuthenticationManager configured with UserDetailsService bean with name userClienteService
2025-05-28 15:24:26 [39mDEBUG[0;39m
				[36m[main][0;39m [35mo.s.s.web.DefaultSecurityFilterChain[0;39m - Will secure any request with filters: DisableEncodeUrlFilter, WebAsyncManagerIntegrationFilter, SecurityContextHolderFilter, HeaderWriterFilter, LogoutFilter, JwtAuthFilter, RequestCacheAwareFilter, SecurityContextHolderAwareRequestFilter, AnonymousAuthenticationFilter, SessionManagementFilter, ExceptionTranslationFilter, AuthorizationFilter
2025-05-28 15:24:26 [34mINFO [0;39m
				[36m[main][0;39m [35mo.a.coyote.http11.Http11NioProtocol[0;39m - Starting ProtocolHandler ["http-nio-8087"]
2025-05-28 15:24:26 [34mINFO [0;39m
				[36m[main][0;39m [35mb.c.m.bancom.BancoMApplication[0;39m - Started BancoMApplication in 2.711 seconds (process running for 2.947)
2025-05-28 15:24:26 [34mINFO [0;39m
				[36m[main][0;39m [35mbr.com.marcielli.bancom.dao.UserDao[0;39m - Chamando função get_usuario_completo_by_username_v1 com username: admin
2025-05-28 15:24:27 [34mINFO [0;39m
				[36m[main][0;39m [35mbr.com.marcielli.bancom.dao.UserDao[0;39m - Usuário encontrado via função: admin
2025-05-28 15:24:27 [34mINFO [0;39m
				[36m[main][0;39m [35mb.c.m.b.c.AdminInitializer[0;39m - Admin já existe. Não é necessário cadastrar novamente!
2025-05-28 15:24:28 [34mINFO [0;39m
				[36m[http-nio-8087-exec-2][0;39m [35mo.a.c.c.C.[Tomcat].[localhost].[/][0;39m - Initializing Spring DispatcherServlet 'dispatcherServlet'
2025-05-28 15:24:28 [39mDEBUG[0;39m
				[36m[http-nio-8087-exec-2][0;39m [35mo.s.security.web.FilterChainProxy[0;39m - Securing GET /cartoes/1/fatura
2025-05-28 15:24:28 [34mINFO [0;39m
				[36m[http-nio-8087-exec-2][0;39m [35mb.c.m.bancom.filter.JwtAuthFilter[0;39m - Processando requisição para: /cartoes/1/fatura
2025-05-28 15:24:28 [34mINFO [0;39m
				[36m[http-nio-8087-exec-2][0;39m [35mb.c.m.bancom.filter.JwtAuthFilter[0;39m - Role no JWT Auth Filter: ADMIN
2025-05-28 15:24:28 [39mDEBUG[0;39m
				[36m[http-nio-8087-exec-2][0;39m [35mo.s.security.web.FilterChainProxy[0;39m - Secured GET /cartoes/1/fatura
2025-05-28 15:24:28 [34mINFO [0;39m
				[36m[http-nio-8087-exec-2][0;39m [35mb.c.m.b.service.UserCartaoService[0;39m - Cartão Id dto 1
2025-05-28 15:24:28 [34mINFO [0;39m
				[36m[http-nio-8087-exec-2][0;39m [35mbr.com.marcielli.bancom.dao.UserDao[0;39m - Chamando função get_usuario_completo_by_username_v1 com username: admin
2025-05-28 15:24:28 [34mINFO [0;39m
				[36m[http-nio-8087-exec-2][0;39m [35mbr.com.marcielli.bancom.dao.UserDao[0;39m - Usuário encontrado via função: admin
2025-05-28 15:24:28 [34mINFO [0;39m
				[36m[http-nio-8087-exec-2][0;39m [35mb.com.marcielli.bancom.dao.CartaoDao[0;39m - Iniciando busca pelo cartão com ID: 1
2025-05-28 15:24:28 [34mINFO [0;39m
				[36m[http-nio-8087-exec-2][0;39m [35mb.com.marcielli.bancom.dao.CartaoDao[0;39m - Cartão encontrado: CartaoCredito(limiteCreditoPreAprovado=8978, taxaUtilizacao=null, taxaSeguroViagem=null, totalGastoMesCredito=22)
2025-05-28 15:24:28 [34mINFO [0;39m
				[36m[http-nio-8087-exec-2][0;39m [35mb.c.m.b.service.UserCartaoService[0;39m - cartao.getid: 1
2025-05-28 15:24:28 [1;31mERROR[0;39m
				[36m[http-nio-8087-exec-2][0;39m [35mb.c.m.b.service.UserClienteService[0;39m - Erro inesperado: 
org.springframework.jdbc.BadSqlGrammarException: PreparedStatementCallback; bad SQL grammar [SELECT * FROM public.buscar_fatura_com_transferencias_por_cartao_id_v1(?)]
	at org.springframework.jdbc.support.SQLStateSQLExceptionTranslator.doTranslate(SQLStateSQLExceptionTranslator.java:112)
	at org.springframework.jdbc.support.AbstractFallbackSQLExceptionTranslator.translate(AbstractFallbackSQLExceptionTranslator.java:107)
	at org.springframework.jdbc.support.AbstractFallbackSQLExceptionTranslator.translate(AbstractFallbackSQLExceptionTranslator.java:116)
	at org.springframework.jdbc.core.JdbcTemplate.translateException(JdbcTemplate.java:1556)
	at org.springframework.jdbc.core.JdbcTemplate.execute(JdbcTemplate.java:677)
	at org.springframework.jdbc.core.JdbcTemplate.query(JdbcTemplate.java:723)
	at org.springframework.jdbc.core.JdbcTemplate.query(JdbcTemplate.java:754)
	at org.springframework.jdbc.core.JdbcTemplate.query(JdbcTemplate.java:767)
	at org.springframework.jdbc.core.JdbcTemplate.query(JdbcTemplate.java:825)
	at br.com.marcielli.bancom.dao.CartaoDao.buscarFaturaComTransferenciasPorCartaoId(CartaoDao.java:419)
	at br.com.marcielli.bancom.service.UserCartaoService.verFaturaCartaoCredito(UserCartaoService.java:627)
	at java.base/jdk.internal.reflect.DirectMethodHandleAccessor.invoke(DirectMethodHandleAccessor.java:103)
	at java.base/java.lang.reflect.Method.invoke(Method.java:580)
	at org.springframework.aop.support.AopUtils.invokeJoinpointUsingReflection(AopUtils.java:359)
	at org.springframework.aop.framework.ReflectiveMethodInvocation.invokeJoinpoint(ReflectiveMethodInvocation.java:196)
	at org.springframework.aop.framework.ReflectiveMethodInvocation.proceed(ReflectiveMethodInvocation.java:163)
	at org.springframework.transaction.interceptor.TransactionAspectSupport.invokeWithinTransaction(TransactionAspectSupport.java:380)
	at org.springframework.transaction.interceptor.TransactionInterceptor.invoke(TransactionInterceptor.java:119)
	at org.springframework.aop.framework.ReflectiveMethodInvocation.proceed(ReflectiveMethodInvocation.java:184)
	at org.springframework.aop.framework.CglibAopProxy$DynamicAdvisedInterceptor.intercept(CglibAopProxy.java:728)
	at br.com.marcielli.bancom.service.UserCartaoService$$SpringCGLIB$$0.verFaturaCartaoCredito(<generated>)
	at br.com.marcielli.bancom.controller.UserCartaoController.getFaturaCartaoDeCredito(UserCartaoController.java:163)
	at java.base/jdk.internal.reflect.DirectMethodHandleAccessor.invoke(DirectMethodHandleAccessor.java:103)
	at java.base/java.lang.reflect.Method.invoke(Method.java:580)
	at org.springframework.web.method.support.InvocableHandlerMethod.doInvoke(InvocableHandlerMethod.java:258)
	at org.springframework.web.method.support.InvocableHandlerMethod.invokeForRequest(InvocableHandlerMethod.java:191)
	at org.springframework.web.servlet.mvc.method.annotation.ServletInvocableHandlerMethod.invokeAndHandle(ServletInvocableHandlerMethod.java:118)
	at org.springframework.web.servlet.mvc.method.annotation.RequestMappingHandlerAdapter.invokeHandlerMethod(RequestMappingHandlerAdapter.java:986)
	at org.springframework.web.servlet.mvc.method.annotation.RequestMappingHandlerAdapter.handleInternal(RequestMappingHandlerAdapter.java:891)
	at org.springframework.web.servlet.mvc.method.AbstractHandlerMethodAdapter.handle(AbstractHandlerMethodAdapter.java:87)
	at org.springframework.web.servlet.DispatcherServlet.doDispatch(DispatcherServlet.java:1089)
	at org.springframework.web.servlet.DispatcherServlet.doService(DispatcherServlet.java:979)
	at org.springframework.web.servlet.FrameworkServlet.processRequest(FrameworkServlet.java:1014)
	at org.springframework.web.servlet.FrameworkServlet.doGet(FrameworkServlet.java:903)
	at jakarta.servlet.http.HttpServlet.service(HttpServlet.java:564)
	at org.springframework.web.servlet.FrameworkServlet.service(FrameworkServlet.java:885)
	at jakarta.servlet.http.HttpServlet.service(HttpServlet.java:658)
	at org.apache.catalina.core.ApplicationFilterChain.internalDoFilter(ApplicationFilterChain.java:195)
	at org.apache.catalina.core.ApplicationFilterChain.doFilter(ApplicationFilterChain.java:140)
	at org.apache.tomcat.websocket.server.WsFilter.doFilter(WsFilter.java:51)
	at org.apache.catalina.core.ApplicationFilterChain.internalDoFilter(ApplicationFilterChain.java:164)
	at org.apache.catalina.core.ApplicationFilterChain.doFilter(ApplicationFilterChain.java:140)
	at org.springframework.web.filter.OncePerRequestFilter.doFilter(OncePerRequestFilter.java:110)
	at org.apache.catalina.core.ApplicationFilterChain.internalDoFilter(ApplicationFilterChain.java:164)
	at org.apache.catalina.core.ApplicationFilterChain.doFilter(ApplicationFilterChain.java:140)
	at org.springframework.web.filter.CompositeFilter$VirtualFilterChain.doFilter(CompositeFilter.java:108)
	at org.springframework.security.web.FilterChainProxy.lambda$doFilterInternal$3(FilterChainProxy.java:231)
	at org.springframework.security.web.FilterChainProxy$VirtualFilterChain.doFilter(FilterChainProxy.java:365)
	at org.springframework.security.web.access.intercept.AuthorizationFilter.doFilter(AuthorizationFilter.java:101)
	at org.springframework.security.web.FilterChainProxy$VirtualFilterChain.doFilter(FilterChainProxy.java:374)
	at org.springframework.security.web.access.ExceptionTranslationFilter.doFilter(ExceptionTranslationFilter.java:126)
	at org.springframework.security.web.access.ExceptionTranslationFilter.doFilter(ExceptionTranslationFilter.java:120)
	at org.springframework.security.web.FilterChainProxy$VirtualFilterChain.doFilter(FilterChainProxy.java:374)
	at org.springframework.security.web.session.SessionManagementFilter.doFilter(SessionManagementFilter.java:131)
	at org.springframework.security.web.session.SessionManagementFilter.doFilter(SessionManagementFilter.java:85)
	at org.springframework.security.web.FilterChainProxy$VirtualFilterChain.doFilter(FilterChainProxy.java:374)
	at org.springframework.security.web.authentication.AnonymousAuthenticationFilter.doFilter(AnonymousAuthenticationFilter.java:100)
	at org.springframework.security.web.FilterChainProxy$VirtualFilterChain.doFilter(FilterChainProxy.java:374)
	at org.springframework.security.web.servletapi.SecurityContextHolderAwareRequestFilter.doFilter(SecurityContextHolderAwareRequestFilter.java:179)
	at org.springframework.security.web.FilterChainProxy$VirtualFilterChain.doFilter(FilterChainProxy.java:374)
	at org.springframework.security.web.savedrequest.RequestCacheAwareFilter.doFilter(RequestCacheAwareFilter.java:63)
	at org.springframework.security.web.FilterChainProxy$VirtualFilterChain.doFilter(FilterChainProxy.java:374)
	at br.com.marcielli.bancom.filter.JwtAuthFilter.doFilterInternal(JwtAuthFilter.java:88)
	at org.springframework.web.filter.OncePerRequestFilter.doFilter(OncePerRequestFilter.java:116)
	at org.springframework.security.web.FilterChainProxy$VirtualFilterChain.doFilter(FilterChainProxy.java:374)
	at org.springframework.security.web.authentication.logout.LogoutFilter.doFilter(LogoutFilter.java:107)
	at org.springframework.security.web.authentication.logout.LogoutFilter.doFilter(LogoutFilter.java:93)
	at org.springframework.security.web.FilterChainProxy$VirtualFilterChain.doFilter(FilterChainProxy.java:374)
	at org.springframework.security.web.header.HeaderWriterFilter.doHeadersAfter(HeaderWriterFilter.java:90)
	at org.springframework.security.web.header.HeaderWriterFilter.doFilterInternal(HeaderWriterFilter.java:75)
	at org.springframework.web.filter.OncePerRequestFilter.doFilter(OncePerRequestFilter.java:116)
	at org.springframework.security.web.FilterChainProxy$VirtualFilterChain.doFilter(FilterChainProxy.java:374)
	at org.springframework.security.web.context.SecurityContextHolderFilter.doFilter(SecurityContextHolderFilter.java:82)
	at org.springframework.security.web.context.SecurityContextHolderFilter.doFilter(SecurityContextHolderFilter.java:69)
	at org.springframework.security.web.FilterChainProxy$VirtualFilterChain.doFilter(FilterChainProxy.java:374)
	at org.springframework.security.web.context.request.async.WebAsyncManagerIntegrationFilter.doFilterInternal(WebAsyncManagerIntegrationFilter.java:62)
	at org.springframework.web.filter.OncePerRequestFilter.doFilter(OncePerRequestFilter.java:116)
	at org.springframework.security.web.FilterChainProxy$VirtualFilterChain.doFilter(FilterChainProxy.java:374)
	at org.springframework.security.web.session.DisableEncodeUrlFilter.doFilterInternal(DisableEncodeUrlFilter.java:42)
	at org.springframework.web.filter.OncePerRequestFilter.doFilter(OncePerRequestFilter.java:116)
	at org.springframework.security.web.FilterChainProxy$VirtualFilterChain.doFilter(FilterChainProxy.java:374)
	at org.springframework.security.web.FilterChainProxy.doFilterInternal(FilterChainProxy.java:233)
	at org.springframework.security.web.FilterChainProxy.doFilter(FilterChainProxy.java:191)
	at org.springframework.web.filter.CompositeFilter$VirtualFilterChain.doFilter(CompositeFilter.java:113)
	at org.springframework.web.servlet.handler.HandlerMappingIntrospector.lambda$createCacheFilter$3(HandlerMappingIntrospector.java:243)
	at org.springframework.web.filter.CompositeFilter$VirtualFilterChain.doFilter(CompositeFilter.java:113)
	at org.springframework.web.filter.CompositeFilter.doFilter(CompositeFilter.java:74)
	at org.springframework.security.config.annotation.web.configuration.WebMvcSecurityConfiguration$CompositeFilterChainProxy.doFilter(WebMvcSecurityConfiguration.java:238)
	at org.springframework.web.filter.DelegatingFilterProxy.invokeDelegate(DelegatingFilterProxy.java:362)
	at org.springframework.web.filter.DelegatingFilterProxy.doFilter(DelegatingFilterProxy.java:278)
	at org.apache.catalina.core.ApplicationFilterChain.internalDoFilter(ApplicationFilterChain.java:164)
	at org.apache.catalina.core.ApplicationFilterChain.doFilter(ApplicationFilterChain.java:140)
	at org.springframework.web.filter.RequestContextFilter.doFilterInternal(RequestContextFilter.java:100)
	at org.springframework.web.filter.OncePerRequestFilter.doFilter(OncePerRequestFilter.java:116)
	at org.apache.catalina.core.ApplicationFilterChain.internalDoFilter(ApplicationFilterChain.java:164)
	at org.apache.catalina.core.ApplicationFilterChain.doFilter(ApplicationFilterChain.java:140)
	at org.springframework.web.filter.FormContentFilter.doFilterInternal(FormContentFilter.java:93)
	at org.springframework.web.filter.OncePerRequestFilter.doFilter(OncePerRequestFilter.java:116)
	at org.apache.catalina.core.ApplicationFilterChain.internalDoFilter(ApplicationFilterChain.java:164)
	at org.apache.catalina.core.ApplicationFilterChain.doFilter(ApplicationFilterChain.java:140)
	at org.springframework.web.filter.CharacterEncodingFilter.doFilterInternal(CharacterEncodingFilter.java:201)
	at org.springframework.web.filter.OncePerRequestFilter.doFilter(OncePerRequestFilter.java:116)
	at org.apache.catalina.core.ApplicationFilterChain.internalDoFilter(ApplicationFilterChain.java:164)
	at org.apache.catalina.core.ApplicationFilterChain.doFilter(ApplicationFilterChain.java:140)
	at org.apache.catalina.core.StandardWrapperValve.invoke(StandardWrapperValve.java:167)
	at org.apache.catalina.core.StandardContextValve.invoke(StandardContextValve.java:90)
	at org.apache.catalina.authenticator.AuthenticatorBase.invoke(AuthenticatorBase.java:483)
	at org.apache.catalina.core.StandardHostValve.invoke(StandardHostValve.java:116)
	at org.apache.catalina.valves.ErrorReportValve.invoke(ErrorReportValve.java:93)
	at org.apache.catalina.core.StandardEngineValve.invoke(StandardEngineValve.java:74)
	at org.apache.catalina.connector.CoyoteAdapter.service(CoyoteAdapter.java:344)
	at org.apache.coyote.http11.Http11Processor.service(Http11Processor.java:398)
	at org.apache.coyote.AbstractProcessorLight.process(AbstractProcessorLight.java:63)
	at org.apache.coyote.AbstractProtocol$ConnectionHandler.process(AbstractProtocol.java:903)
	at org.apache.tomcat.util.net.NioEndpoint$SocketProcessor.doRun(NioEndpoint.java:1740)
	at org.apache.tomcat.util.net.SocketProcessorBase.run(SocketProcessorBase.java:52)
	at org.apache.tomcat.util.threads.ThreadPoolExecutor.runWorker(ThreadPoolExecutor.java:1189)
	at org.apache.tomcat.util.threads.ThreadPoolExecutor$Worker.run(ThreadPoolExecutor.java:658)
	at org.apache.tomcat.util.threads.TaskThread$WrappingRunnable.run(TaskThread.java:63)
	at java.base/java.lang.Thread.run(Thread.java:1583)
Caused by: org.postgresql.util.PSQLException: A nome da coluna  não foi encontrado neste ResultSet.
	at org.postgresql.jdbc.PgResultSet.findColumn(PgResultSet.java:3096)
	at org.postgresql.jdbc.PgResultSet.getString(PgResultSet.java:2932)
	at com.zaxxer.hikari.pool.HikariProxyResultSet.getString(HikariProxyResultSet.java)
	at br.com.marcielli.bancom.mappers.FaturaWithTransferenciasRowMapper.mapRow(FaturaWithTransferenciasRowMapper.java:59)
	at br.com.marcielli.bancom.mappers.FaturaWithTransferenciasRowMapper.mapRow(FaturaWithTransferenciasRowMapper.java:1)
	at org.springframework.jdbc.core.RowMapperResultSetExtractor.extractData(RowMapperResultSetExtractor.java:94)
	at org.springframework.jdbc.core.RowMapperResultSetExtractor.extractData(RowMapperResultSetExtractor.java:61)
	at org.springframework.jdbc.core.JdbcTemplate$1.doInPreparedStatement(JdbcTemplate.java:733)
	at org.springframework.jdbc.core.JdbcTemplate.execute(JdbcTemplate.java:658)
	... 115 common frames omitted
