2025-05-12 19:35:55 [34mINFO [0;39m
				[36m[background-preinit][0;39m [35mo.h.validator.internal.util.Version[0;39m - HV000001: Hibernate Validator 8.0.2.Final
2025-05-12 19:35:55 [34mINFO [0;39m
				[36m[main][0;39m [35mb.c.m.bancom.BancoMApplication[0;39m - Starting BancoMApplication using Java 21.0.6 with PID 4060 (C:\Users\Marcielli\eclipse-workspace\bancom\target\classes started by Marcielli in C:\Users\Marcielli\eclipse-workspace\bancom)
2025-05-12 19:35:55 [34mINFO [0;39m
				[36m[main][0;39m [35mb.c.m.bancom.BancoMApplication[0;39m - No active profile set, falling back to 1 default profile: "default"
2025-05-12 19:35:57 [34mINFO [0;39m
				[36m[main][0;39m [35mo.a.coyote.http11.Http11NioProtocol[0;39m - Initializing ProtocolHandler ["http-nio-8087"]
2025-05-12 19:35:57 [34mINFO [0;39m
				[36m[main][0;39m [35mo.a.catalina.core.StandardService[0;39m - Starting service [Tomcat]
2025-05-12 19:35:57 [34mINFO [0;39m
				[36m[main][0;39m [35mo.a.catalina.core.StandardEngine[0;39m - Starting Servlet engine: [Apache Tomcat/10.1.40]
2025-05-12 19:35:57 [34mINFO [0;39m
				[36m[main][0;39m [35mo.a.c.c.C.[Tomcat].[localhost].[/][0;39m - Initializing Spring embedded WebApplicationContext
2025-05-12 19:35:57 [34mINFO [0;39m
				[36m[main][0;39m [35mcom.zaxxer.hikari.HikariDataSource[0;39m - HikariPool-1 - Starting...
2025-05-12 19:35:57 [34mINFO [0;39m
				[36m[main][0;39m [35mcom.zaxxer.hikari.pool.HikariPool[0;39m - HikariPool-1 - Added connection org.postgresql.jdbc.PgConnection@29013ef2
2025-05-12 19:35:57 [34mINFO [0;39m
				[36m[main][0;39m [35mcom.zaxxer.hikari.HikariDataSource[0;39m - HikariPool-1 - Start completed.
2025-05-12 19:35:57 [34mINFO [0;39m
				[36m[main][0;39m [35mo.s.s.c.a.a.c.InitializeUserDetailsBeanManagerConfigurer$InitializeUserDetailsManagerConfigurer[0;39m - Global AuthenticationManager configured with UserDetailsService bean with name userClienteService
2025-05-12 19:35:57 [39mDEBUG[0;39m
				[36m[main][0;39m [35mo.s.s.web.DefaultSecurityFilterChain[0;39m - Will secure any request with filters: DisableEncodeUrlFilter, WebAsyncManagerIntegrationFilter, SecurityContextHolderFilter, HeaderWriterFilter, LogoutFilter, JwtAuthFilter, RequestCacheAwareFilter, SecurityContextHolderAwareRequestFilter, AnonymousAuthenticationFilter, SessionManagementFilter, ExceptionTranslationFilter, AuthorizationFilter
2025-05-12 19:35:58 [34mINFO [0;39m
				[36m[main][0;39m [35mo.a.coyote.http11.Http11NioProtocol[0;39m - Starting ProtocolHandler ["http-nio-8087"]
2025-05-12 19:35:58 [34mINFO [0;39m
				[36m[main][0;39m [35mb.c.m.bancom.BancoMApplication[0;39m - Started BancoMApplication in 2.624 seconds (process running for 2.854)
2025-05-12 19:36:01 [34mINFO [0;39m
				[36m[http-nio-8087-exec-2][0;39m [35mo.a.c.c.C.[Tomcat].[localhost].[/][0;39m - Initializing Spring DispatcherServlet 'dispatcherServlet'
2025-05-12 19:36:01 [39mDEBUG[0;39m
				[36m[http-nio-8087-exec-2][0;39m [35mo.s.security.web.FilterChainProxy[0;39m - Securing GET /cartoes/5/fatura
2025-05-12 19:36:01 [34mINFO [0;39m
				[36m[http-nio-8087-exec-2][0;39m [35mb.c.m.bancom.filter.JwtAuthFilter[0;39m - Processando requisição para: /cartoes/5/fatura
2025-05-12 19:36:01 [39mDEBUG[0;39m
				[36m[http-nio-8087-exec-2][0;39m [35mo.s.security.web.FilterChainProxy[0;39m - Secured GET /cartoes/5/fatura
2025-05-12 19:36:01 [34mINFO [0;39m
				[36m[http-nio-8087-exec-2][0;39m [35mb.c.m.b.service.UserCartaoService[0;39m - Cartão Id dto 5
2025-05-12 19:36:01 [34mINFO [0;39m
				[36m[http-nio-8087-exec-2][0;39m [35mb.com.marcielli.bancom.dao.CartaoDao[0;39m - Iniciando busca pelo cartão com ID: 5
2025-05-12 19:36:01 [1;31mERROR[0;39m
				[36m[http-nio-8087-exec-2][0;39m [35mb.com.marcielli.bancom.dao.CartaoDao[0;39m - Nenhum cartão encontrado para o ID: 5
org.springframework.dao.EmptyResultDataAccessException: Incorrect result size: expected 1, actual 0
	at org.springframework.dao.support.DataAccessUtils.nullableSingleResult(DataAccessUtils.java:194)
	at org.springframework.jdbc.core.JdbcTemplate.queryForObject(JdbcTemplate.java:897)
	at br.com.marcielli.bancom.dao.CartaoDao.findById(CartaoDao.java:154)
	at br.com.marcielli.bancom.service.UserCartaoService.verFaturaCartaoCredito(UserCartaoService.java:596)
	at java.base/jdk.internal.reflect.DirectMethodHandleAccessor.invoke(DirectMethodHandleAccessor.java:103)
	at java.base/java.lang.reflect.Method.invoke(Method.java:580)
	at org.springframework.aop.support.AopUtils.invokeJoinpointUsingReflection(AopUtils.java:359)
	at org.springframework.aop.framework.ReflectiveMethodInvocation.invokeJoinpoint(ReflectiveMethodInvocation.java:196)
	at org.springframework.aop.framework.ReflectiveMethodInvocation.proceed(ReflectiveMethodInvocation.java:163)
	at org.springframework.transaction.interceptor.TransactionAspectSupport.invokeWithinTransaction(TransactionAspectSupport.java:380)
	at org.springframework.transaction.interceptor.TransactionInterceptor.invoke(TransactionInterceptor.java:119)
	at org.springframework.aop.framework.ReflectiveMethodInvocation.proceed(ReflectiveMethodInvocation.java:184)
	at org.springframework.aop.framework.CglibAopProxy$DynamicAdvisedInterceptor.intercept(CglibAopProxy.java:728)
	at br.com.marcielli.bancom.service.UserCartaoService$$SpringCGLIB$$0.verFaturaCartaoCredito(<generated>)
	at br.com.marcielli.bancom.controller.UserCartaoController.getFaturaCartaoDeCredito(UserCartaoController.java:167)
	at java.base/jdk.internal.reflect.DirectMethodHandleAccessor.invoke(DirectMethodHandleAccessor.java:103)
	at java.base/java.lang.reflect.Method.invoke(Method.java:580)
	at org.springframework.web.method.support.InvocableHandlerMethod.doInvoke(InvocableHandlerMethod.java:258)
	at org.springframework.web.method.support.InvocableHandlerMethod.invokeForRequest(InvocableHandlerMethod.java:191)
	at org.springframework.web.servlet.mvc.method.annotation.ServletInvocableHandlerMethod.invokeAndHandle(ServletInvocableHandlerMethod.java:118)
	at org.springframework.web.servlet.mvc.method.annotation.RequestMappingHandlerAdapter.invokeHandlerMethod(RequestMappingHandlerAdapter.java:986)
	at org.springframework.web.servlet.mvc.method.annotation.RequestMappingHandlerAdapter.handleInternal(RequestMappingHandlerAdapter.java:891)
	at org.springframework.web.servlet.mvc.method.AbstractHandlerMethodAdapter.handle(AbstractHandlerMethodAdapter.java:87)
	at org.springframework.web.servlet.DispatcherServlet.doDispatch(DispatcherServlet.java:1089)
	at org.springframework.web.servlet.DispatcherServlet.doService(DispatcherServlet.java:979)
	at org.springframework.web.servlet.FrameworkServlet.processRequest(FrameworkServlet.java:1014)
	at org.springframework.web.servlet.FrameworkServlet.doGet(FrameworkServlet.java:903)
	at jakarta.servlet.http.HttpServlet.service(HttpServlet.java:564)
	at org.springframework.web.servlet.FrameworkServlet.service(FrameworkServlet.java:885)
	at jakarta.servlet.http.HttpServlet.service(HttpServlet.java:658)
	at org.apache.catalina.core.ApplicationFilterChain.internalDoFilter(ApplicationFilterChain.java:195)
	at org.apache.catalina.core.ApplicationFilterChain.doFilter(ApplicationFilterChain.java:140)
	at org.apache.tomcat.websocket.server.WsFilter.doFilter(WsFilter.java:51)
	at org.apache.catalina.core.ApplicationFilterChain.internalDoFilter(ApplicationFilterChain.java:164)
	at org.apache.catalina.core.ApplicationFilterChain.doFilter(ApplicationFilterChain.java:140)
	at org.springframework.web.filter.OncePerRequestFilter.doFilter(OncePerRequestFilter.java:110)
	at org.apache.catalina.core.ApplicationFilterChain.internalDoFilter(ApplicationFilterChain.java:164)
	at org.apache.catalina.core.ApplicationFilterChain.doFilter(ApplicationFilterChain.java:140)
	at org.springframework.web.filter.CompositeFilter$VirtualFilterChain.doFilter(CompositeFilter.java:108)
	at org.springframework.security.web.FilterChainProxy.lambda$doFilterInternal$3(FilterChainProxy.java:231)
	at org.springframework.security.web.FilterChainProxy$VirtualFilterChain.doFilter(FilterChainProxy.java:365)
	at org.springframework.security.web.access.intercept.AuthorizationFilter.doFilter(AuthorizationFilter.java:101)
	at org.springframework.security.web.FilterChainProxy$VirtualFilterChain.doFilter(FilterChainProxy.java:374)
	at org.springframework.security.web.access.ExceptionTranslationFilter.doFilter(ExceptionTranslationFilter.java:126)
	at org.springframework.security.web.access.ExceptionTranslationFilter.doFilter(ExceptionTranslationFilter.java:120)
	at org.springframework.security.web.FilterChainProxy$VirtualFilterChain.doFilter(FilterChainProxy.java:374)
	at org.springframework.security.web.session.SessionManagementFilter.doFilter(SessionManagementFilter.java:131)
	at org.springframework.security.web.session.SessionManagementFilter.doFilter(SessionManagementFilter.java:85)
	at org.springframework.security.web.FilterChainProxy$VirtualFilterChain.doFilter(FilterChainProxy.java:374)
	at org.springframework.security.web.authentication.AnonymousAuthenticationFilter.doFilter(AnonymousAuthenticationFilter.java:100)
	at org.springframework.security.web.FilterChainProxy$VirtualFilterChain.doFilter(FilterChainProxy.java:374)
	at org.springframework.security.web.servletapi.SecurityContextHolderAwareRequestFilter.doFilter(SecurityContextHolderAwareRequestFilter.java:179)
	at org.springframework.security.web.FilterChainProxy$VirtualFilterChain.doFilter(FilterChainProxy.java:374)
	at org.springframework.security.web.savedrequest.RequestCacheAwareFilter.doFilter(RequestCacheAwareFilter.java:63)
	at org.springframework.security.web.FilterChainProxy$VirtualFilterChain.doFilter(FilterChainProxy.java:374)
	at br.com.marcielli.bancom.filter.JwtAuthFilter.doFilterInternal(JwtAuthFilter.java:88)
	at org.springframework.web.filter.OncePerRequestFilter.doFilter(OncePerRequestFilter.java:116)
	at org.springframework.security.web.FilterChainProxy$VirtualFilterChain.doFilter(FilterChainProxy.java:374)
	at org.springframework.security.web.authentication.logout.LogoutFilter.doFilter(LogoutFilter.java:107)
	at org.springframework.security.web.authentication.logout.LogoutFilter.doFilter(LogoutFilter.java:93)
	at org.springframework.security.web.FilterChainProxy$VirtualFilterChain.doFilter(FilterChainProxy.java:374)
	at org.springframework.security.web.header.HeaderWriterFilter.doHeadersAfter(HeaderWriterFilter.java:90)
	at org.springframework.security.web.header.HeaderWriterFilter.doFilterInternal(HeaderWriterFilter.java:75)
	at org.springframework.web.filter.OncePerRequestFilter.doFilter(OncePerRequestFilter.java:116)
	at org.springframework.security.web.FilterChainProxy$VirtualFilterChain.doFilter(FilterChainProxy.java:374)
	at org.springframework.security.web.context.SecurityContextHolderFilter.doFilter(SecurityContextHolderFilter.java:82)
	at org.springframework.security.web.context.SecurityContextHolderFilter.doFilter(SecurityContextHolderFilter.java:69)
	at org.springframework.security.web.FilterChainProxy$VirtualFilterChain.doFilter(FilterChainProxy.java:374)
	at org.springframework.security.web.context.request.async.WebAsyncManagerIntegrationFilter.doFilterInternal(WebAsyncManagerIntegrationFilter.java:62)
	at org.springframework.web.filter.OncePerRequestFilter.doFilter(OncePerRequestFilter.java:116)
	at org.springframework.security.web.FilterChainProxy$VirtualFilterChain.doFilter(FilterChainProxy.java:374)
	at org.springframework.security.web.session.DisableEncodeUrlFilter.doFilterInternal(DisableEncodeUrlFilter.java:42)
	at org.springframework.web.filter.OncePerRequestFilter.doFilter(OncePerRequestFilter.java:116)
	at org.springframework.security.web.FilterChainProxy$VirtualFilterChain.doFilter(FilterChainProxy.java:374)
	at org.springframework.security.web.FilterChainProxy.doFilterInternal(FilterChainProxy.java:233)
	at org.springframework.security.web.FilterChainProxy.doFilter(FilterChainProxy.java:191)
	at org.springframework.web.filter.CompositeFilter$VirtualFilterChain.doFilter(CompositeFilter.java:113)
	at org.springframework.web.servlet.handler.HandlerMappingIntrospector.lambda$createCacheFilter$3(HandlerMappingIntrospector.java:243)
	at org.springframework.web.filter.CompositeFilter$VirtualFilterChain.doFilter(CompositeFilter.java:113)
	at org.springframework.web.filter.CompositeFilter.doFilter(CompositeFilter.java:74)
	at org.springframework.security.config.annotation.web.configuration.WebMvcSecurityConfiguration$CompositeFilterChainProxy.doFilter(WebMvcSecurityConfiguration.java:238)
	at org.springframework.web.filter.DelegatingFilterProxy.invokeDelegate(DelegatingFilterProxy.java:362)
	at org.springframework.web.filter.DelegatingFilterProxy.doFilter(DelegatingFilterProxy.java:278)
	at org.apache.catalina.core.ApplicationFilterChain.internalDoFilter(ApplicationFilterChain.java:164)
	at org.apache.catalina.core.ApplicationFilterChain.doFilter(ApplicationFilterChain.java:140)
	at org.springframework.web.filter.RequestContextFilter.doFilterInternal(RequestContextFilter.java:100)
	at org.springframework.web.filter.OncePerRequestFilter.doFilter(OncePerRequestFilter.java:116)
	at org.apache.catalina.core.ApplicationFilterChain.internalDoFilter(ApplicationFilterChain.java:164)
	at org.apache.catalina.core.ApplicationFilterChain.doFilter(ApplicationFilterChain.java:140)
	at org.springframework.web.filter.FormContentFilter.doFilterInternal(FormContentFilter.java:93)
	at org.springframework.web.filter.OncePerRequestFilter.doFilter(OncePerRequestFilter.java:116)
	at org.apache.catalina.core.ApplicationFilterChain.internalDoFilter(ApplicationFilterChain.java:164)
	at org.apache.catalina.core.ApplicationFilterChain.doFilter(ApplicationFilterChain.java:140)
	at org.springframework.web.filter.CharacterEncodingFilter.doFilterInternal(CharacterEncodingFilter.java:201)
	at org.springframework.web.filter.OncePerRequestFilter.doFilter(OncePerRequestFilter.java:116)
	at org.apache.catalina.core.ApplicationFilterChain.internalDoFilter(ApplicationFilterChain.java:164)
	at org.apache.catalina.core.ApplicationFilterChain.doFilter(ApplicationFilterChain.java:140)
	at org.apache.catalina.core.StandardWrapperValve.invoke(StandardWrapperValve.java:167)
	at org.apache.catalina.core.StandardContextValve.invoke(StandardContextValve.java:90)
	at org.apache.catalina.authenticator.AuthenticatorBase.invoke(AuthenticatorBase.java:483)
	at org.apache.catalina.core.StandardHostValve.invoke(StandardHostValve.java:116)
	at org.apache.catalina.valves.ErrorReportValve.invoke(ErrorReportValve.java:93)
	at org.apache.catalina.core.StandardEngineValve.invoke(StandardEngineValve.java:74)
	at org.apache.catalina.connector.CoyoteAdapter.service(CoyoteAdapter.java:344)
	at org.apache.coyote.http11.Http11Processor.service(Http11Processor.java:398)
	at org.apache.coyote.AbstractProcessorLight.process(AbstractProcessorLight.java:63)
	at org.apache.coyote.AbstractProtocol$ConnectionHandler.process(AbstractProtocol.java:903)
	at org.apache.tomcat.util.net.NioEndpoint$SocketProcessor.doRun(NioEndpoint.java:1740)
	at org.apache.tomcat.util.net.SocketProcessorBase.run(SocketProcessorBase.java:52)
	at org.apache.tomcat.util.threads.ThreadPoolExecutor.runWorker(ThreadPoolExecutor.java:1189)
	at org.apache.tomcat.util.threads.ThreadPoolExecutor$Worker.run(ThreadPoolExecutor.java:658)
	at org.apache.tomcat.util.threads.TaskThread$WrappingRunnable.run(TaskThread.java:63)
	at java.base/java.lang.Thread.run(Thread.java:1583)
2025-05-12 19:36:14 [39mDEBUG[0;39m
				[36m[http-nio-8087-exec-3][0;39m [35mo.s.security.web.FilterChainProxy[0;39m - Securing GET /cartoes/4/fatura
2025-05-12 19:36:14 [34mINFO [0;39m
				[36m[http-nio-8087-exec-3][0;39m [35mb.c.m.bancom.filter.JwtAuthFilter[0;39m - Processando requisição para: /cartoes/4/fatura
2025-05-12 19:36:14 [39mDEBUG[0;39m
				[36m[http-nio-8087-exec-3][0;39m [35mo.s.security.web.FilterChainProxy[0;39m - Secured GET /cartoes/4/fatura
2025-05-12 19:36:14 [34mINFO [0;39m
				[36m[http-nio-8087-exec-3][0;39m [35mb.c.m.b.service.UserCartaoService[0;39m - Cartão Id dto 4
2025-05-12 19:36:14 [34mINFO [0;39m
				[36m[http-nio-8087-exec-3][0;39m [35mb.com.marcielli.bancom.dao.CartaoDao[0;39m - Iniciando busca pelo cartão com ID: 4
2025-05-12 19:36:14 [34mINFO [0;39m
				[36m[http-nio-8087-exec-3][0;39m [35mb.com.marcielli.bancom.dao.CartaoDao[0;39m - Cartão encontrado: CartaoCredito(limiteCreditoPreAprovado=4940.00, taxaUtilizacao=null, taxaSeguroViagem=null, totalGastoMesCredito=60)
2025-05-12 19:36:14 [34mINFO [0;39m
				[36m[http-nio-8087-exec-3][0;39m [35mb.c.m.b.service.UserCartaoService[0;39m - cartao.getid: 4
2025-05-12 19:36:14 [34mINFO [0;39m
				[36m[http-nio-8087-exec-3][0;39m [35mb.c.m.b.service.UserCartaoService[0;39m - Cliente basic idClienteCartao: 2
2025-05-12 19:36:14 [34mINFO [0;39m
				[36m[http-nio-8087-exec-3][0;39m [35mb.c.m.b.service.UserCartaoService[0;39m - loggedInUser.getId().longValue(): 2
2025-05-12 19:36:14 [34mINFO [0;39m
				[36m[http-nio-8087-exec-3][0;39m [35mb.c.m.b.m.FaturaWithTransferenciasRowMapper[0;39m - Buscando transferências de crédito para fatura ID: 2
2025-05-12 19:36:14 [34mINFO [0;39m
				[36m[http-nio-8087-exec-3][0;39m [35mb.c.m.bancom.dao.TransferenciaDao[0;39m - Buscando transferências de crédito para fatura ID: 2
2025-05-12 19:36:14 [34mINFO [0;39m
				[36m[http-nio-8087-exec-3][0;39m [35mb.c.m.bancom.dao.TransferenciaDao[0;39m - Transferências de crédito encontradas: 2
2025-05-12 19:36:14 [34mINFO [0;39m
				[36m[http-nio-8087-exec-3][0;39m [35mb.c.m.b.m.FaturaWithTransferenciasRowMapper[0;39m - Transferências de crédito carregadas para fatura ID 2: 2
2025-05-12 19:36:36 [39mDEBUG[0;39m
				[36m[http-nio-8087-exec-4][0;39m [35mo.s.security.web.FilterChainProxy[0;39m - Securing POST /auth/login
2025-05-12 19:36:36 [34mINFO [0;39m
				[36m[http-nio-8087-exec-4][0;39m [35mb.c.m.bancom.filter.JwtAuthFilter[0;39m - Processando requisição para: /auth/login
2025-05-12 19:36:36 [39mDEBUG[0;39m
				[36m[http-nio-8087-exec-4][0;39m [35mo.s.s.w.a.AnonymousAuthenticationFilter[0;39m - Set SecurityContextHolder to anonymous SecurityContext
2025-05-12 19:36:36 [39mDEBUG[0;39m
				[36m[http-nio-8087-exec-4][0;39m [35mo.s.security.web.FilterChainProxy[0;39m - Secured POST /auth/login
2025-05-12 19:36:36 [39mDEBUG[0;39m
				[36m[http-nio-8087-exec-4][0;39m [35mo.s.s.a.d.DaoAuthenticationProvider[0;39m - Authenticated user
2025-05-12 19:36:41 [39mDEBUG[0;39m
				[36m[http-nio-8087-exec-5][0;39m [35mo.s.security.web.FilterChainProxy[0;39m - Securing GET /cartoes/4/fatura
2025-05-12 19:36:41 [34mINFO [0;39m
				[36m[http-nio-8087-exec-5][0;39m [35mb.c.m.bancom.filter.JwtAuthFilter[0;39m - Processando requisição para: /cartoes/4/fatura
2025-05-12 19:36:41 [39mDEBUG[0;39m
				[36m[http-nio-8087-exec-5][0;39m [35mo.s.security.web.FilterChainProxy[0;39m - Secured GET /cartoes/4/fatura
2025-05-12 19:36:41 [34mINFO [0;39m
				[36m[http-nio-8087-exec-5][0;39m [35mb.c.m.b.service.UserCartaoService[0;39m - Cartão Id dto 4
2025-05-12 19:36:41 [34mINFO [0;39m
				[36m[http-nio-8087-exec-5][0;39m [35mb.com.marcielli.bancom.dao.CartaoDao[0;39m - Iniciando busca pelo cartão com ID: 4
2025-05-12 19:36:41 [34mINFO [0;39m
				[36m[http-nio-8087-exec-5][0;39m [35mb.com.marcielli.bancom.dao.CartaoDao[0;39m - Cartão encontrado: CartaoCredito(limiteCreditoPreAprovado=4940.00, taxaUtilizacao=null, taxaSeguroViagem=null, totalGastoMesCredito=60)
2025-05-12 19:36:41 [34mINFO [0;39m
				[36m[http-nio-8087-exec-5][0;39m [35mb.c.m.b.service.UserCartaoService[0;39m - cartao.getid: 4
2025-05-12 19:36:41 [34mINFO [0;39m
				[36m[http-nio-8087-exec-5][0;39m [35mb.c.m.b.m.FaturaWithTransferenciasRowMapper[0;39m - Buscando transferências de crédito para fatura ID: 2
2025-05-12 19:36:41 [34mINFO [0;39m
				[36m[http-nio-8087-exec-5][0;39m [35mb.c.m.bancom.dao.TransferenciaDao[0;39m - Buscando transferências de crédito para fatura ID: 2
2025-05-12 19:36:41 [34mINFO [0;39m
				[36m[http-nio-8087-exec-5][0;39m [35mb.c.m.bancom.dao.TransferenciaDao[0;39m - Transferências de crédito encontradas: 2
2025-05-12 19:36:41 [34mINFO [0;39m
				[36m[http-nio-8087-exec-5][0;39m [35mb.c.m.b.m.FaturaWithTransferenciasRowMapper[0;39m - Transferências de crédito carregadas para fatura ID 2: 2
2025-05-12 19:36:44 [39mDEBUG[0;39m
				[36m[http-nio-8087-exec-6][0;39m [35mo.s.security.web.FilterChainProxy[0;39m - Securing GET /cartoes/1/fatura
2025-05-12 19:36:44 [34mINFO [0;39m
				[36m[http-nio-8087-exec-6][0;39m [35mb.c.m.bancom.filter.JwtAuthFilter[0;39m - Processando requisição para: /cartoes/1/fatura
2025-05-12 19:36:44 [39mDEBUG[0;39m
				[36m[http-nio-8087-exec-6][0;39m [35mo.s.security.web.FilterChainProxy[0;39m - Secured GET /cartoes/1/fatura
2025-05-12 19:36:44 [34mINFO [0;39m
				[36m[http-nio-8087-exec-6][0;39m [35mb.c.m.b.service.UserCartaoService[0;39m - Cartão Id dto 1
2025-05-12 19:36:44 [34mINFO [0;39m
				[36m[http-nio-8087-exec-6][0;39m [35mb.com.marcielli.bancom.dao.CartaoDao[0;39m - Iniciando busca pelo cartão com ID: 1
2025-05-12 19:36:44 [34mINFO [0;39m
				[36m[http-nio-8087-exec-6][0;39m [35mb.com.marcielli.bancom.dao.CartaoDao[0;39m - Cartão encontrado: CartaoCredito(limiteCreditoPreAprovado=4910.00, taxaUtilizacao=null, taxaSeguroViagem=null, totalGastoMesCredito=90)
2025-05-12 19:36:44 [34mINFO [0;39m
				[36m[http-nio-8087-exec-6][0;39m [35mb.c.m.b.service.UserCartaoService[0;39m - cartao.getid: 1
2025-05-12 19:36:44 [34mINFO [0;39m
				[36m[http-nio-8087-exec-6][0;39m [35mb.c.m.b.m.FaturaWithTransferenciasRowMapper[0;39m - Buscando transferências de crédito para fatura ID: 1
2025-05-12 19:36:44 [34mINFO [0;39m
				[36m[http-nio-8087-exec-6][0;39m [35mb.c.m.bancom.dao.TransferenciaDao[0;39m - Buscando transferências de crédito para fatura ID: 1
2025-05-12 19:36:44 [34mINFO [0;39m
				[36m[http-nio-8087-exec-6][0;39m [35mb.c.m.bancom.dao.TransferenciaDao[0;39m - Transferências de crédito encontradas: 3
2025-05-12 19:36:44 [34mINFO [0;39m
				[36m[http-nio-8087-exec-6][0;39m [35mb.c.m.b.m.FaturaWithTransferenciasRowMapper[0;39m - Transferências de crédito carregadas para fatura ID 1: 3
2025-05-12 19:36:50 [39mDEBUG[0;39m
				[36m[http-nio-8087-exec-7][0;39m [35mo.s.security.web.FilterChainProxy[0;39m - Securing GET /cartoes/2/fatura
2025-05-12 19:36:50 [34mINFO [0;39m
				[36m[http-nio-8087-exec-7][0;39m [35mb.c.m.bancom.filter.JwtAuthFilter[0;39m - Processando requisição para: /cartoes/2/fatura
2025-05-12 19:36:50 [39mDEBUG[0;39m
				[36m[http-nio-8087-exec-7][0;39m [35mo.s.security.web.FilterChainProxy[0;39m - Secured GET /cartoes/2/fatura
2025-05-12 19:36:50 [34mINFO [0;39m
				[36m[http-nio-8087-exec-7][0;39m [35mb.c.m.b.service.UserCartaoService[0;39m - Cartão Id dto 2
2025-05-12 19:36:50 [34mINFO [0;39m
				[36m[http-nio-8087-exec-7][0;39m [35mb.com.marcielli.bancom.dao.CartaoDao[0;39m - Iniciando busca pelo cartão com ID: 2
2025-05-12 19:36:50 [34mINFO [0;39m
				[36m[http-nio-8087-exec-7][0;39m [35mb.com.marcielli.bancom.dao.CartaoDao[0;39m - Cartão encontrado: CartaoDebito(limiteDiarioTransacao=2000.00, totalGastoMes=0)
2025-05-12 19:36:50 [34mINFO [0;39m
				[36m[http-nio-8087-exec-7][0;39m [35mb.c.m.b.service.UserCartaoService[0;39m - cartao.getid: 2
2025-05-12 19:36:50 [34mINFO [0;39m
				[36m[http-nio-8087-exec-7][0;39m [35mb.c.m.b.service.UserCartaoService[0;39m - Tentativa de consultar fatura para cartão de débito ID: 2
2025-05-12 19:36:50 [1;31mERROR[0;39m
				[36m[http-nio-8087-exec-7][0;39m [35mb.c.m.b.service.UserClienteService[0;39m - Erro ocorrido: Faturas só estão disponíveis para cartões de crédito.
2025-05-12 19:36:54 [39mDEBUG[0;39m
				[36m[http-nio-8087-exec-9][0;39m [35mo.s.security.web.FilterChainProxy[0;39m - Securing GET /cartoes/3/fatura
2025-05-12 19:36:54 [34mINFO [0;39m
				[36m[http-nio-8087-exec-9][0;39m [35mb.c.m.bancom.filter.JwtAuthFilter[0;39m - Processando requisição para: /cartoes/3/fatura
2025-05-12 19:36:54 [39mDEBUG[0;39m
				[36m[http-nio-8087-exec-9][0;39m [35mo.s.security.web.FilterChainProxy[0;39m - Secured GET /cartoes/3/fatura
2025-05-12 19:36:54 [34mINFO [0;39m
				[36m[http-nio-8087-exec-9][0;39m [35mb.c.m.b.service.UserCartaoService[0;39m - Cartão Id dto 3
2025-05-12 19:36:54 [34mINFO [0;39m
				[36m[http-nio-8087-exec-9][0;39m [35mb.com.marcielli.bancom.dao.CartaoDao[0;39m - Iniciando busca pelo cartão com ID: 3
2025-05-12 19:36:54 [34mINFO [0;39m
				[36m[http-nio-8087-exec-9][0;39m [35mb.com.marcielli.bancom.dao.CartaoDao[0;39m - Cartão encontrado: CartaoCredito(limiteCreditoPreAprovado=5000.00, taxaUtilizacao=null, taxaSeguroViagem=null, totalGastoMesCredito=0)
2025-05-12 19:36:54 [34mINFO [0;39m
				[36m[http-nio-8087-exec-9][0;39m [35mb.c.m.b.service.UserCartaoService[0;39m - cartao.getid: 3
2025-05-12 19:36:54 [34mINFO [0;39m
				[36m[http-nio-8087-exec-9][0;39m [35mb.c.m.b.service.UserCartaoService[0;39m - Nenhuma fatura encontrada para cartão ID: 3
2025-05-12 19:36:56 [39mDEBUG[0;39m
				[36m[http-nio-8087-exec-10][0;39m [35mo.s.security.web.FilterChainProxy[0;39m - Securing GET /cartoes/4/fatura
2025-05-12 19:36:56 [34mINFO [0;39m
				[36m[http-nio-8087-exec-10][0;39m [35mb.c.m.bancom.filter.JwtAuthFilter[0;39m - Processando requisição para: /cartoes/4/fatura
2025-05-12 19:36:56 [39mDEBUG[0;39m
				[36m[http-nio-8087-exec-10][0;39m [35mo.s.security.web.FilterChainProxy[0;39m - Secured GET /cartoes/4/fatura
2025-05-12 19:36:56 [34mINFO [0;39m
				[36m[http-nio-8087-exec-10][0;39m [35mb.c.m.b.service.UserCartaoService[0;39m - Cartão Id dto 4
2025-05-12 19:36:56 [34mINFO [0;39m
				[36m[http-nio-8087-exec-10][0;39m [35mb.com.marcielli.bancom.dao.CartaoDao[0;39m - Iniciando busca pelo cartão com ID: 4
2025-05-12 19:36:56 [34mINFO [0;39m
				[36m[http-nio-8087-exec-10][0;39m [35mb.com.marcielli.bancom.dao.CartaoDao[0;39m - Cartão encontrado: CartaoCredito(limiteCreditoPreAprovado=4940.00, taxaUtilizacao=null, taxaSeguroViagem=null, totalGastoMesCredito=60)
2025-05-12 19:36:56 [34mINFO [0;39m
				[36m[http-nio-8087-exec-10][0;39m [35mb.c.m.b.service.UserCartaoService[0;39m - cartao.getid: 4
2025-05-12 19:36:56 [34mINFO [0;39m
				[36m[http-nio-8087-exec-10][0;39m [35mb.c.m.b.m.FaturaWithTransferenciasRowMapper[0;39m - Buscando transferências de crédito para fatura ID: 2
2025-05-12 19:36:56 [34mINFO [0;39m
				[36m[http-nio-8087-exec-10][0;39m [35mb.c.m.bancom.dao.TransferenciaDao[0;39m - Buscando transferências de crédito para fatura ID: 2
2025-05-12 19:36:56 [34mINFO [0;39m
				[36m[http-nio-8087-exec-10][0;39m [35mb.c.m.bancom.dao.TransferenciaDao[0;39m - Transferências de crédito encontradas: 2
2025-05-12 19:36:56 [34mINFO [0;39m
				[36m[http-nio-8087-exec-10][0;39m [35mb.c.m.b.m.FaturaWithTransferenciasRowMapper[0;39m - Transferências de crédito carregadas para fatura ID 2: 2
2025-05-12 19:37:00 [39mDEBUG[0;39m
				[36m[http-nio-8087-exec-1][0;39m [35mo.s.security.web.FilterChainProxy[0;39m - Securing GET /cartoes/5/fatura
2025-05-12 19:37:00 [34mINFO [0;39m
				[36m[http-nio-8087-exec-1][0;39m [35mb.c.m.bancom.filter.JwtAuthFilter[0;39m - Processando requisição para: /cartoes/5/fatura
2025-05-12 19:37:00 [39mDEBUG[0;39m
				[36m[http-nio-8087-exec-1][0;39m [35mo.s.security.web.FilterChainProxy[0;39m - Secured GET /cartoes/5/fatura
2025-05-12 19:37:00 [34mINFO [0;39m
				[36m[http-nio-8087-exec-1][0;39m [35mb.c.m.b.service.UserCartaoService[0;39m - Cartão Id dto 5
2025-05-12 19:37:00 [34mINFO [0;39m
				[36m[http-nio-8087-exec-1][0;39m [35mb.com.marcielli.bancom.dao.CartaoDao[0;39m - Iniciando busca pelo cartão com ID: 5
2025-05-12 19:37:00 [1;31mERROR[0;39m
				[36m[http-nio-8087-exec-1][0;39m [35mb.com.marcielli.bancom.dao.CartaoDao[0;39m - Nenhum cartão encontrado para o ID: 5
org.springframework.dao.EmptyResultDataAccessException: Incorrect result size: expected 1, actual 0
	at org.springframework.dao.support.DataAccessUtils.nullableSingleResult(DataAccessUtils.java:194)
	at org.springframework.jdbc.core.JdbcTemplate.queryForObject(JdbcTemplate.java:897)
	at br.com.marcielli.bancom.dao.CartaoDao.findById(CartaoDao.java:154)
	at br.com.marcielli.bancom.service.UserCartaoService.verFaturaCartaoCredito(UserCartaoService.java:596)
	at java.base/jdk.internal.reflect.DirectMethodHandleAccessor.invoke(DirectMethodHandleAccessor.java:103)
	at java.base/java.lang.reflect.Method.invoke(Method.java:580)
	at org.springframework.aop.support.AopUtils.invokeJoinpointUsingReflection(AopUtils.java:359)
	at org.springframework.aop.framework.ReflectiveMethodInvocation.invokeJoinpoint(ReflectiveMethodInvocation.java:196)
	at org.springframework.aop.framework.ReflectiveMethodInvocation.proceed(ReflectiveMethodInvocation.java:163)
	at org.springframework.transaction.interceptor.TransactionAspectSupport.invokeWithinTransaction(TransactionAspectSupport.java:380)
	at org.springframework.transaction.interceptor.TransactionInterceptor.invoke(TransactionInterceptor.java:119)
	at org.springframework.aop.framework.ReflectiveMethodInvocation.proceed(ReflectiveMethodInvocation.java:184)
	at org.springframework.aop.framework.CglibAopProxy$DynamicAdvisedInterceptor.intercept(CglibAopProxy.java:728)
	at br.com.marcielli.bancom.service.UserCartaoService$$SpringCGLIB$$0.verFaturaCartaoCredito(<generated>)
	at br.com.marcielli.bancom.controller.UserCartaoController.getFaturaCartaoDeCredito(UserCartaoController.java:167)
	at java.base/jdk.internal.reflect.DirectMethodHandleAccessor.invoke(DirectMethodHandleAccessor.java:103)
	at java.base/java.lang.reflect.Method.invoke(Method.java:580)
	at org.springframework.web.method.support.InvocableHandlerMethod.doInvoke(InvocableHandlerMethod.java:258)
	at org.springframework.web.method.support.InvocableHandlerMethod.invokeForRequest(InvocableHandlerMethod.java:191)
	at org.springframework.web.servlet.mvc.method.annotation.ServletInvocableHandlerMethod.invokeAndHandle(ServletInvocableHandlerMethod.java:118)
	at org.springframework.web.servlet.mvc.method.annotation.RequestMappingHandlerAdapter.invokeHandlerMethod(RequestMappingHandlerAdapter.java:986)
	at org.springframework.web.servlet.mvc.method.annotation.RequestMappingHandlerAdapter.handleInternal(RequestMappingHandlerAdapter.java:891)
	at org.springframework.web.servlet.mvc.method.AbstractHandlerMethodAdapter.handle(AbstractHandlerMethodAdapter.java:87)
	at org.springframework.web.servlet.DispatcherServlet.doDispatch(DispatcherServlet.java:1089)
	at org.springframework.web.servlet.DispatcherServlet.doService(DispatcherServlet.java:979)
	at org.springframework.web.servlet.FrameworkServlet.processRequest(FrameworkServlet.java:1014)
	at org.springframework.web.servlet.FrameworkServlet.doGet(FrameworkServlet.java:903)
	at jakarta.servlet.http.HttpServlet.service(HttpServlet.java:564)
	at org.springframework.web.servlet.FrameworkServlet.service(FrameworkServlet.java:885)
	at jakarta.servlet.http.HttpServlet.service(HttpServlet.java:658)
	at org.apache.catalina.core.ApplicationFilterChain.internalDoFilter(ApplicationFilterChain.java:195)
	at org.apache.catalina.core.ApplicationFilterChain.doFilter(ApplicationFilterChain.java:140)
	at org.apache.tomcat.websocket.server.WsFilter.doFilter(WsFilter.java:51)
	at org.apache.catalina.core.ApplicationFilterChain.internalDoFilter(ApplicationFilterChain.java:164)
	at org.apache.catalina.core.ApplicationFilterChain.doFilter(ApplicationFilterChain.java:140)
	at org.springframework.web.filter.OncePerRequestFilter.doFilter(OncePerRequestFilter.java:110)
	at org.apache.catalina.core.ApplicationFilterChain.internalDoFilter(ApplicationFilterChain.java:164)
	at org.apache.catalina.core.ApplicationFilterChain.doFilter(ApplicationFilterChain.java:140)
	at org.springframework.web.filter.CompositeFilter$VirtualFilterChain.doFilter(CompositeFilter.java:108)
	at org.springframework.security.web.FilterChainProxy.lambda$doFilterInternal$3(FilterChainProxy.java:231)
	at org.springframework.security.web.FilterChainProxy$VirtualFilterChain.doFilter(FilterChainProxy.java:365)
	at org.springframework.security.web.access.intercept.AuthorizationFilter.doFilter(AuthorizationFilter.java:101)
	at org.springframework.security.web.FilterChainProxy$VirtualFilterChain.doFilter(FilterChainProxy.java:374)
	at org.springframework.security.web.access.ExceptionTranslationFilter.doFilter(ExceptionTranslationFilter.java:126)
	at org.springframework.security.web.access.ExceptionTranslationFilter.doFilter(ExceptionTranslationFilter.java:120)
	at org.springframework.security.web.FilterChainProxy$VirtualFilterChain.doFilter(FilterChainProxy.java:374)
	at org.springframework.security.web.session.SessionManagementFilter.doFilter(SessionManagementFilter.java:131)
	at org.springframework.security.web.session.SessionManagementFilter.doFilter(SessionManagementFilter.java:85)
	at org.springframework.security.web.FilterChainProxy$VirtualFilterChain.doFilter(FilterChainProxy.java:374)
	at org.springframework.security.web.authentication.AnonymousAuthenticationFilter.doFilter(AnonymousAuthenticationFilter.java:100)
	at org.springframework.security.web.FilterChainProxy$VirtualFilterChain.doFilter(FilterChainProxy.java:374)
	at org.springframework.security.web.servletapi.SecurityContextHolderAwareRequestFilter.doFilter(SecurityContextHolderAwareRequestFilter.java:179)
	at org.springframework.security.web.FilterChainProxy$VirtualFilterChain.doFilter(FilterChainProxy.java:374)
	at org.springframework.security.web.savedrequest.RequestCacheAwareFilter.doFilter(RequestCacheAwareFilter.java:63)
	at org.springframework.security.web.FilterChainProxy$VirtualFilterChain.doFilter(FilterChainProxy.java:374)
	at br.com.marcielli.bancom.filter.JwtAuthFilter.doFilterInternal(JwtAuthFilter.java:88)
	at org.springframework.web.filter.OncePerRequestFilter.doFilter(OncePerRequestFilter.java:116)
	at org.springframework.security.web.FilterChainProxy$VirtualFilterChain.doFilter(FilterChainProxy.java:374)
	at org.springframework.security.web.authentication.logout.LogoutFilter.doFilter(LogoutFilter.java:107)
	at org.springframework.security.web.authentication.logout.LogoutFilter.doFilter(LogoutFilter.java:93)
	at org.springframework.security.web.FilterChainProxy$VirtualFilterChain.doFilter(FilterChainProxy.java:374)
	at org.springframework.security.web.header.HeaderWriterFilter.doHeadersAfter(HeaderWriterFilter.java:90)
	at org.springframework.security.web.header.HeaderWriterFilter.doFilterInternal(HeaderWriterFilter.java:75)
	at org.springframework.web.filter.OncePerRequestFilter.doFilter(OncePerRequestFilter.java:116)
	at org.springframework.security.web.FilterChainProxy$VirtualFilterChain.doFilter(FilterChainProxy.java:374)
	at org.springframework.security.web.context.SecurityContextHolderFilter.doFilter(SecurityContextHolderFilter.java:82)
	at org.springframework.security.web.context.SecurityContextHolderFilter.doFilter(SecurityContextHolderFilter.java:69)
	at org.springframework.security.web.FilterChainProxy$VirtualFilterChain.doFilter(FilterChainProxy.java:374)
	at org.springframework.security.web.context.request.async.WebAsyncManagerIntegrationFilter.doFilterInternal(WebAsyncManagerIntegrationFilter.java:62)
	at org.springframework.web.filter.OncePerRequestFilter.doFilter(OncePerRequestFilter.java:116)
	at org.springframework.security.web.FilterChainProxy$VirtualFilterChain.doFilter(FilterChainProxy.java:374)
	at org.springframework.security.web.session.DisableEncodeUrlFilter.doFilterInternal(DisableEncodeUrlFilter.java:42)
	at org.springframework.web.filter.OncePerRequestFilter.doFilter(OncePerRequestFilter.java:116)
	at org.springframework.security.web.FilterChainProxy$VirtualFilterChain.doFilter(FilterChainProxy.java:374)
	at org.springframework.security.web.FilterChainProxy.doFilterInternal(FilterChainProxy.java:233)
	at org.springframework.security.web.FilterChainProxy.doFilter(FilterChainProxy.java:191)
	at org.springframework.web.filter.CompositeFilter$VirtualFilterChain.doFilter(CompositeFilter.java:113)
	at org.springframework.web.servlet.handler.HandlerMappingIntrospector.lambda$createCacheFilter$3(HandlerMappingIntrospector.java:243)
	at org.springframework.web.filter.CompositeFilter$VirtualFilterChain.doFilter(CompositeFilter.java:113)
	at org.springframework.web.filter.CompositeFilter.doFilter(CompositeFilter.java:74)
	at org.springframework.security.config.annotation.web.configuration.WebMvcSecurityConfiguration$CompositeFilterChainProxy.doFilter(WebMvcSecurityConfiguration.java:238)
	at org.springframework.web.filter.DelegatingFilterProxy.invokeDelegate(DelegatingFilterProxy.java:362)
	at org.springframework.web.filter.DelegatingFilterProxy.doFilter(DelegatingFilterProxy.java:278)
	at org.apache.catalina.core.ApplicationFilterChain.internalDoFilter(ApplicationFilterChain.java:164)
	at org.apache.catalina.core.ApplicationFilterChain.doFilter(ApplicationFilterChain.java:140)
	at org.springframework.web.filter.RequestContextFilter.doFilterInternal(RequestContextFilter.java:100)
	at org.springframework.web.filter.OncePerRequestFilter.doFilter(OncePerRequestFilter.java:116)
	at org.apache.catalina.core.ApplicationFilterChain.internalDoFilter(ApplicationFilterChain.java:164)
	at org.apache.catalina.core.ApplicationFilterChain.doFilter(ApplicationFilterChain.java:140)
	at org.springframework.web.filter.FormContentFilter.doFilterInternal(FormContentFilter.java:93)
	at org.springframework.web.filter.OncePerRequestFilter.doFilter(OncePerRequestFilter.java:116)
	at org.apache.catalina.core.ApplicationFilterChain.internalDoFilter(ApplicationFilterChain.java:164)
	at org.apache.catalina.core.ApplicationFilterChain.doFilter(ApplicationFilterChain.java:140)
	at org.springframework.web.filter.CharacterEncodingFilter.doFilterInternal(CharacterEncodingFilter.java:201)
	at org.springframework.web.filter.OncePerRequestFilter.doFilter(OncePerRequestFilter.java:116)
	at org.apache.catalina.core.ApplicationFilterChain.internalDoFilter(ApplicationFilterChain.java:164)
	at org.apache.catalina.core.ApplicationFilterChain.doFilter(ApplicationFilterChain.java:140)
	at org.apache.catalina.core.StandardWrapperValve.invoke(StandardWrapperValve.java:167)
	at org.apache.catalina.core.StandardContextValve.invoke(StandardContextValve.java:90)
	at org.apache.catalina.authenticator.AuthenticatorBase.invoke(AuthenticatorBase.java:483)
	at org.apache.catalina.core.StandardHostValve.invoke(StandardHostValve.java:116)
	at org.apache.catalina.valves.ErrorReportValve.invoke(ErrorReportValve.java:93)
	at org.apache.catalina.core.StandardEngineValve.invoke(StandardEngineValve.java:74)
	at org.apache.catalina.connector.CoyoteAdapter.service(CoyoteAdapter.java:344)
	at org.apache.coyote.http11.Http11Processor.service(Http11Processor.java:398)
	at org.apache.coyote.AbstractProcessorLight.process(AbstractProcessorLight.java:63)
	at org.apache.coyote.AbstractProtocol$ConnectionHandler.process(AbstractProtocol.java:903)
	at org.apache.tomcat.util.net.NioEndpoint$SocketProcessor.doRun(NioEndpoint.java:1740)
	at org.apache.tomcat.util.net.SocketProcessorBase.run(SocketProcessorBase.java:52)
	at org.apache.tomcat.util.threads.ThreadPoolExecutor.runWorker(ThreadPoolExecutor.java:1189)
	at org.apache.tomcat.util.threads.ThreadPoolExecutor$Worker.run(ThreadPoolExecutor.java:658)
	at org.apache.tomcat.util.threads.TaskThread$WrappingRunnable.run(TaskThread.java:63)
	at java.base/java.lang.Thread.run(Thread.java:1583)
2025-05-12 19:37:03 [39mDEBUG[0;39m
				[36m[http-nio-8087-exec-2][0;39m [35mo.s.security.web.FilterChainProxy[0;39m - Securing GET /cartoes/4/fatura
2025-05-12 19:37:03 [34mINFO [0;39m
				[36m[http-nio-8087-exec-2][0;39m [35mb.c.m.bancom.filter.JwtAuthFilter[0;39m - Processando requisição para: /cartoes/4/fatura
2025-05-12 19:37:03 [39mDEBUG[0;39m
				[36m[http-nio-8087-exec-2][0;39m [35mo.s.security.web.FilterChainProxy[0;39m - Secured GET /cartoes/4/fatura
2025-05-12 19:37:03 [34mINFO [0;39m
				[36m[http-nio-8087-exec-2][0;39m [35mb.c.m.b.service.UserCartaoService[0;39m - Cartão Id dto 4
2025-05-12 19:37:03 [34mINFO [0;39m
				[36m[http-nio-8087-exec-2][0;39m [35mb.com.marcielli.bancom.dao.CartaoDao[0;39m - Iniciando busca pelo cartão com ID: 4
2025-05-12 19:37:03 [34mINFO [0;39m
				[36m[http-nio-8087-exec-2][0;39m [35mb.com.marcielli.bancom.dao.CartaoDao[0;39m - Cartão encontrado: CartaoCredito(limiteCreditoPreAprovado=4940.00, taxaUtilizacao=null, taxaSeguroViagem=null, totalGastoMesCredito=60)
2025-05-12 19:37:03 [34mINFO [0;39m
				[36m[http-nio-8087-exec-2][0;39m [35mb.c.m.b.service.UserCartaoService[0;39m - cartao.getid: 4
2025-05-12 19:37:03 [34mINFO [0;39m
				[36m[http-nio-8087-exec-2][0;39m [35mb.c.m.b.m.FaturaWithTransferenciasRowMapper[0;39m - Buscando transferências de crédito para fatura ID: 2
2025-05-12 19:37:03 [34mINFO [0;39m
				[36m[http-nio-8087-exec-2][0;39m [35mb.c.m.bancom.dao.TransferenciaDao[0;39m - Buscando transferências de crédito para fatura ID: 2
2025-05-12 19:37:03 [34mINFO [0;39m
				[36m[http-nio-8087-exec-2][0;39m [35mb.c.m.bancom.dao.TransferenciaDao[0;39m - Transferências de crédito encontradas: 2
2025-05-12 19:37:03 [34mINFO [0;39m
				[36m[http-nio-8087-exec-2][0;39m [35mb.c.m.b.m.FaturaWithTransferenciasRowMapper[0;39m - Transferências de crédito carregadas para fatura ID 2: 2
