2025-05-06 20:53:01 [34mINFO [0;39m
				[36m[background-preinit][0;39m [35mo.h.validator.internal.util.Version[0;39m - HV000001: Hibernate Validator 8.0.2.Final
2025-05-06 20:53:01 [34mINFO [0;39m
				[36m[main][0;39m [35mb.c.m.bancom.BancoMApplication[0;39m - Starting BancoMApplication using Java 21.0.6 with PID 5072 (C:\Users\Marcielli\eclipse-workspace\bancom\target\classes started by Marcielli in C:\Users\Marcielli\eclipse-workspace\bancom)
2025-05-06 20:53:01 [34mINFO [0;39m
				[36m[main][0;39m [35mb.c.m.bancom.BancoMApplication[0;39m - No active profile set, falling back to 1 default profile: "default"
2025-05-06 20:53:02 [34mINFO [0;39m
				[36m[main][0;39m [35mo.a.coyote.http11.Http11NioProtocol[0;39m - Initializing ProtocolHandler ["http-nio-8087"]
2025-05-06 20:53:02 [34mINFO [0;39m
				[36m[main][0;39m [35mo.a.catalina.core.StandardService[0;39m - Starting service [Tomcat]
2025-05-06 20:53:02 [34mINFO [0;39m
				[36m[main][0;39m [35mo.a.catalina.core.StandardEngine[0;39m - Starting Servlet engine: [Apache Tomcat/10.1.40]
2025-05-06 20:53:02 [34mINFO [0;39m
				[36m[main][0;39m [35mo.a.c.c.C.[Tomcat].[localhost].[/][0;39m - Initializing Spring embedded WebApplicationContext
2025-05-06 20:53:02 [34mINFO [0;39m
				[36m[main][0;39m [35mcom.zaxxer.hikari.HikariDataSource[0;39m - HikariPool-1 - Starting...
2025-05-06 20:53:03 [34mINFO [0;39m
				[36m[main][0;39m [35mcom.zaxxer.hikari.pool.HikariPool[0;39m - HikariPool-1 - Added connection org.postgresql.jdbc.PgConnection@16a3cc88
2025-05-06 20:53:03 [34mINFO [0;39m
				[36m[main][0;39m [35mcom.zaxxer.hikari.HikariDataSource[0;39m - HikariPool-1 - Start completed.
2025-05-06 20:53:03 [34mINFO [0;39m
				[36m[main][0;39m [35mo.s.s.c.a.a.c.InitializeUserDetailsBeanManagerConfigurer$InitializeUserDetailsManagerConfigurer[0;39m - Global AuthenticationManager configured with UserDetailsService bean with name userClienteService
2025-05-06 20:53:03 [39mDEBUG[0;39m
				[36m[main][0;39m [35mo.s.s.web.DefaultSecurityFilterChain[0;39m - Will secure any request with filters: DisableEncodeUrlFilter, WebAsyncManagerIntegrationFilter, SecurityContextHolderFilter, HeaderWriterFilter, LogoutFilter, JwtAuthFilter, RequestCacheAwareFilter, SecurityContextHolderAwareRequestFilter, AnonymousAuthenticationFilter, SessionManagementFilter, ExceptionTranslationFilter, AuthorizationFilter
2025-05-06 20:53:03 [34mINFO [0;39m
				[36m[main][0;39m [35mo.a.coyote.http11.Http11NioProtocol[0;39m - Starting ProtocolHandler ["http-nio-8087"]
2025-05-06 20:53:03 [34mINFO [0;39m
				[36m[main][0;39m [35mb.c.m.bancom.BancoMApplication[0;39m - Started BancoMApplication in 2.531 seconds (process running for 2.759)
2025-05-06 20:53:07 [34mINFO [0;39m
				[36m[http-nio-8087-exec-2][0;39m [35mo.a.c.c.C.[Tomcat].[localhost].[/][0;39m - Initializing Spring DispatcherServlet 'dispatcherServlet'
2025-05-06 20:53:07 [39mDEBUG[0;39m
				[36m[http-nio-8087-exec-2][0;39m [35mo.s.security.web.FilterChainProxy[0;39m - Securing POST /cartoes/1/pagamento
2025-05-06 20:53:07 [39mDEBUG[0;39m
				[36m[http-nio-8087-exec-2][0;39m [35mo.s.security.web.FilterChainProxy[0;39m - Secured POST /cartoes/1/pagamento
2025-05-06 20:53:08 [34mINFO [0;39m
				[36m[http-nio-8087-exec-2][0;39m [35mb.c.m.b.service.UserCartaoService[0;39m - Atualizando cartão débito: cartaoId=2, total_gasto_mes=54
2025-05-06 20:53:08 [34mINFO [0;39m
				[36m[http-nio-8087-exec-2][0;39m [35mb.c.m.b.service.UserCartaoService[0;39m - Salvando transferência: contaOrigemId=2, contaDestinoId=1, valor=27
2025-05-06 20:53:08 [34mINFO [0;39m
				[36m[http-nio-8087-exec-2][0;39m [35mb.c.m.b.service.UserCartaoService[0;39m - Persistindo alterações: contaOrigemId=2, contaDestinoId=1, cartaoId=2
2025-05-06 20:53:08 [34mINFO [0;39m
				[36m[http-nio-8087-exec-2][0;39m [35mb.com.marcielli.bancom.dao.CartaoDao[0;39m - Atualizando cartão: id=2, total_gasto_mes=54
2025-05-06 20:53:12 [39mDEBUG[0;39m
				[36m[http-nio-8087-exec-3][0;39m [35mo.s.security.web.FilterChainProxy[0;39m - Securing GET /contas
2025-05-06 20:53:12 [39mDEBUG[0;39m
				[36m[http-nio-8087-exec-3][0;39m [35mo.s.security.web.FilterChainProxy[0;39m - Secured GET /contas
2025-05-06 20:53:16 [39mDEBUG[0;39m
				[36m[http-nio-8087-exec-4][0;39m [35mo.s.security.web.FilterChainProxy[0;39m - Securing GET /users
2025-05-06 20:53:16 [39mDEBUG[0;39m
				[36m[http-nio-8087-exec-4][0;39m [35mo.s.security.web.FilterChainProxy[0;39m - Secured GET /users
2025-05-06 20:54:15 [39mDEBUG[0;39m
				[36m[http-nio-8087-exec-5][0;39m [35mo.s.security.web.FilterChainProxy[0;39m - Securing POST /cartoes/1/pagamento
2025-05-06 20:54:15 [39mDEBUG[0;39m
				[36m[http-nio-8087-exec-5][0;39m [35mo.s.security.web.FilterChainProxy[0;39m - Secured POST /cartoes/1/pagamento
2025-05-06 20:54:15 [34mINFO [0;39m
				[36m[http-nio-8087-exec-5][0;39m [35mb.c.m.b.service.UserCartaoService[0;39m - Atualizando cartão débito: cartaoId=2, total_gasto_mes=57
2025-05-06 20:54:15 [34mINFO [0;39m
				[36m[http-nio-8087-exec-5][0;39m [35mb.c.m.b.service.UserCartaoService[0;39m - Salvando transferência: contaOrigemId=2, contaDestinoId=1, valor=3
2025-05-06 20:54:15 [34mINFO [0;39m
				[36m[http-nio-8087-exec-5][0;39m [35mb.c.m.b.service.UserCartaoService[0;39m - Persistindo alterações: contaOrigemId=2, contaDestinoId=1, cartaoId=2
2025-05-06 20:54:15 [34mINFO [0;39m
				[36m[http-nio-8087-exec-5][0;39m [35mb.com.marcielli.bancom.dao.CartaoDao[0;39m - Atualizando cartão: id=2, total_gasto_mes=57
2025-05-06 20:54:22 [39mDEBUG[0;39m
				[36m[http-nio-8087-exec-6][0;39m [35mo.s.security.web.FilterChainProxy[0;39m - Securing GET /users
2025-05-06 20:54:22 [39mDEBUG[0;39m
				[36m[http-nio-8087-exec-6][0;39m [35mo.s.security.web.FilterChainProxy[0;39m - Secured GET /users
