2025-04-24 21:18:09 [34mINFO [0;39m [36m[background-preinit][0;39m [35mo.h.validator.internal.util.Version[0;39m - HV000001: Hibernate Validator 8.0.2.Final
2025-04-24 21:18:09 [34mINFO [0;39m [36m[main][0;39m [35mb.c.m.BancoM.BancoMApplication[0;39m - Starting BancoMApplication using Java 21.0.6 with PID 13304 (C:\Users\Marcielli\eclipse-workspace\BancoM\target\classes started by Marcielli in C:\Users\Marcielli\eclipse-workspace\BancoM)
2025-04-24 21:18:09 [34mINFO [0;39m [36m[main][0;39m [35mb.c.m.BancoM.BancoMApplication[0;39m - No active profile set, falling back to 1 default profile: "default"
2025-04-24 21:18:11 [34mINFO [0;39m [36m[main][0;39m [35mo.a.coyote.http11.Http11NioProtocol[0;39m - Initializing ProtocolHandler ["http-nio-8086"]
2025-04-24 21:18:11 [34mINFO [0;39m [36m[main][0;39m [35mo.a.catalina.core.StandardService[0;39m - Starting service [Tomcat]
2025-04-24 21:18:11 [34mINFO [0;39m [36m[main][0;39m [35mo.a.catalina.core.StandardEngine[0;39m - Starting Servlet engine: [Apache Tomcat/10.1.39]
2025-04-24 21:18:11 [34mINFO [0;39m [36m[main][0;39m [35mo.a.c.c.C.[Tomcat].[localhost].[/][0;39m - Initializing Spring embedded WebApplicationContext
2025-04-24 21:18:11 [34mINFO [0;39m [36m[main][0;39m [35mo.h.jpa.internal.util.LogHelper[0;39m - HHH000204: Processing PersistenceUnitInfo [name: default]
2025-04-24 21:18:11 [34mINFO [0;39m [36m[main][0;39m [35morg.hibernate.Version[0;39m - HHH000412: Hibernate ORM core version 6.6.11.Final
2025-04-24 21:18:11 [34mINFO [0;39m [36m[main][0;39m [35mo.h.c.i.RegionFactoryInitiator[0;39m - HHH000026: Second-level cache disabled
2025-04-24 21:18:11 [34mINFO [0;39m [36m[main][0;39m [35mcom.zaxxer.hikari.HikariDataSource[0;39m - HikariPool-1 - Starting...
2025-04-24 21:18:11 [34mINFO [0;39m [36m[main][0;39m [35mcom.zaxxer.hikari.pool.HikariPool[0;39m - HikariPool-1 - Added connection conn0: url=jdbc:h2:mem:testdb user=SA
2025-04-24 21:18:11 [34mINFO [0;39m [36m[main][0;39m [35mcom.zaxxer.hikari.HikariDataSource[0;39m - HikariPool-1 - Start completed.
2025-04-24 21:18:11 [34mINFO [0;39m [36m[main][0;39m [35mo.hibernate.orm.connections.pooling[0;39m - HHH10001005: Database info:
	Database JDBC URL [Connecting through datasource 'HikariDataSource (HikariPool-1)']
	Database driver: undefined/unknown
	Database version: 2.3.232
	Autocommit mode: undefined/unknown
	Isolation level: undefined/unknown
	Minimum pool size: undefined/unknown
	Maximum pool size: undefined/unknown
2025-04-24 21:18:12 [34mINFO [0;39m [36m[main][0;39m [35mo.h.e.t.j.p.i.JtaPlatformInitiator[0;39m - HHH000489: No JTA platform available (set 'hibernate.transaction.jta.platform' to enable JTA platform integration)
2025-04-24 21:18:13 [31mWARN [0;39m [36m[main][0;39m [35mo.s.b.a.o.j.JpaBaseConfiguration$JpaWebConfiguration[0;39m - spring.jpa.open-in-view is enabled by default. Therefore, database queries may be performed during view rendering. Explicitly configure spring.jpa.open-in-view to disable this warning
2025-04-24 21:18:13 [39mDEBUG[0;39m [36m[main][0;39m [35mo.s.s.c.a.a.c.AuthenticationConfiguration$DefaultPasswordEncoderAuthenticationManagerBuilder[0;39m - No authenticationProviders and no parentAuthenticationManager defined. Returning null.
2025-04-24 21:18:13 [39mDEBUG[0;39m [36m[main][0;39m [35mo.s.s.web.DefaultSecurityFilterChain[0;39m - Will secure any request with filters: DisableEncodeUrlFilter, WebAsyncManagerIntegrationFilter, SecurityContextHolderFilter, HeaderWriterFilter, LogoutFilter, BearerTokenAuthenticationFilter, RequestCacheAwareFilter, SecurityContextHolderAwareRequestFilter, AnonymousAuthenticationFilter, SessionManagementFilter, ExceptionTranslationFilter, AuthorizationFilter
2025-04-24 21:18:13 [34mINFO [0;39m [36m[main][0;39m [35mo.a.coyote.http11.Http11NioProtocol[0;39m - Starting ProtocolHandler ["http-nio-8086"]
2025-04-24 21:18:13 [34mINFO [0;39m [36m[main][0;39m [35mb.c.m.BancoM.BancoMApplication[0;39m - Started BancoMApplication in 4.293 seconds (process running for 4.533)
2025-04-24 21:19:52 [34mINFO [0;39m [36m[http-nio-8086-exec-2][0;39m [35mo.a.c.c.C.[Tomcat].[localhost].[/][0;39m - Initializing Spring DispatcherServlet 'dispatcherServlet'
2025-04-24 21:19:52 [39mDEBUG[0;39m [36m[http-nio-8086-exec-2][0;39m [35mo.s.security.web.FilterChainProxy[0;39m - Securing POST /users
2025-04-24 21:19:52 [39mDEBUG[0;39m [36m[http-nio-8086-exec-2][0;39m [35mo.s.s.w.a.AnonymousAuthenticationFilter[0;39m - Set SecurityContextHolder to anonymous SecurityContext
2025-04-24 21:19:52 [39mDEBUG[0;39m [36m[http-nio-8086-exec-2][0;39m [35mo.s.security.web.FilterChainProxy[0;39m - Secured POST /users
2025-04-24 21:19:55 [39mDEBUG[0;39m [36m[http-nio-8086-exec-1][0;39m [35mo.s.security.web.FilterChainProxy[0;39m - Securing POST /login
2025-04-24 21:19:55 [39mDEBUG[0;39m [36m[http-nio-8086-exec-1][0;39m [35mo.s.s.w.a.AnonymousAuthenticationFilter[0;39m - Set SecurityContextHolder to anonymous SecurityContext
2025-04-24 21:19:55 [39mDEBUG[0;39m [36m[http-nio-8086-exec-1][0;39m [35mo.s.security.web.FilterChainProxy[0;39m - Secured POST /login
2025-04-24 21:20:07 [39mDEBUG[0;39m [36m[http-nio-8086-exec-5][0;39m [35mo.s.security.web.FilterChainProxy[0;39m - Securing POST /login
2025-04-24 21:20:07 [39mDEBUG[0;39m [36m[http-nio-8086-exec-5][0;39m [35mo.s.s.w.a.AnonymousAuthenticationFilter[0;39m - Set SecurityContextHolder to anonymous SecurityContext
2025-04-24 21:20:07 [39mDEBUG[0;39m [36m[http-nio-8086-exec-5][0;39m [35mo.s.security.web.FilterChainProxy[0;39m - Secured POST /login
2025-04-24 21:20:15 [39mDEBUG[0;39m [36m[http-nio-8086-exec-4][0;39m [35mo.s.security.web.FilterChainProxy[0;39m - Securing POST /contas
2025-04-24 21:20:15 [39mDEBUG[0;39m [36m[http-nio-8086-exec-4][0;39m [35mo.s.s.o.s.r.a.JwtAuthenticationProvider[0;39m - Authenticated token
2025-04-24 21:20:15 [39mDEBUG[0;39m [36m[http-nio-8086-exec-4][0;39m [35mo.s.s.o.s.r.w.a.BearerTokenAuthenticationFilter[0;39m - Set SecurityContextHolder to JwtAuthenticationToken [Principal=org.springframework.security.oauth2.jwt.Jwt@8374f010, Credentials=[PROTECTED], Authenticated=true, Details=WebAuthenticationDetails [RemoteIpAddress=0:0:0:0:0:0:0:1, SessionId=null], Granted Authorities=[SCOPE_ADMIN]]
2025-04-24 21:20:15 [39mDEBUG[0;39m [36m[http-nio-8086-exec-4][0;39m [35mo.s.security.web.FilterChainProxy[0;39m - Secured POST /contas
2025-04-24 21:20:15 [39mDEBUG[0;39m [36m[http-nio-8086-exec-4][0;39m [35mo.s.s.a.m.AuthorizationManagerBeforeMethodInterceptor[0;39m - Authorizing method invocation ReflectiveMethodInvocation: public org.springframework.http.ResponseEntity br.com.marcielli.BancoM.controller.UserContaController.createConta(br.com.marcielli.BancoM.dto.security.ContaCreateDTO,org.springframework.security.oauth2.server.resource.authentication.JwtAuthenticationToken); target is of class [br.com.marcielli.BancoM.controller.UserContaController]
2025-04-24 21:20:15 [39mDEBUG[0;39m [36m[http-nio-8086-exec-4][0;39m [35mo.s.s.a.m.AuthorizationManagerBeforeMethodInterceptor[0;39m - Authorized method invocation ReflectiveMethodInvocation: public org.springframework.http.ResponseEntity br.com.marcielli.BancoM.controller.UserContaController.createConta(br.com.marcielli.BancoM.dto.security.ContaCreateDTO,org.springframework.security.oauth2.server.resource.authentication.JwtAuthenticationToken); target is of class [br.com.marcielli.BancoM.controller.UserContaController]
2025-04-24 21:20:17 [39mDEBUG[0;39m [36m[http-nio-8086-exec-6][0;39m [35mo.s.security.web.FilterChainProxy[0;39m - Securing POST /contas
2025-04-24 21:20:17 [39mDEBUG[0;39m [36m[http-nio-8086-exec-6][0;39m [35mo.s.s.o.s.r.a.JwtAuthenticationProvider[0;39m - Authenticated token
2025-04-24 21:20:17 [39mDEBUG[0;39m [36m[http-nio-8086-exec-6][0;39m [35mo.s.s.o.s.r.w.a.BearerTokenAuthenticationFilter[0;39m - Set SecurityContextHolder to JwtAuthenticationToken [Principal=org.springframework.security.oauth2.jwt.Jwt@8374f010, Credentials=[PROTECTED], Authenticated=true, Details=WebAuthenticationDetails [RemoteIpAddress=0:0:0:0:0:0:0:1, SessionId=null], Granted Authorities=[SCOPE_ADMIN]]
2025-04-24 21:20:17 [39mDEBUG[0;39m [36m[http-nio-8086-exec-6][0;39m [35mo.s.security.web.FilterChainProxy[0;39m - Secured POST /contas
2025-04-24 21:20:17 [39mDEBUG[0;39m [36m[http-nio-8086-exec-6][0;39m [35mo.s.s.a.m.AuthorizationManagerBeforeMethodInterceptor[0;39m - Authorizing method invocation ReflectiveMethodInvocation: public org.springframework.http.ResponseEntity br.com.marcielli.BancoM.controller.UserContaController.createConta(br.com.marcielli.BancoM.dto.security.ContaCreateDTO,org.springframework.security.oauth2.server.resource.authentication.JwtAuthenticationToken); target is of class [br.com.marcielli.BancoM.controller.UserContaController]
2025-04-24 21:20:17 [39mDEBUG[0;39m [36m[http-nio-8086-exec-6][0;39m [35mo.s.s.a.m.AuthorizationManagerBeforeMethodInterceptor[0;39m - Authorized method invocation ReflectiveMethodInvocation: public org.springframework.http.ResponseEntity br.com.marcielli.BancoM.controller.UserContaController.createConta(br.com.marcielli.BancoM.dto.security.ContaCreateDTO,org.springframework.security.oauth2.server.resource.authentication.JwtAuthenticationToken); target is of class [br.com.marcielli.BancoM.controller.UserContaController]
2025-04-24 21:20:22 [39mDEBUG[0;39m [36m[http-nio-8086-exec-7][0;39m [35mo.s.security.web.FilterChainProxy[0;39m - Securing PUT /contas/2/manutencao
2025-04-24 21:20:22 [39mDEBUG[0;39m [36m[http-nio-8086-exec-7][0;39m [35mo.s.s.o.s.r.a.JwtAuthenticationProvider[0;39m - Authenticated token
2025-04-24 21:20:22 [39mDEBUG[0;39m [36m[http-nio-8086-exec-7][0;39m [35mo.s.s.o.s.r.w.a.BearerTokenAuthenticationFilter[0;39m - Set SecurityContextHolder to JwtAuthenticationToken [Principal=org.springframework.security.oauth2.jwt.Jwt@8374f010, Credentials=[PROTECTED], Authenticated=true, Details=WebAuthenticationDetails [RemoteIpAddress=0:0:0:0:0:0:0:1, SessionId=null], Granted Authorities=[SCOPE_ADMIN]]
2025-04-24 21:20:22 [39mDEBUG[0;39m [36m[http-nio-8086-exec-7][0;39m [35mo.s.security.web.FilterChainProxy[0;39m - Secured PUT /contas/2/manutencao
2025-04-24 21:20:22 [31mWARN [0;39m [36m[http-nio-8086-exec-7][0;39m [35mo.s.web.servlet.PageNotFound[0;39m - No mapping for PUT /contas/2/manutencao
2025-04-24 21:22:13 [34mINFO [0;39m [36m[background-preinit][0;39m [35mo.h.validator.internal.util.Version[0;39m - HV000001: Hibernate Validator 8.0.2.Final
2025-04-24 21:22:13 [34mINFO [0;39m [36m[main][0;39m [35mb.c.m.BancoM.BancoMApplication[0;39m - Starting BancoMApplication using Java 21.0.6 with PID 5420 (C:\Users\Marcielli\eclipse-workspace\BancoM\target\classes started by Marcielli in C:\Users\Marcielli\eclipse-workspace\BancoM)
2025-04-24 21:22:13 [34mINFO [0;39m [36m[main][0;39m [35mb.c.m.BancoM.BancoMApplication[0;39m - No active profile set, falling back to 1 default profile: "default"
2025-04-24 21:22:14 [34mINFO [0;39m [36m[main][0;39m [35mo.a.coyote.http11.Http11NioProtocol[0;39m - Initializing ProtocolHandler ["http-nio-8086"]
2025-04-24 21:22:14 [34mINFO [0;39m [36m[main][0;39m [35mo.a.catalina.core.StandardService[0;39m - Starting service [Tomcat]
2025-04-24 21:22:14 [34mINFO [0;39m [36m[main][0;39m [35mo.a.catalina.core.StandardEngine[0;39m - Starting Servlet engine: [Apache Tomcat/10.1.39]
2025-04-24 21:22:14 [34mINFO [0;39m [36m[main][0;39m [35mo.a.c.c.C.[Tomcat].[localhost].[/][0;39m - Initializing Spring embedded WebApplicationContext
2025-04-24 21:22:14 [34mINFO [0;39m [36m[main][0;39m [35mo.h.jpa.internal.util.LogHelper[0;39m - HHH000204: Processing PersistenceUnitInfo [name: default]
2025-04-24 21:22:14 [34mINFO [0;39m [36m[main][0;39m [35morg.hibernate.Version[0;39m - HHH000412: Hibernate ORM core version 6.6.11.Final
2025-04-24 21:22:14 [34mINFO [0;39m [36m[main][0;39m [35mo.h.c.i.RegionFactoryInitiator[0;39m - HHH000026: Second-level cache disabled
2025-04-24 21:22:14 [34mINFO [0;39m [36m[main][0;39m [35mcom.zaxxer.hikari.HikariDataSource[0;39m - HikariPool-1 - Starting...
2025-04-24 21:22:14 [34mINFO [0;39m [36m[main][0;39m [35mcom.zaxxer.hikari.pool.HikariPool[0;39m - HikariPool-1 - Added connection conn0: url=jdbc:h2:mem:testdb user=SA
2025-04-24 21:22:14 [34mINFO [0;39m [36m[main][0;39m [35mcom.zaxxer.hikari.HikariDataSource[0;39m - HikariPool-1 - Start completed.
2025-04-24 21:22:14 [34mINFO [0;39m [36m[main][0;39m [35mo.hibernate.orm.connections.pooling[0;39m - HHH10001005: Database info:
	Database JDBC URL [Connecting through datasource 'HikariDataSource (HikariPool-1)']
	Database driver: undefined/unknown
	Database version: 2.3.232
	Autocommit mode: undefined/unknown
	Isolation level: undefined/unknown
	Minimum pool size: undefined/unknown
	Maximum pool size: undefined/unknown
2025-04-24 21:22:15 [34mINFO [0;39m [36m[main][0;39m [35mo.h.e.t.j.p.i.JtaPlatformInitiator[0;39m - HHH000489: No JTA platform available (set 'hibernate.transaction.jta.platform' to enable JTA platform integration)
2025-04-24 21:22:16 [31mWARN [0;39m [36m[main][0;39m [35mo.s.b.a.o.j.JpaBaseConfiguration$JpaWebConfiguration[0;39m - spring.jpa.open-in-view is enabled by default. Therefore, database queries may be performed during view rendering. Explicitly configure spring.jpa.open-in-view to disable this warning
2025-04-24 21:22:16 [39mDEBUG[0;39m [36m[main][0;39m [35mo.s.s.c.a.a.c.AuthenticationConfiguration$DefaultPasswordEncoderAuthenticationManagerBuilder[0;39m - No authenticationProviders and no parentAuthenticationManager defined. Returning null.
2025-04-24 21:22:16 [39mDEBUG[0;39m [36m[main][0;39m [35mo.s.s.web.DefaultSecurityFilterChain[0;39m - Will secure any request with filters: DisableEncodeUrlFilter, WebAsyncManagerIntegrationFilter, SecurityContextHolderFilter, HeaderWriterFilter, LogoutFilter, BearerTokenAuthenticationFilter, RequestCacheAwareFilter, SecurityContextHolderAwareRequestFilter, AnonymousAuthenticationFilter, SessionManagementFilter, ExceptionTranslationFilter, AuthorizationFilter
2025-04-24 21:22:16 [34mINFO [0;39m [36m[main][0;39m [35mo.a.coyote.http11.Http11NioProtocol[0;39m - Starting ProtocolHandler ["http-nio-8086"]
2025-04-24 21:22:16 [34mINFO [0;39m [36m[main][0;39m [35mb.c.m.BancoM.BancoMApplication[0;39m - Started BancoMApplication in 4.075 seconds (process running for 4.315)
2025-04-24 21:24:54 [34mINFO [0;39m [36m[background-preinit][0;39m [35mo.h.validator.internal.util.Version[0;39m - HV000001: Hibernate Validator 8.0.2.Final
2025-04-24 21:24:54 [34mINFO [0;39m [36m[main][0;39m [35mb.c.m.BancoM.BancoMApplication[0;39m - Starting BancoMApplication using Java 21.0.6 with PID 11412 (C:\Users\Marcielli\eclipse-workspace\BancoM\target\classes started by Marcielli in C:\Users\Marcielli\eclipse-workspace\BancoM)
2025-04-24 21:24:54 [34mINFO [0;39m [36m[main][0;39m [35mb.c.m.BancoM.BancoMApplication[0;39m - No active profile set, falling back to 1 default profile: "default"
2025-04-24 21:24:55 [34mINFO [0;39m [36m[main][0;39m [35mo.a.coyote.http11.Http11NioProtocol[0;39m - Initializing ProtocolHandler ["http-nio-8086"]
2025-04-24 21:24:55 [34mINFO [0;39m [36m[main][0;39m [35mo.a.catalina.core.StandardService[0;39m - Starting service [Tomcat]
2025-04-24 21:24:55 [34mINFO [0;39m [36m[main][0;39m [35mo.a.catalina.core.StandardEngine[0;39m - Starting Servlet engine: [Apache Tomcat/10.1.39]
2025-04-24 21:24:55 [34mINFO [0;39m [36m[main][0;39m [35mo.a.c.c.C.[Tomcat].[localhost].[/][0;39m - Initializing Spring embedded WebApplicationContext
2025-04-24 21:24:55 [34mINFO [0;39m [36m[main][0;39m [35mo.h.jpa.internal.util.LogHelper[0;39m - HHH000204: Processing PersistenceUnitInfo [name: default]
2025-04-24 21:24:55 [34mINFO [0;39m [36m[main][0;39m [35morg.hibernate.Version[0;39m - HHH000412: Hibernate ORM core version 6.6.11.Final
2025-04-24 21:24:55 [34mINFO [0;39m [36m[main][0;39m [35mo.h.c.i.RegionFactoryInitiator[0;39m - HHH000026: Second-level cache disabled
2025-04-24 21:24:55 [34mINFO [0;39m [36m[main][0;39m [35mcom.zaxxer.hikari.HikariDataSource[0;39m - HikariPool-1 - Starting...
2025-04-24 21:24:55 [34mINFO [0;39m [36m[main][0;39m [35mcom.zaxxer.hikari.pool.HikariPool[0;39m - HikariPool-1 - Added connection conn0: url=jdbc:h2:mem:testdb user=SA
2025-04-24 21:24:55 [34mINFO [0;39m [36m[main][0;39m [35mcom.zaxxer.hikari.HikariDataSource[0;39m - HikariPool-1 - Start completed.
2025-04-24 21:24:56 [34mINFO [0;39m [36m[main][0;39m [35mo.hibernate.orm.connections.pooling[0;39m - HHH10001005: Database info:
	Database JDBC URL [Connecting through datasource 'HikariDataSource (HikariPool-1)']
	Database driver: undefined/unknown
	Database version: 2.3.232
	Autocommit mode: undefined/unknown
	Isolation level: undefined/unknown
	Minimum pool size: undefined/unknown
	Maximum pool size: undefined/unknown
2025-04-24 21:24:56 [34mINFO [0;39m [36m[main][0;39m [35mo.h.e.t.j.p.i.JtaPlatformInitiator[0;39m - HHH000489: No JTA platform available (set 'hibernate.transaction.jta.platform' to enable JTA platform integration)
2025-04-24 21:24:57 [31mWARN [0;39m [36m[main][0;39m [35mo.s.b.a.o.j.JpaBaseConfiguration$JpaWebConfiguration[0;39m - spring.jpa.open-in-view is enabled by default. Therefore, database queries may be performed during view rendering. Explicitly configure spring.jpa.open-in-view to disable this warning
2025-04-24 21:24:57 [39mDEBUG[0;39m [36m[main][0;39m [35mo.s.s.c.a.a.c.AuthenticationConfiguration$DefaultPasswordEncoderAuthenticationManagerBuilder[0;39m - No authenticationProviders and no parentAuthenticationManager defined. Returning null.
2025-04-24 21:24:57 [39mDEBUG[0;39m [36m[main][0;39m [35mo.s.s.web.DefaultSecurityFilterChain[0;39m - Will secure any request with filters: DisableEncodeUrlFilter, WebAsyncManagerIntegrationFilter, SecurityContextHolderFilter, HeaderWriterFilter, LogoutFilter, BearerTokenAuthenticationFilter, RequestCacheAwareFilter, SecurityContextHolderAwareRequestFilter, AnonymousAuthenticationFilter, SessionManagementFilter, ExceptionTranslationFilter, AuthorizationFilter
2025-04-24 21:24:57 [34mINFO [0;39m [36m[main][0;39m [35mo.a.coyote.http11.Http11NioProtocol[0;39m - Starting ProtocolHandler ["http-nio-8086"]
2025-04-24 21:24:57 [34mINFO [0;39m [36m[main][0;39m [35mb.c.m.BancoM.BancoMApplication[0;39m - Started BancoMApplication in 3.924 seconds (process running for 4.163)
2025-04-24 21:25:02 [34mINFO [0;39m [36m[http-nio-8086-exec-1][0;39m [35mo.a.c.c.C.[Tomcat].[localhost].[/][0;39m - Initializing Spring DispatcherServlet 'dispatcherServlet'
2025-04-24 21:25:02 [39mDEBUG[0;39m [36m[http-nio-8086-exec-1][0;39m [35mo.s.security.web.FilterChainProxy[0;39m - Securing POST /login
2025-04-24 21:25:02 [39mDEBUG[0;39m [36m[http-nio-8086-exec-1][0;39m [35mo.s.s.w.a.AnonymousAuthenticationFilter[0;39m - Set SecurityContextHolder to anonymous SecurityContext
2025-04-24 21:25:02 [39mDEBUG[0;39m [36m[http-nio-8086-exec-1][0;39m [35mo.s.security.web.FilterChainProxy[0;39m - Secured POST /login
2025-04-24 21:25:29 [39mDEBUG[0;39m [36m[http-nio-8086-exec-3][0;39m [35mo.s.security.web.FilterChainProxy[0;39m - Securing GET /users
2025-04-24 21:25:29 [39mDEBUG[0;39m [36m[http-nio-8086-exec-3][0;39m [35mo.s.s.o.s.r.a.JwtAuthenticationProvider[0;39m - Authenticated token
2025-04-24 21:25:29 [39mDEBUG[0;39m [36m[http-nio-8086-exec-3][0;39m [35mo.s.s.o.s.r.w.a.BearerTokenAuthenticationFilter[0;39m - Set SecurityContextHolder to JwtAuthenticationToken [Principal=org.springframework.security.oauth2.jwt.Jwt@24765626, Credentials=[PROTECTED], Authenticated=true, Details=WebAuthenticationDetails [RemoteIpAddress=0:0:0:0:0:0:0:1, SessionId=null], Granted Authorities=[SCOPE_ADMIN]]
2025-04-24 21:25:29 [39mDEBUG[0;39m [36m[http-nio-8086-exec-3][0;39m [35mo.s.security.web.FilterChainProxy[0;39m - Secured GET /users
2025-04-24 21:25:29 [39mDEBUG[0;39m [36m[http-nio-8086-exec-3][0;39m [35mo.s.s.a.m.AuthorizationManagerBeforeMethodInterceptor[0;39m - Authorizing method invocation ReflectiveMethodInvocation: public org.springframework.http.ResponseEntity br.com.marcielli.BancoM.controller.UserClienteController.listUsers(); target is of class [br.com.marcielli.BancoM.controller.UserClienteController]
2025-04-24 21:25:29 [39mDEBUG[0;39m [36m[http-nio-8086-exec-3][0;39m [35mo.s.s.a.m.AuthorizationManagerBeforeMethodInterceptor[0;39m - Authorized method invocation ReflectiveMethodInvocation: public org.springframework.http.ResponseEntity br.com.marcielli.BancoM.controller.UserClienteController.listUsers(); target is of class [br.com.marcielli.BancoM.controller.UserClienteController]
